<html>
  <head>
    <META http-equiv="Content-Type" content="text/html; charset=utf-8">
    <style type="text/css">
body
{
}
div.PageTitle
{
    color:Blue;
    font-size:x-large;
}
div.TimeStamp
{
    color:Gray;
    padding-bottom:20px;
}
div.OverallGrade
{
    padding-top:20px;
    font-size:x-large;
    color:Navy;
    text-align:right;
}
div.MaxGrade
{
    font-size:larger;
    text-align:right;
}
/* No special formatting, for now
div.Overall_Feedback
{
	
}
*/
table.ST_Table
{
    border-collapse:collapse;
    border: thin solid black;
    border: solid 2px Black;
}
div.ExerciseTitle
{
    color:Blue;
    font-size:x-large;
    font-weight:bold;
    border-top: solid 2px Black;
}
div.FailedTests
{
    text-align:left;
    color:Red;
    font-size:large;
    font-weight:bold;
}
div.PassedTests
{
    text-align:left;
    color:Green;
    font-size:large;
    font-weight:bold;
}
td.FT_GradingCategory
{
    color:Black;
    font-weight:bold;
    border-bottom-width:0px;
    border-right-width:0px;
}
td.FT_PointPenalty
{
    border-bottom-width:0px;
    border-left-width:0px;
    text-align:center;
/*    width:30px; */
    color:Red;
    background-color:#EEEEEE;
}
td.FT_Explanation
{
    border-top-width:0px;
    font-weight:bold;
    padding-bottom:5px;
    border-bottom-width:0px;
    background-color:#FFFFF2;
}
table.FT_ListOfTests
{
    margin: 20px;
    border-collapse:collapse;
    border: thin solid black;
    border: solid 2px Black;
    background-color:#EEEEEE;
}
td.FT_TestName
{
    border-bottom-width:0px;
    border-right-width:0px;
    padding-top:5px;
    background-color:#FFFFF2;
}
td.FT_TestExplanation
{
    border-bottom:dotted 2px #676767;
}
tr.UnassignedCategory
{
    background-color:Yellow;
}
tr.MissingCategory
{
    background-color:Red;
}
div.Disclaimer
{
	padding-top:10px;
	padding-left:10%;
	padding-right:10%;
	color:Gray;
}
</style>
  </head>
  <body>
    <div class="PageTitle">					Grade Results for 
					PCE 03</div>
    <div class="TimeStamp">					(This test was run at 
					2014/04/15 @ 12:46:38</div>
    <div class="Overall_Feedback"><OverallFeedback>
    <p>Thank you for handing in these PCEs!</p>
  </OverallFeedback></div>
    <table class="ST_Table" width="100%" border="1">
      <tr>
        <td colspan="2">
          <div class="ExerciseTitle">Test_Queue_SmartArray_Basic</div>
        </td>
      </tr>
      <tr>
        <td>
          <div class="FailedTests">Failed Tests</div>
        </td>
        <td class="FT_PointPenalty">Point Penalty</td>
      </tr>
      <tr>
        <td class="FT_GradingCategory">                        Grading Category: 
						<i>SmartArray Basics</i></td>
        <td class="FT_PointPenalty">-1</td>
      </tr>
      <tr>
        <td class="FT_Explanation" colspan="2">
    There is a problem with your SmartArray and/or your
    Stack, and/or your Queue.  This test fails if any of those fail to
    pass the tests in Test_SmartArray_Basic.  You can tell which one based
    on whether the word in big blue title, above, starts with Test_Queue...,
    Test_SmartArray..., or Test_Stack...
   </td>
      </tr>
      <tr>
        <td colspan="2" style="border-top-width:0px">                    This penalty was triggered by the failure of the following tests:
					<table class="FT_ListOfTests">
            <tr>
              <td></td>
            </tr>
            <tr>
              <td class="FT_TestName">PCE_StarterProject.Test_Queue_SmartArray_Basic.Find_Value_Absent(-10)</td>
            </tr>
            <tr>
              <td class="FT_TestExplanation"><br><b>Error Message From The Test Itself:</b><br><pre>System.Exception : YOU NEED TO IMPLEMENT THIS!</pre><br><b>Stack Trace From The Test Itself:</b><br><pre>at PCE_StarterProject.SmartArray.Find(Int32 val) in E:\Work\Website\Courses\BIT143\Lessons\Lesson_03\PCEs\PCE_03_VS_2010_NUnit_2_5_ExceptionHandling\03_PCE_StudentCode\Student_Answers.cs:line 115
at PCE_StarterProject.Test_SmartArray_Basic.Find_Value_Absent(Int32 val) in E:\Work\Website\Courses\BIT143\Lessons\Lesson_03\PCEs\PCE_03_VS_2010_NUnit_2_5_ExceptionHandling\02_PCE_ForTests\PCE_Tests_To_Run.cs:line 287
</pre>
              </td>
            </tr>
            <tr>
              <td class="FT_TestName">PCE_StarterProject.Test_Queue_SmartArray_Basic.Find_Value_Absent(10)</td>
            </tr>
            <tr>
              <td class="FT_TestExplanation"><br><b>Error Message From The Test Itself:</b><br><pre>System.Exception : YOU NEED TO IMPLEMENT THIS!</pre><br><b>Stack Trace From The Test Itself:</b><br><pre>at PCE_StarterProject.SmartArray.Find(Int32 val) in E:\Work\Website\Courses\BIT143\Lessons\Lesson_03\PCEs\PCE_03_VS_2010_NUnit_2_5_ExceptionHandling\03_PCE_StudentCode\Student_Answers.cs:line 115
at PCE_StarterProject.Test_SmartArray_Basic.Find_Value_Absent(Int32 val) in E:\Work\Website\Courses\BIT143\Lessons\Lesson_03\PCEs\PCE_03_VS_2010_NUnit_2_5_ExceptionHandling\02_PCE_ForTests\PCE_Tests_To_Run.cs:line 287
</pre>
              </td>
            </tr>
            <tr>
              <td class="FT_TestName">PCE_StarterProject.Test_Queue_SmartArray_Basic.Find_Value_Absent(200)</td>
            </tr>
            <tr>
              <td class="FT_TestExplanation"><br><b>Error Message From The Test Itself:</b><br><pre>System.Exception : YOU NEED TO IMPLEMENT THIS!</pre><br><b>Stack Trace From The Test Itself:</b><br><pre>at PCE_StarterProject.SmartArray.Find(Int32 val) in E:\Work\Website\Courses\BIT143\Lessons\Lesson_03\PCEs\PCE_03_VS_2010_NUnit_2_5_ExceptionHandling\03_PCE_StudentCode\Student_Answers.cs:line 115
at PCE_StarterProject.Test_SmartArray_Basic.Find_Value_Absent(Int32 val) in E:\Work\Website\Courses\BIT143\Lessons\Lesson_03\PCEs\PCE_03_VS_2010_NUnit_2_5_ExceptionHandling\02_PCE_ForTests\PCE_Tests_To_Run.cs:line 287
</pre>
              </td>
            </tr>
            <tr>
              <td class="FT_TestName">PCE_StarterProject.Test_Queue_SmartArray_Basic.Find_Value_Absent(20)</td>
            </tr>
            <tr>
              <td class="FT_TestExplanation"><br><b>Error Message From The Test Itself:</b><br><pre>System.Exception : YOU NEED TO IMPLEMENT THIS!</pre><br><b>Stack Trace From The Test Itself:</b><br><pre>at PCE_StarterProject.SmartArray.Find(Int32 val) in E:\Work\Website\Courses\BIT143\Lessons\Lesson_03\PCEs\PCE_03_VS_2010_NUnit_2_5_ExceptionHandling\03_PCE_StudentCode\Student_Answers.cs:line 115
at PCE_StarterProject.Test_SmartArray_Basic.Find_Value_Absent(Int32 val) in E:\Work\Website\Courses\BIT143\Lessons\Lesson_03\PCEs\PCE_03_VS_2010_NUnit_2_5_ExceptionHandling\02_PCE_ForTests\PCE_Tests_To_Run.cs:line 287
</pre>
              </td>
            </tr>
            <tr>
              <td class="FT_TestName">PCE_StarterProject.Test_Queue_SmartArray_Basic.Find_Value_Present(0,-10)</td>
            </tr>
            <tr>
              <td class="FT_TestExplanation"><br><b>Error Message From The Test Itself:</b><br><pre>System.Exception : YOU NEED TO IMPLEMENT THIS!</pre><br><b>Stack Trace From The Test Itself:</b><br><pre>at PCE_StarterProject.SmartArray.Find(Int32 val) in E:\Work\Website\Courses\BIT143\Lessons\Lesson_03\PCEs\PCE_03_VS_2010_NUnit_2_5_ExceptionHandling\03_PCE_StudentCode\Student_Answers.cs:line 115
at PCE_StarterProject.Test_SmartArray_Basic.Find_Value_Present(Int32 index, Int32 val) in E:\Work\Website\Courses\BIT143\Lessons\Lesson_03\PCEs\PCE_03_VS_2010_NUnit_2_5_ExceptionHandling\02_PCE_ForTests\PCE_Tests_To_Run.cs:line 251
</pre>
              </td>
            </tr>
            <tr>
              <td class="FT_TestName">PCE_StarterProject.Test_Queue_SmartArray_Basic.Find_Value_Present(0,10)</td>
            </tr>
            <tr>
              <td class="FT_TestExplanation"><br><b>Error Message From The Test Itself:</b><br><pre>System.Exception : YOU NEED TO IMPLEMENT THIS!</pre><br><b>Stack Trace From The Test Itself:</b><br><pre>at PCE_StarterProject.SmartArray.Find(Int32 val) in E:\Work\Website\Courses\BIT143\Lessons\Lesson_03\PCEs\PCE_03_VS_2010_NUnit_2_5_ExceptionHandling\03_PCE_StudentCode\Student_Answers.cs:line 115
at PCE_StarterProject.Test_SmartArray_Basic.Find_Value_Present(Int32 index, Int32 val) in E:\Work\Website\Courses\BIT143\Lessons\Lesson_03\PCEs\PCE_03_VS_2010_NUnit_2_5_ExceptionHandling\02_PCE_ForTests\PCE_Tests_To_Run.cs:line 251
</pre>
              </td>
            </tr>
            <tr>
              <td class="FT_TestName">PCE_StarterProject.Test_Queue_SmartArray_Basic.Find_Value_Present(0,200)</td>
            </tr>
            <tr>
              <td class="FT_TestExplanation"><br><b>Error Message From The Test Itself:</b><br><pre>System.Exception : YOU NEED TO IMPLEMENT THIS!</pre><br><b>Stack Trace From The Test Itself:</b><br><pre>at PCE_StarterProject.SmartArray.Find(Int32 val) in E:\Work\Website\Courses\BIT143\Lessons\Lesson_03\PCEs\PCE_03_VS_2010_NUnit_2_5_ExceptionHandling\03_PCE_StudentCode\Student_Answers.cs:line 115
at PCE_StarterProject.Test_SmartArray_Basic.Find_Value_Present(Int32 index, Int32 val) in E:\Work\Website\Courses\BIT143\Lessons\Lesson_03\PCEs\PCE_03_VS_2010_NUnit_2_5_ExceptionHandling\02_PCE_ForTests\PCE_Tests_To_Run.cs:line 251
</pre>
              </td>
            </tr>
            <tr>
              <td class="FT_TestName">PCE_StarterProject.Test_Queue_SmartArray_Basic.Find_Value_Present(0,20)</td>
            </tr>
            <tr>
              <td class="FT_TestExplanation"><br><b>Error Message From The Test Itself:</b><br><pre>System.Exception : YOU NEED TO IMPLEMENT THIS!</pre><br><b>Stack Trace From The Test Itself:</b><br><pre>at PCE_StarterProject.SmartArray.Find(Int32 val) in E:\Work\Website\Courses\BIT143\Lessons\Lesson_03\PCEs\PCE_03_VS_2010_NUnit_2_5_ExceptionHandling\03_PCE_StudentCode\Student_Answers.cs:line 115
at PCE_StarterProject.Test_SmartArray_Basic.Find_Value_Present(Int32 index, Int32 val) in E:\Work\Website\Courses\BIT143\Lessons\Lesson_03\PCEs\PCE_03_VS_2010_NUnit_2_5_ExceptionHandling\02_PCE_ForTests\PCE_Tests_To_Run.cs:line 251
</pre>
              </td>
            </tr>
            <tr>
              <td class="FT_TestName">PCE_StarterProject.Test_Queue_SmartArray_Basic.Find_Value_Present(1,-10)</td>
            </tr>
            <tr>
              <td class="FT_TestExplanation"><br><b>Error Message From The Test Itself:</b><br><pre>System.Exception : YOU NEED TO IMPLEMENT THIS!</pre><br><b>Stack Trace From The Test Itself:</b><br><pre>at PCE_StarterProject.SmartArray.Find(Int32 val) in E:\Work\Website\Courses\BIT143\Lessons\Lesson_03\PCEs\PCE_03_VS_2010_NUnit_2_5_ExceptionHandling\03_PCE_StudentCode\Student_Answers.cs:line 115
at PCE_StarterProject.Test_SmartArray_Basic.Find_Value_Present(Int32 index, Int32 val) in E:\Work\Website\Courses\BIT143\Lessons\Lesson_03\PCEs\PCE_03_VS_2010_NUnit_2_5_ExceptionHandling\02_PCE_ForTests\PCE_Tests_To_Run.cs:line 251
</pre>
              </td>
            </tr>
            <tr>
              <td class="FT_TestName">PCE_StarterProject.Test_Queue_SmartArray_Basic.Find_Value_Present(1,10)</td>
            </tr>
            <tr>
              <td class="FT_TestExplanation"><br><b>Error Message From The Test Itself:</b><br><pre>System.Exception : YOU NEED TO IMPLEMENT THIS!</pre><br><b>Stack Trace From The Test Itself:</b><br><pre>at PCE_StarterProject.SmartArray.Find(Int32 val) in E:\Work\Website\Courses\BIT143\Lessons\Lesson_03\PCEs\PCE_03_VS_2010_NUnit_2_5_ExceptionHandling\03_PCE_StudentCode\Student_Answers.cs:line 115
at PCE_StarterProject.Test_SmartArray_Basic.Find_Value_Present(Int32 index, Int32 val) in E:\Work\Website\Courses\BIT143\Lessons\Lesson_03\PCEs\PCE_03_VS_2010_NUnit_2_5_ExceptionHandling\02_PCE_ForTests\PCE_Tests_To_Run.cs:line 251
</pre>
              </td>
            </tr>
            <tr>
              <td class="FT_TestName">PCE_StarterProject.Test_Queue_SmartArray_Basic.Find_Value_Present(1,200)</td>
            </tr>
            <tr>
              <td class="FT_TestExplanation"><br><b>Error Message From The Test Itself:</b><br><pre>System.Exception : YOU NEED TO IMPLEMENT THIS!</pre><br><b>Stack Trace From The Test Itself:</b><br><pre>at PCE_StarterProject.SmartArray.Find(Int32 val) in E:\Work\Website\Courses\BIT143\Lessons\Lesson_03\PCEs\PCE_03_VS_2010_NUnit_2_5_ExceptionHandling\03_PCE_StudentCode\Student_Answers.cs:line 115
at PCE_StarterProject.Test_SmartArray_Basic.Find_Value_Present(Int32 index, Int32 val) in E:\Work\Website\Courses\BIT143\Lessons\Lesson_03\PCEs\PCE_03_VS_2010_NUnit_2_5_ExceptionHandling\02_PCE_ForTests\PCE_Tests_To_Run.cs:line 251
</pre>
              </td>
            </tr>
            <tr>
              <td class="FT_TestName">PCE_StarterProject.Test_Queue_SmartArray_Basic.Find_Value_Present(1,20)</td>
            </tr>
            <tr>
              <td class="FT_TestExplanation"><br><b>Error Message From The Test Itself:</b><br><pre>System.Exception : YOU NEED TO IMPLEMENT THIS!</pre><br><b>Stack Trace From The Test Itself:</b><br><pre>at PCE_StarterProject.SmartArray.Find(Int32 val) in E:\Work\Website\Courses\BIT143\Lessons\Lesson_03\PCEs\PCE_03_VS_2010_NUnit_2_5_ExceptionHandling\03_PCE_StudentCode\Student_Answers.cs:line 115
at PCE_StarterProject.Test_SmartArray_Basic.Find_Value_Present(Int32 index, Int32 val) in E:\Work\Website\Courses\BIT143\Lessons\Lesson_03\PCEs\PCE_03_VS_2010_NUnit_2_5_ExceptionHandling\02_PCE_ForTests\PCE_Tests_To_Run.cs:line 251
</pre>
              </td>
            </tr>
            <tr>
              <td class="FT_TestName">PCE_StarterProject.Test_Queue_SmartArray_Basic.Find_Value_Present(2,-10)</td>
            </tr>
            <tr>
              <td class="FT_TestExplanation"><br><b>Error Message From The Test Itself:</b><br><pre>System.Exception : YOU NEED TO IMPLEMENT THIS!</pre><br><b>Stack Trace From The Test Itself:</b><br><pre>at PCE_StarterProject.SmartArray.Find(Int32 val) in E:\Work\Website\Courses\BIT143\Lessons\Lesson_03\PCEs\PCE_03_VS_2010_NUnit_2_5_ExceptionHandling\03_PCE_StudentCode\Student_Answers.cs:line 115
at PCE_StarterProject.Test_SmartArray_Basic.Find_Value_Present(Int32 index, Int32 val) in E:\Work\Website\Courses\BIT143\Lessons\Lesson_03\PCEs\PCE_03_VS_2010_NUnit_2_5_ExceptionHandling\02_PCE_ForTests\PCE_Tests_To_Run.cs:line 251
</pre>
              </td>
            </tr>
            <tr>
              <td class="FT_TestName">PCE_StarterProject.Test_Queue_SmartArray_Basic.Find_Value_Present(2,10)</td>
            </tr>
            <tr>
              <td class="FT_TestExplanation"><br><b>Error Message From The Test Itself:</b><br><pre>System.Exception : YOU NEED TO IMPLEMENT THIS!</pre><br><b>Stack Trace From The Test Itself:</b><br><pre>at PCE_StarterProject.SmartArray.Find(Int32 val) in E:\Work\Website\Courses\BIT143\Lessons\Lesson_03\PCEs\PCE_03_VS_2010_NUnit_2_5_ExceptionHandling\03_PCE_StudentCode\Student_Answers.cs:line 115
at PCE_StarterProject.Test_SmartArray_Basic.Find_Value_Present(Int32 index, Int32 val) in E:\Work\Website\Courses\BIT143\Lessons\Lesson_03\PCEs\PCE_03_VS_2010_NUnit_2_5_ExceptionHandling\02_PCE_ForTests\PCE_Tests_To_Run.cs:line 251
</pre>
              </td>
            </tr>
            <tr>
              <td class="FT_TestName">PCE_StarterProject.Test_Queue_SmartArray_Basic.Find_Value_Present(2,200)</td>
            </tr>
            <tr>
              <td class="FT_TestExplanation"><br><b>Error Message From The Test Itself:</b><br><pre>System.Exception : YOU NEED TO IMPLEMENT THIS!</pre><br><b>Stack Trace From The Test Itself:</b><br><pre>at PCE_StarterProject.SmartArray.Find(Int32 val) in E:\Work\Website\Courses\BIT143\Lessons\Lesson_03\PCEs\PCE_03_VS_2010_NUnit_2_5_ExceptionHandling\03_PCE_StudentCode\Student_Answers.cs:line 115
at PCE_StarterProject.Test_SmartArray_Basic.Find_Value_Present(Int32 index, Int32 val) in E:\Work\Website\Courses\BIT143\Lessons\Lesson_03\PCEs\PCE_03_VS_2010_NUnit_2_5_ExceptionHandling\02_PCE_ForTests\PCE_Tests_To_Run.cs:line 251
</pre>
              </td>
            </tr>
            <tr>
              <td class="FT_TestName">PCE_StarterProject.Test_Queue_SmartArray_Basic.Find_Value_Present(2,20)</td>
            </tr>
            <tr>
              <td class="FT_TestExplanation"><br><b>Error Message From The Test Itself:</b><br><pre>System.Exception : YOU NEED TO IMPLEMENT THIS!</pre><br><b>Stack Trace From The Test Itself:</b><br><pre>at PCE_StarterProject.SmartArray.Find(Int32 val) in E:\Work\Website\Courses\BIT143\Lessons\Lesson_03\PCEs\PCE_03_VS_2010_NUnit_2_5_ExceptionHandling\03_PCE_StudentCode\Student_Answers.cs:line 115
at PCE_StarterProject.Test_SmartArray_Basic.Find_Value_Present(Int32 index, Int32 val) in E:\Work\Website\Courses\BIT143\Lessons\Lesson_03\PCEs\PCE_03_VS_2010_NUnit_2_5_ExceptionHandling\02_PCE_ForTests\PCE_Tests_To_Run.cs:line 251
</pre>
              </td>
            </tr>
            <tr>
              <td class="FT_TestName">PCE_StarterProject.Test_Queue_SmartArray_Basic.Find_Value_Present(3,-10)</td>
            </tr>
            <tr>
              <td class="FT_TestExplanation"><br><b>Error Message From The Test Itself:</b><br><pre>System.Exception : YOU NEED TO IMPLEMENT THIS!</pre><br><b>Stack Trace From The Test Itself:</b><br><pre>at PCE_StarterProject.SmartArray.Find(Int32 val) in E:\Work\Website\Courses\BIT143\Lessons\Lesson_03\PCEs\PCE_03_VS_2010_NUnit_2_5_ExceptionHandling\03_PCE_StudentCode\Student_Answers.cs:line 115
at PCE_StarterProject.Test_SmartArray_Basic.Find_Value_Present(Int32 index, Int32 val) in E:\Work\Website\Courses\BIT143\Lessons\Lesson_03\PCEs\PCE_03_VS_2010_NUnit_2_5_ExceptionHandling\02_PCE_ForTests\PCE_Tests_To_Run.cs:line 251
</pre>
              </td>
            </tr>
            <tr>
              <td class="FT_TestName">PCE_StarterProject.Test_Queue_SmartArray_Basic.Find_Value_Present(3,10)</td>
            </tr>
            <tr>
              <td class="FT_TestExplanation"><br><b>Error Message From The Test Itself:</b><br><pre>System.Exception : YOU NEED TO IMPLEMENT THIS!</pre><br><b>Stack Trace From The Test Itself:</b><br><pre>at PCE_StarterProject.SmartArray.Find(Int32 val) in E:\Work\Website\Courses\BIT143\Lessons\Lesson_03\PCEs\PCE_03_VS_2010_NUnit_2_5_ExceptionHandling\03_PCE_StudentCode\Student_Answers.cs:line 115
at PCE_StarterProject.Test_SmartArray_Basic.Find_Value_Present(Int32 index, Int32 val) in E:\Work\Website\Courses\BIT143\Lessons\Lesson_03\PCEs\PCE_03_VS_2010_NUnit_2_5_ExceptionHandling\02_PCE_ForTests\PCE_Tests_To_Run.cs:line 251
</pre>
              </td>
            </tr>
            <tr>
              <td class="FT_TestName">PCE_StarterProject.Test_Queue_SmartArray_Basic.Find_Value_Present(3,200)</td>
            </tr>
            <tr>
              <td class="FT_TestExplanation"><br><b>Error Message From The Test Itself:</b><br><pre>System.Exception : YOU NEED TO IMPLEMENT THIS!</pre><br><b>Stack Trace From The Test Itself:</b><br><pre>at PCE_StarterProject.SmartArray.Find(Int32 val) in E:\Work\Website\Courses\BIT143\Lessons\Lesson_03\PCEs\PCE_03_VS_2010_NUnit_2_5_ExceptionHandling\03_PCE_StudentCode\Student_Answers.cs:line 115
at PCE_StarterProject.Test_SmartArray_Basic.Find_Value_Present(Int32 index, Int32 val) in E:\Work\Website\Courses\BIT143\Lessons\Lesson_03\PCEs\PCE_03_VS_2010_NUnit_2_5_ExceptionHandling\02_PCE_ForTests\PCE_Tests_To_Run.cs:line 251
</pre>
              </td>
            </tr>
            <tr>
              <td class="FT_TestName">PCE_StarterProject.Test_Queue_SmartArray_Basic.Find_Value_Present(3,20)</td>
            </tr>
            <tr>
              <td class="FT_TestExplanation"><br><b>Error Message From The Test Itself:</b><br><pre>System.Exception : YOU NEED TO IMPLEMENT THIS!</pre><br><b>Stack Trace From The Test Itself:</b><br><pre>at PCE_StarterProject.SmartArray.Find(Int32 val) in E:\Work\Website\Courses\BIT143\Lessons\Lesson_03\PCEs\PCE_03_VS_2010_NUnit_2_5_ExceptionHandling\03_PCE_StudentCode\Student_Answers.cs:line 115
at PCE_StarterProject.Test_SmartArray_Basic.Find_Value_Present(Int32 index, Int32 val) in E:\Work\Website\Courses\BIT143\Lessons\Lesson_03\PCEs\PCE_03_VS_2010_NUnit_2_5_ExceptionHandling\02_PCE_ForTests\PCE_Tests_To_Run.cs:line 251
</pre>
              </td>
            </tr>
            <tr>
              <td class="FT_TestName">PCE_StarterProject.Test_Queue_SmartArray_Basic.Find_Value_Present(4,-10)</td>
            </tr>
            <tr>
              <td class="FT_TestExplanation"><br><b>Error Message From The Test Itself:</b><br><pre>System.Exception : YOU NEED TO IMPLEMENT THIS!</pre><br><b>Stack Trace From The Test Itself:</b><br><pre>at PCE_StarterProject.SmartArray.Find(Int32 val) in E:\Work\Website\Courses\BIT143\Lessons\Lesson_03\PCEs\PCE_03_VS_2010_NUnit_2_5_ExceptionHandling\03_PCE_StudentCode\Student_Answers.cs:line 115
at PCE_StarterProject.Test_SmartArray_Basic.Find_Value_Present(Int32 index, Int32 val) in E:\Work\Website\Courses\BIT143\Lessons\Lesson_03\PCEs\PCE_03_VS_2010_NUnit_2_5_ExceptionHandling\02_PCE_ForTests\PCE_Tests_To_Run.cs:line 251
</pre>
              </td>
            </tr>
            <tr>
              <td class="FT_TestName">PCE_StarterProject.Test_Queue_SmartArray_Basic.Find_Value_Present(4,10)</td>
            </tr>
            <tr>
              <td class="FT_TestExplanation"><br><b>Error Message From The Test Itself:</b><br><pre>System.Exception : YOU NEED TO IMPLEMENT THIS!</pre><br><b>Stack Trace From The Test Itself:</b><br><pre>at PCE_StarterProject.SmartArray.Find(Int32 val) in E:\Work\Website\Courses\BIT143\Lessons\Lesson_03\PCEs\PCE_03_VS_2010_NUnit_2_5_ExceptionHandling\03_PCE_StudentCode\Student_Answers.cs:line 115
at PCE_StarterProject.Test_SmartArray_Basic.Find_Value_Present(Int32 index, Int32 val) in E:\Work\Website\Courses\BIT143\Lessons\Lesson_03\PCEs\PCE_03_VS_2010_NUnit_2_5_ExceptionHandling\02_PCE_ForTests\PCE_Tests_To_Run.cs:line 251
</pre>
              </td>
            </tr>
            <tr>
              <td class="FT_TestName">PCE_StarterProject.Test_Queue_SmartArray_Basic.Find_Value_Present(4,200)</td>
            </tr>
            <tr>
              <td class="FT_TestExplanation"><br><b>Error Message From The Test Itself:</b><br><pre>System.Exception : YOU NEED TO IMPLEMENT THIS!</pre><br><b>Stack Trace From The Test Itself:</b><br><pre>at PCE_StarterProject.SmartArray.Find(Int32 val) in E:\Work\Website\Courses\BIT143\Lessons\Lesson_03\PCEs\PCE_03_VS_2010_NUnit_2_5_ExceptionHandling\03_PCE_StudentCode\Student_Answers.cs:line 115
at PCE_StarterProject.Test_SmartArray_Basic.Find_Value_Present(Int32 index, Int32 val) in E:\Work\Website\Courses\BIT143\Lessons\Lesson_03\PCEs\PCE_03_VS_2010_NUnit_2_5_ExceptionHandling\02_PCE_ForTests\PCE_Tests_To_Run.cs:line 251
</pre>
              </td>
            </tr>
            <tr>
              <td class="FT_TestName">PCE_StarterProject.Test_Queue_SmartArray_Basic.Find_Value_Present(4,20)</td>
            </tr>
            <tr>
              <td class="FT_TestExplanation"><br><b>Error Message From The Test Itself:</b><br><pre>System.Exception : YOU NEED TO IMPLEMENT THIS!</pre><br><b>Stack Trace From The Test Itself:</b><br><pre>at PCE_StarterProject.SmartArray.Find(Int32 val) in E:\Work\Website\Courses\BIT143\Lessons\Lesson_03\PCEs\PCE_03_VS_2010_NUnit_2_5_ExceptionHandling\03_PCE_StudentCode\Student_Answers.cs:line 115
at PCE_StarterProject.Test_SmartArray_Basic.Find_Value_Present(Int32 index, Int32 val) in E:\Work\Website\Courses\BIT143\Lessons\Lesson_03\PCEs\PCE_03_VS_2010_NUnit_2_5_ExceptionHandling\02_PCE_ForTests\PCE_Tests_To_Run.cs:line 251
</pre>
              </td>
            </tr>
            <tr>
              <td class="FT_TestName">PCE_StarterProject.Test_Queue_SmartArray_Basic.GetAtIndex(0)</td>
            </tr>
            <tr>
              <td class="FT_TestExplanation"><br><b>Error Message From The Test Itself:</b><br><pre>System.Exception : YOU NEED TO IMPLEMENT THIS!</pre><br><b>Stack Trace From The Test Itself:</b><br><pre>at PCE_StarterProject.SmartArray.GetAtIndex(Int32 idx, Int32&amp; val) in E:\Work\Website\Courses\BIT143\Lessons\Lesson_03\PCEs\PCE_03_VS_2010_NUnit_2_5_ExceptionHandling\03_PCE_StudentCode\Student_Answers.cs:line 103
at PCE_StarterProject.Test_SmartArray_Basic.GetAtIndex(Int32 index) in E:\Work\Website\Courses\BIT143\Lessons\Lesson_03\PCEs\PCE_03_VS_2010_NUnit_2_5_ExceptionHandling\02_PCE_ForTests\PCE_Tests_To_Run.cs:line 138
</pre>
              </td>
            </tr>
            <tr>
              <td class="FT_TestName">PCE_StarterProject.Test_Queue_SmartArray_Basic.GetAtIndex(1)</td>
            </tr>
            <tr>
              <td class="FT_TestExplanation"><br><b>Error Message From The Test Itself:</b><br><pre>System.Exception : YOU NEED TO IMPLEMENT THIS!</pre><br><b>Stack Trace From The Test Itself:</b><br><pre>at PCE_StarterProject.SmartArray.GetAtIndex(Int32 idx, Int32&amp; val) in E:\Work\Website\Courses\BIT143\Lessons\Lesson_03\PCEs\PCE_03_VS_2010_NUnit_2_5_ExceptionHandling\03_PCE_StudentCode\Student_Answers.cs:line 103
at PCE_StarterProject.Test_SmartArray_Basic.GetAtIndex(Int32 index) in E:\Work\Website\Courses\BIT143\Lessons\Lesson_03\PCEs\PCE_03_VS_2010_NUnit_2_5_ExceptionHandling\02_PCE_ForTests\PCE_Tests_To_Run.cs:line 138
</pre>
              </td>
            </tr>
            <tr>
              <td class="FT_TestName">PCE_StarterProject.Test_Queue_SmartArray_Basic.GetAtIndex(2)</td>
            </tr>
            <tr>
              <td class="FT_TestExplanation"><br><b>Error Message From The Test Itself:</b><br><pre>System.Exception : YOU NEED TO IMPLEMENT THIS!</pre><br><b>Stack Trace From The Test Itself:</b><br><pre>at PCE_StarterProject.SmartArray.GetAtIndex(Int32 idx, Int32&amp; val) in E:\Work\Website\Courses\BIT143\Lessons\Lesson_03\PCEs\PCE_03_VS_2010_NUnit_2_5_ExceptionHandling\03_PCE_StudentCode\Student_Answers.cs:line 103
at PCE_StarterProject.Test_SmartArray_Basic.GetAtIndex(Int32 index) in E:\Work\Website\Courses\BIT143\Lessons\Lesson_03\PCEs\PCE_03_VS_2010_NUnit_2_5_ExceptionHandling\02_PCE_ForTests\PCE_Tests_To_Run.cs:line 138
</pre>
              </td>
            </tr>
            <tr>
              <td class="FT_TestName">PCE_StarterProject.Test_Queue_SmartArray_Basic.GetAtIndex(3)</td>
            </tr>
            <tr>
              <td class="FT_TestExplanation"><br><b>Error Message From The Test Itself:</b><br><pre>System.Exception : YOU NEED TO IMPLEMENT THIS!</pre><br><b>Stack Trace From The Test Itself:</b><br><pre>at PCE_StarterProject.SmartArray.GetAtIndex(Int32 idx, Int32&amp; val) in E:\Work\Website\Courses\BIT143\Lessons\Lesson_03\PCEs\PCE_03_VS_2010_NUnit_2_5_ExceptionHandling\03_PCE_StudentCode\Student_Answers.cs:line 103
at PCE_StarterProject.Test_SmartArray_Basic.GetAtIndex(Int32 index) in E:\Work\Website\Courses\BIT143\Lessons\Lesson_03\PCEs\PCE_03_VS_2010_NUnit_2_5_ExceptionHandling\02_PCE_ForTests\PCE_Tests_To_Run.cs:line 138
</pre>
              </td>
            </tr>
            <tr>
              <td class="FT_TestName">PCE_StarterProject.Test_Queue_SmartArray_Basic.GetAtIndex(4)</td>
            </tr>
            <tr>
              <td class="FT_TestExplanation"><br><b>Error Message From The Test Itself:</b><br><pre>System.Exception : YOU NEED TO IMPLEMENT THIS!</pre><br><b>Stack Trace From The Test Itself:</b><br><pre>at PCE_StarterProject.SmartArray.GetAtIndex(Int32 idx, Int32&amp; val) in E:\Work\Website\Courses\BIT143\Lessons\Lesson_03\PCEs\PCE_03_VS_2010_NUnit_2_5_ExceptionHandling\03_PCE_StudentCode\Student_Answers.cs:line 103
at PCE_StarterProject.Test_SmartArray_Basic.GetAtIndex(Int32 index) in E:\Work\Website\Courses\BIT143\Lessons\Lesson_03\PCEs\PCE_03_VS_2010_NUnit_2_5_ExceptionHandling\02_PCE_ForTests\PCE_Tests_To_Run.cs:line 138
</pre>
              </td>
            </tr>
            <tr>
              <td class="FT_TestName">PCE_StarterProject.Test_Queue_SmartArray_Basic.GetAtIndex_OutOfBounds_Hi(5)</td>
            </tr>
            <tr>
              <td class="FT_TestExplanation"><br><b>Error Message From The Test Itself:</b><br><pre>System.Exception : YOU NEED TO IMPLEMENT THIS!</pre><br><b>Stack Trace From The Test Itself:</b><br><pre>at PCE_StarterProject.SmartArray.GetAtIndex(Int32 idx, Int32&amp; val) in E:\Work\Website\Courses\BIT143\Lessons\Lesson_03\PCEs\PCE_03_VS_2010_NUnit_2_5_ExceptionHandling\03_PCE_StudentCode\Student_Answers.cs:line 103
at PCE_StarterProject.Test_SmartArray_Basic.GetAtIndex_OutOfBounds_Hi(Int32 index) in E:\Work\Website\Courses\BIT143\Lessons\Lesson_03\PCEs\PCE_03_VS_2010_NUnit_2_5_ExceptionHandling\02_PCE_ForTests\PCE_Tests_To_Run.cs:line 154
</pre>
              </td>
            </tr>
            <tr>
              <td class="FT_TestName">PCE_StarterProject.Test_Queue_SmartArray_Basic.GetAtIndex_OutOfBounds_Hi(6)</td>
            </tr>
            <tr>
              <td class="FT_TestExplanation"><br><b>Error Message From The Test Itself:</b><br><pre>System.Exception : YOU NEED TO IMPLEMENT THIS!</pre><br><b>Stack Trace From The Test Itself:</b><br><pre>at PCE_StarterProject.SmartArray.GetAtIndex(Int32 idx, Int32&amp; val) in E:\Work\Website\Courses\BIT143\Lessons\Lesson_03\PCEs\PCE_03_VS_2010_NUnit_2_5_ExceptionHandling\03_PCE_StudentCode\Student_Answers.cs:line 103
at PCE_StarterProject.Test_SmartArray_Basic.GetAtIndex_OutOfBounds_Hi(Int32 index) in E:\Work\Website\Courses\BIT143\Lessons\Lesson_03\PCEs\PCE_03_VS_2010_NUnit_2_5_ExceptionHandling\02_PCE_ForTests\PCE_Tests_To_Run.cs:line 154
</pre>
              </td>
            </tr>
            <tr>
              <td class="FT_TestName">PCE_StarterProject.Test_Queue_SmartArray_Basic.GetAtIndex_OutOfBounds_Hi(10)</td>
            </tr>
            <tr>
              <td class="FT_TestExplanation"><br><b>Error Message From The Test Itself:</b><br><pre>System.Exception : YOU NEED TO IMPLEMENT THIS!</pre><br><b>Stack Trace From The Test Itself:</b><br><pre>at PCE_StarterProject.SmartArray.GetAtIndex(Int32 idx, Int32&amp; val) in E:\Work\Website\Courses\BIT143\Lessons\Lesson_03\PCEs\PCE_03_VS_2010_NUnit_2_5_ExceptionHandling\03_PCE_StudentCode\Student_Answers.cs:line 103
at PCE_StarterProject.Test_SmartArray_Basic.GetAtIndex_OutOfBounds_Hi(Int32 index) in E:\Work\Website\Courses\BIT143\Lessons\Lesson_03\PCEs\PCE_03_VS_2010_NUnit_2_5_ExceptionHandling\02_PCE_ForTests\PCE_Tests_To_Run.cs:line 154
</pre>
              </td>
            </tr>
            <tr>
              <td class="FT_TestName">PCE_StarterProject.Test_Queue_SmartArray_Basic.GetAtIndex_OutOfBounds_Lo(-1)</td>
            </tr>
            <tr>
              <td class="FT_TestExplanation"><br><b>Error Message From The Test Itself:</b><br><pre>System.Exception : YOU NEED TO IMPLEMENT THIS!</pre><br><b>Stack Trace From The Test Itself:</b><br><pre>at PCE_StarterProject.SmartArray.GetAtIndex(Int32 idx, Int32&amp; val) in E:\Work\Website\Courses\BIT143\Lessons\Lesson_03\PCEs\PCE_03_VS_2010_NUnit_2_5_ExceptionHandling\03_PCE_StudentCode\Student_Answers.cs:line 103
at PCE_StarterProject.Test_SmartArray_Basic.GetAtIndex_OutOfBounds_Lo(Int32 index) in E:\Work\Website\Courses\BIT143\Lessons\Lesson_03\PCEs\PCE_03_VS_2010_NUnit_2_5_ExceptionHandling\02_PCE_ForTests\PCE_Tests_To_Run.cs:line 168
</pre>
              </td>
            </tr>
            <tr>
              <td class="FT_TestName">PCE_StarterProject.Test_Queue_SmartArray_Basic.GetAtIndex_OutOfBounds_Lo(-2)</td>
            </tr>
            <tr>
              <td class="FT_TestExplanation"><br><b>Error Message From The Test Itself:</b><br><pre>System.Exception : YOU NEED TO IMPLEMENT THIS!</pre><br><b>Stack Trace From The Test Itself:</b><br><pre>at PCE_StarterProject.SmartArray.GetAtIndex(Int32 idx, Int32&amp; val) in E:\Work\Website\Courses\BIT143\Lessons\Lesson_03\PCEs\PCE_03_VS_2010_NUnit_2_5_ExceptionHandling\03_PCE_StudentCode\Student_Answers.cs:line 103
at PCE_StarterProject.Test_SmartArray_Basic.GetAtIndex_OutOfBounds_Lo(Int32 index) in E:\Work\Website\Courses\BIT143\Lessons\Lesson_03\PCEs\PCE_03_VS_2010_NUnit_2_5_ExceptionHandling\02_PCE_ForTests\PCE_Tests_To_Run.cs:line 168
</pre>
              </td>
            </tr>
            <tr>
              <td class="FT_TestName">PCE_StarterProject.Test_Queue_SmartArray_Basic.GetAtIndex_OutOfBounds_Lo(-10)</td>
            </tr>
            <tr>
              <td class="FT_TestExplanation"><br><b>Error Message From The Test Itself:</b><br><pre>System.Exception : YOU NEED TO IMPLEMENT THIS!</pre><br><b>Stack Trace From The Test Itself:</b><br><pre>at PCE_StarterProject.SmartArray.GetAtIndex(Int32 idx, Int32&amp; val) in E:\Work\Website\Courses\BIT143\Lessons\Lesson_03\PCEs\PCE_03_VS_2010_NUnit_2_5_ExceptionHandling\03_PCE_StudentCode\Student_Answers.cs:line 103
at PCE_StarterProject.Test_SmartArray_Basic.GetAtIndex_OutOfBounds_Lo(Int32 index) in E:\Work\Website\Courses\BIT143\Lessons\Lesson_03\PCEs\PCE_03_VS_2010_NUnit_2_5_ExceptionHandling\02_PCE_ForTests\PCE_Tests_To_Run.cs:line 168
</pre>
              </td>
            </tr>
            <tr>
              <td class="FT_TestName">PCE_StarterProject.Test_Queue_SmartArray_Basic.Set_Then_Get(0)</td>
            </tr>
            <tr>
              <td class="FT_TestExplanation"><br><b>Error Message From The Test Itself:</b><br><pre>System.Exception : YOU NEED TO IMPLEMENT THIS!</pre><br><b>Stack Trace From The Test Itself:</b><br><pre>at PCE_StarterProject.SmartArray.GetAtIndex(Int32 idx, Int32&amp; val) in E:\Work\Website\Courses\BIT143\Lessons\Lesson_03\PCEs\PCE_03_VS_2010_NUnit_2_5_ExceptionHandling\03_PCE_StudentCode\Student_Answers.cs:line 103
at PCE_StarterProject.Test_SmartArray_Basic.Set_Then_Get(Int32 index) in E:\Work\Website\Courses\BIT143\Lessons\Lesson_03\PCEs\PCE_03_VS_2010_NUnit_2_5_ExceptionHandling\02_PCE_ForTests\PCE_Tests_To_Run.cs:line 187
</pre>
              </td>
            </tr>
            <tr>
              <td class="FT_TestName">PCE_StarterProject.Test_Queue_SmartArray_Basic.Set_Then_Get(1)</td>
            </tr>
            <tr>
              <td class="FT_TestExplanation"><br><b>Error Message From The Test Itself:</b><br><pre>System.Exception : YOU NEED TO IMPLEMENT THIS!</pre><br><b>Stack Trace From The Test Itself:</b><br><pre>at PCE_StarterProject.SmartArray.GetAtIndex(Int32 idx, Int32&amp; val) in E:\Work\Website\Courses\BIT143\Lessons\Lesson_03\PCEs\PCE_03_VS_2010_NUnit_2_5_ExceptionHandling\03_PCE_StudentCode\Student_Answers.cs:line 103
at PCE_StarterProject.Test_SmartArray_Basic.Set_Then_Get(Int32 index) in E:\Work\Website\Courses\BIT143\Lessons\Lesson_03\PCEs\PCE_03_VS_2010_NUnit_2_5_ExceptionHandling\02_PCE_ForTests\PCE_Tests_To_Run.cs:line 187
</pre>
              </td>
            </tr>
            <tr>
              <td class="FT_TestName">PCE_StarterProject.Test_Queue_SmartArray_Basic.Set_Then_Get(2)</td>
            </tr>
            <tr>
              <td class="FT_TestExplanation"><br><b>Error Message From The Test Itself:</b><br><pre>System.Exception : YOU NEED TO IMPLEMENT THIS!</pre><br><b>Stack Trace From The Test Itself:</b><br><pre>at PCE_StarterProject.SmartArray.GetAtIndex(Int32 idx, Int32&amp; val) in E:\Work\Website\Courses\BIT143\Lessons\Lesson_03\PCEs\PCE_03_VS_2010_NUnit_2_5_ExceptionHandling\03_PCE_StudentCode\Student_Answers.cs:line 103
at PCE_StarterProject.Test_SmartArray_Basic.Set_Then_Get(Int32 index) in E:\Work\Website\Courses\BIT143\Lessons\Lesson_03\PCEs\PCE_03_VS_2010_NUnit_2_5_ExceptionHandling\02_PCE_ForTests\PCE_Tests_To_Run.cs:line 187
</pre>
              </td>
            </tr>
            <tr>
              <td class="FT_TestName">PCE_StarterProject.Test_Queue_SmartArray_Basic.Set_Then_Get(3)</td>
            </tr>
            <tr>
              <td class="FT_TestExplanation"><br><b>Error Message From The Test Itself:</b><br><pre>System.Exception : YOU NEED TO IMPLEMENT THIS!</pre><br><b>Stack Trace From The Test Itself:</b><br><pre>at PCE_StarterProject.SmartArray.GetAtIndex(Int32 idx, Int32&amp; val) in E:\Work\Website\Courses\BIT143\Lessons\Lesson_03\PCEs\PCE_03_VS_2010_NUnit_2_5_ExceptionHandling\03_PCE_StudentCode\Student_Answers.cs:line 103
at PCE_StarterProject.Test_SmartArray_Basic.Set_Then_Get(Int32 index) in E:\Work\Website\Courses\BIT143\Lessons\Lesson_03\PCEs\PCE_03_VS_2010_NUnit_2_5_ExceptionHandling\02_PCE_ForTests\PCE_Tests_To_Run.cs:line 187
</pre>
              </td>
            </tr>
            <tr>
              <td class="FT_TestName">PCE_StarterProject.Test_Queue_SmartArray_Basic.Set_Then_Get(4)</td>
            </tr>
            <tr>
              <td class="FT_TestExplanation"><br><b>Error Message From The Test Itself:</b><br><pre>System.Exception : YOU NEED TO IMPLEMENT THIS!</pre><br><b>Stack Trace From The Test Itself:</b><br><pre>at PCE_StarterProject.SmartArray.GetAtIndex(Int32 idx, Int32&amp; val) in E:\Work\Website\Courses\BIT143\Lessons\Lesson_03\PCEs\PCE_03_VS_2010_NUnit_2_5_ExceptionHandling\03_PCE_StudentCode\Student_Answers.cs:line 103
at PCE_StarterProject.Test_SmartArray_Basic.Set_Then_Get(Int32 index) in E:\Work\Website\Courses\BIT143\Lessons\Lesson_03\PCEs\PCE_03_VS_2010_NUnit_2_5_ExceptionHandling\02_PCE_ForTests\PCE_Tests_To_Run.cs:line 187
</pre>
              </td>
            </tr>
            <tr>
              <td class="FT_TestName">PCE_StarterProject.Test_Queue_SmartArray_Basic.SetAtIndex_InBounds(0)</td>
            </tr>
            <tr>
              <td class="FT_TestExplanation"><br><b>Error Message From The Test Itself:</b><br><pre>OverflowException was expected</pre><br><b>Stack Trace From The Test Itself:</b><br><pre>
              </pre>
              </td>
            </tr>
            <tr>
              <td class="FT_TestName">PCE_StarterProject.Test_Queue_SmartArray_Basic.SetAtIndex_InBounds(1)</td>
            </tr>
            <tr>
              <td class="FT_TestExplanation"><br><b>Error Message From The Test Itself:</b><br><pre>OverflowException was expected</pre><br><b>Stack Trace From The Test Itself:</b><br><pre>
              </pre>
              </td>
            </tr>
            <tr>
              <td class="FT_TestName">PCE_StarterProject.Test_Queue_SmartArray_Basic.SetAtIndex_InBounds(2)</td>
            </tr>
            <tr>
              <td class="FT_TestExplanation"><br><b>Error Message From The Test Itself:</b><br><pre>OverflowException was expected</pre><br><b>Stack Trace From The Test Itself:</b><br><pre>
              </pre>
              </td>
            </tr>
            <tr>
              <td class="FT_TestName">PCE_StarterProject.Test_Queue_SmartArray_Basic.SetAtIndex_InBounds(3)</td>
            </tr>
            <tr>
              <td class="FT_TestExplanation"><br><b>Error Message From The Test Itself:</b><br><pre>OverflowException was expected</pre><br><b>Stack Trace From The Test Itself:</b><br><pre>
              </pre>
              </td>
            </tr>
            <tr>
              <td class="FT_TestName">PCE_StarterProject.Test_Queue_SmartArray_Basic.SetAtIndex_InBounds(4)</td>
            </tr>
            <tr>
              <td class="FT_TestExplanation"><br><b>Error Message From The Test Itself:</b><br><pre>OverflowException was expected</pre><br><b>Stack Trace From The Test Itself:</b><br><pre>
              </pre>
              </td>
            </tr>
            <tr>
              <td class="FT_TestName">PCE_StarterProject.Test_Queue_SmartArray_Basic.SetAtIndex_OutOfBounds_Hi(5)</td>
            </tr>
            <tr>
              <td class="FT_TestExplanation"><br><b>Error Message From The Test Itself:</b><br><pre>PCE_StarterProject.OverflowException : Index is too high</pre><br><b>Stack Trace From The Test Itself:</b><br><pre>at PCE_StarterProject.SmartArray.SetAtIndex(Int32 idx, Int32 val) in E:\Work\Website\Courses\BIT143\Lessons\Lesson_03\PCEs\PCE_03_VS_2010_NUnit_2_5_ExceptionHandling\03_PCE_StudentCode\Student_Answers.cs:line 94
at PCE_StarterProject.Test_SmartArray_Basic.SetAtIndex_OutOfBounds_Hi(Int32 index) in E:\Work\Website\Courses\BIT143\Lessons\Lesson_03\PCEs\PCE_03_VS_2010_NUnit_2_5_ExceptionHandling\02_PCE_ForTests\PCE_Tests_To_Run.cs:line 53
</pre>
              </td>
            </tr>
            <tr>
              <td class="FT_TestName">PCE_StarterProject.Test_Queue_SmartArray_Basic.SetAtIndex_OutOfBounds_Hi(6)</td>
            </tr>
            <tr>
              <td class="FT_TestExplanation"><br><b>Error Message From The Test Itself:</b><br><pre>PCE_StarterProject.OverflowException : Index is too high</pre><br><b>Stack Trace From The Test Itself:</b><br><pre>at PCE_StarterProject.SmartArray.SetAtIndex(Int32 idx, Int32 val) in E:\Work\Website\Courses\BIT143\Lessons\Lesson_03\PCEs\PCE_03_VS_2010_NUnit_2_5_ExceptionHandling\03_PCE_StudentCode\Student_Answers.cs:line 94
at PCE_StarterProject.Test_SmartArray_Basic.SetAtIndex_OutOfBounds_Hi(Int32 index) in E:\Work\Website\Courses\BIT143\Lessons\Lesson_03\PCEs\PCE_03_VS_2010_NUnit_2_5_ExceptionHandling\02_PCE_ForTests\PCE_Tests_To_Run.cs:line 53
</pre>
              </td>
            </tr>
            <tr>
              <td class="FT_TestName">PCE_StarterProject.Test_Queue_SmartArray_Basic.SetAtIndex_OutOfBounds_Hi(10)</td>
            </tr>
            <tr>
              <td class="FT_TestExplanation"><br><b>Error Message From The Test Itself:</b><br><pre>PCE_StarterProject.OverflowException : Index is too high</pre><br><b>Stack Trace From The Test Itself:</b><br><pre>at PCE_StarterProject.SmartArray.SetAtIndex(Int32 idx, Int32 val) in E:\Work\Website\Courses\BIT143\Lessons\Lesson_03\PCEs\PCE_03_VS_2010_NUnit_2_5_ExceptionHandling\03_PCE_StudentCode\Student_Answers.cs:line 94
at PCE_StarterProject.Test_SmartArray_Basic.SetAtIndex_OutOfBounds_Hi(Int32 index) in E:\Work\Website\Courses\BIT143\Lessons\Lesson_03\PCEs\PCE_03_VS_2010_NUnit_2_5_ExceptionHandling\02_PCE_ForTests\PCE_Tests_To_Run.cs:line 53
</pre>
              </td>
            </tr>
            <tr>
              <td class="FT_TestName">PCE_StarterProject.Test_Queue_SmartArray_Basic.SetAtIndex_OutOfBounds_Lo(-1)</td>
            </tr>
            <tr>
              <td class="FT_TestExplanation"><br><b>Error Message From The Test Itself:</b><br><pre>PCE_StarterProject.UnderflowException : Index is too low</pre><br><b>Stack Trace From The Test Itself:</b><br><pre>at PCE_StarterProject.SmartArray.SetAtIndex(Int32 idx, Int32 val) in E:\Work\Website\Courses\BIT143\Lessons\Lesson_03\PCEs\PCE_03_VS_2010_NUnit_2_5_ExceptionHandling\03_PCE_StudentCode\Student_Answers.cs:line 92
at PCE_StarterProject.Test_SmartArray_Basic.SetAtIndex_OutOfBounds_Lo(Int32 index) in E:\Work\Website\Courses\BIT143\Lessons\Lesson_03\PCEs\PCE_03_VS_2010_NUnit_2_5_ExceptionHandling\02_PCE_ForTests\PCE_Tests_To_Run.cs:line 67
</pre>
              </td>
            </tr>
            <tr>
              <td class="FT_TestName">PCE_StarterProject.Test_Queue_SmartArray_Basic.SetAtIndex_OutOfBounds_Lo(-2)</td>
            </tr>
            <tr>
              <td class="FT_TestExplanation"><br><b>Error Message From The Test Itself:</b><br><pre>PCE_StarterProject.UnderflowException : Index is too low</pre><br><b>Stack Trace From The Test Itself:</b><br><pre>at PCE_StarterProject.SmartArray.SetAtIndex(Int32 idx, Int32 val) in E:\Work\Website\Courses\BIT143\Lessons\Lesson_03\PCEs\PCE_03_VS_2010_NUnit_2_5_ExceptionHandling\03_PCE_StudentCode\Student_Answers.cs:line 92
at PCE_StarterProject.Test_SmartArray_Basic.SetAtIndex_OutOfBounds_Lo(Int32 index) in E:\Work\Website\Courses\BIT143\Lessons\Lesson_03\PCEs\PCE_03_VS_2010_NUnit_2_5_ExceptionHandling\02_PCE_ForTests\PCE_Tests_To_Run.cs:line 67
</pre>
              </td>
            </tr>
            <tr>
              <td class="FT_TestName">PCE_StarterProject.Test_Queue_SmartArray_Basic.SetAtIndex_OutOfBounds_Lo(-10)</td>
            </tr>
            <tr>
              <td class="FT_TestExplanation"><br><b>Error Message From The Test Itself:</b><br><pre>PCE_StarterProject.UnderflowException : Index is too low</pre><br><b>Stack Trace From The Test Itself:</b><br><pre>at PCE_StarterProject.SmartArray.SetAtIndex(Int32 idx, Int32 val) in E:\Work\Website\Courses\BIT143\Lessons\Lesson_03\PCEs\PCE_03_VS_2010_NUnit_2_5_ExceptionHandling\03_PCE_StudentCode\Student_Answers.cs:line 92
at PCE_StarterProject.Test_SmartArray_Basic.SetAtIndex_OutOfBounds_Lo(Int32 index) in E:\Work\Website\Courses\BIT143\Lessons\Lesson_03\PCEs\PCE_03_VS_2010_NUnit_2_5_ExceptionHandling\02_PCE_ForTests\PCE_Tests_To_Run.cs:line 67
</pre>
              </td>
            </tr>
            <tr>
              <td class="FT_TestName">PCE_StarterProject.Test_Queue_SmartArray_Basic.Test_SmartArray_Basic.Find_Zero</td>
            </tr>
            <tr>
              <td class="FT_TestExplanation"><br><b>Error Message From The Test Itself:</b><br><pre>System.Exception : YOU NEED TO IMPLEMENT THIS!</pre><br><b>Stack Trace From The Test Itself:</b><br><pre>at PCE_StarterProject.SmartArray.Find(Int32 val) in E:\Work\Website\Courses\BIT143\Lessons\Lesson_03\PCEs\PCE_03_VS_2010_NUnit_2_5_ExceptionHandling\03_PCE_StudentCode\Student_Answers.cs:line 115
at PCE_StarterProject.Test_SmartArray_Basic.Find_Zero() in E:\Work\Website\Courses\BIT143\Lessons\Lesson_03\PCEs\PCE_03_VS_2010_NUnit_2_5_ExceptionHandling\02_PCE_ForTests\PCE_Tests_To_Run.cs:line 227
</pre>
              </td>
            </tr>
            <tr>
              <td class="FT_TestName">PCE_StarterProject.Test_Queue_SmartArray_Basic.Test_SmartArray_Basic.Print_All_Elts_Empty</td>
            </tr>
            <tr>
              <td class="FT_TestExplanation"><br><b>Error Message From The Test Itself:</b><br><pre>System.Exception : YOU NEED TO IMPLEMENT THIS!</pre><br><b>Stack Trace From The Test Itself:</b><br><pre>at PCE_StarterProject.SmartArray.PrintAllElements() in E:\Work\Website\Courses\BIT143\Lessons\Lesson_03\PCEs\PCE_03_VS_2010_NUnit_2_5_ExceptionHandling\03_PCE_StudentCode\Student_Answers.cs:line 110
at PCE_StarterProject.Test_SmartArray_Basic.Print_All_Elts_Empty() in E:\Work\Website\Courses\BIT143\Lessons\Lesson_03\PCEs\PCE_03_VS_2010_NUnit_2_5_ExceptionHandling\02_PCE_ForTests\PCE_Tests_To_Run.cs:line 82
</pre>
              </td>
            </tr>
            <tr>
              <td class="FT_TestName">PCE_StarterProject.Test_Queue_SmartArray_Basic.Test_SmartArray_Basic.Print_All_Elts_Set</td>
            </tr>
            <tr>
              <td class="FT_TestExplanation"><br><b>Error Message From The Test Itself:</b><br><pre>System.Exception : YOU NEED TO IMPLEMENT THIS!</pre><br><b>Stack Trace From The Test Itself:</b><br><pre>at PCE_StarterProject.SmartArray.PrintAllElements() in E:\Work\Website\Courses\BIT143\Lessons\Lesson_03\PCEs\PCE_03_VS_2010_NUnit_2_5_ExceptionHandling\03_PCE_StudentCode\Student_Answers.cs:line 110
at PCE_StarterProject.Test_SmartArray_Basic.Print_All_Elts_Set() in E:\Work\Website\Courses\BIT143\Lessons\Lesson_03\PCEs\PCE_03_VS_2010_NUnit_2_5_ExceptionHandling\02_PCE_ForTests\PCE_Tests_To_Run.cs:line 116
</pre>
              </td>
            </tr>
            <tr>
              <td class="FT_TestName">PCE_StarterProject.Test_Queue_SmartArray_Basic.Test_SmartArray_Basic.Set_All_Then_Find</td>
            </tr>
            <tr>
              <td class="FT_TestExplanation"><br><b>Error Message From The Test Itself:</b><br><pre>System.Exception : YOU NEED TO IMPLEMENT THIS!</pre><br><b>Stack Trace From The Test Itself:</b><br><pre>at PCE_StarterProject.SmartArray.getSize() in E:\Work\Website\Courses\BIT143\Lessons\Lesson_03\PCEs\PCE_03_VS_2010_NUnit_2_5_ExceptionHandling\03_PCE_StudentCode\Student_Answers.cs:line 121
at PCE_StarterProject.Test_SmartArray_Basic.Set_All_Then_Find() in E:\Work\Website\Courses\BIT143\Lessons\Lesson_03\PCEs\PCE_03_VS_2010_NUnit_2_5_ExceptionHandling\02_PCE_ForTests\PCE_Tests_To_Run.cs:line 263
</pre>
              </td>
            </tr>
            <tr>
              <td class="FT_TestName">PCE_StarterProject.Test_Queue_SmartArray_Basic.Test_SmartArray_Basic.Set_All_Then_Get_All</td>
            </tr>
            <tr>
              <td class="FT_TestExplanation"><br><b>Error Message From The Test Itself:</b><br><pre>System.Exception : YOU NEED TO IMPLEMENT THIS!</pre><br><b>Stack Trace From The Test Itself:</b><br><pre>at PCE_StarterProject.SmartArray.getSize() in E:\Work\Website\Courses\BIT143\Lessons\Lesson_03\PCEs\PCE_03_VS_2010_NUnit_2_5_ExceptionHandling\03_PCE_StudentCode\Student_Answers.cs:line 121
at PCE_StarterProject.Test_SmartArray_Basic.Set_All_Then_Get_All() in E:\Work\Website\Courses\BIT143\Lessons\Lesson_03\PCEs\PCE_03_VS_2010_NUnit_2_5_ExceptionHandling\02_PCE_ForTests\PCE_Tests_To_Run.cs:line 204
</pre>
              </td>
            </tr>
            <tr>
              <td class="FT_TestName">PCE_StarterProject.Test_Queue_SmartArray_Basic.Test_SmartArray_Basic.Test_Get_Size</td>
            </tr>
            <tr>
              <td class="FT_TestExplanation"><br><b>Error Message From The Test Itself:</b><br><pre>System.Exception : YOU NEED TO IMPLEMENT THIS!</pre><br><b>Stack Trace From The Test Itself:</b><br><pre>at PCE_StarterProject.SmartArray.getSize() in E:\Work\Website\Courses\BIT143\Lessons\Lesson_03\PCEs\PCE_03_VS_2010_NUnit_2_5_ExceptionHandling\03_PCE_StudentCode\Student_Answers.cs:line 121
at PCE_StarterProject.Test_SmartArray_Basic.Test_Get_Size() in E:\Work\Website\Courses\BIT143\Lessons\Lesson_03\PCEs\PCE_03_VS_2010_NUnit_2_5_ExceptionHandling\02_PCE_ForTests\PCE_Tests_To_Run.cs:line 236
</pre>
              </td>
            </tr>
          </table>
        </td>
      </tr>
      <tr>
        <td colspan="2">
          <div class="PassedTests">Passed Tests</div>
        </td>
      </tr>
      <tr>
        <td colspan="2"> There are no passed tests</td>
      </tr>
      <tr>
        <td colspan="2">
          <div class="ExerciseTitle">Test_QueueOfInts</div>
        </td>
      </tr>
      <tr>
        <td>
          <div class="FailedTests">Failed Tests</div>
        </td>
        <td class="FT_PointPenalty">Point Penalty</td>
      </tr>
      <tr>
        <td class="FT_GradingCategory">                        Grading Category: 
						<i>QueueOfInts</i></td>
        <td class="FT_PointPenalty">-2</td>
      </tr>
      <tr>
        <td class="FT_Explanation" colspan="2">
    There is a problem with your "QueueOfInts" exercise.(specifically with the Queue
    functionality, and not the basic SmartArray functionality)
   </td>
      </tr>
      <tr>
        <td colspan="2" style="border-top-width:0px">                    This penalty was triggered by the failure of the following tests:
					<table class="FT_ListOfTests">
            <tr>
              <td></td>
            </tr>
            <tr>
              <td class="FT_TestName">PCE_StarterProject.Test_QueueOfInts.Test_EnqueuePeekDequeue_Basic</td>
            </tr>
            <tr>
              <td class="FT_TestExplanation"><br><b>Error Message From The Test Itself:</b><br><pre>System.Exception : YOU NEED TO IMPLEMENT THIS!</pre><br><b>Stack Trace From The Test Itself:</b><br><pre>at PCE_StarterProject.QueueOfInts.Enqueue(Int32 item) in E:\Work\Website\Courses\BIT143\Lessons\Lesson_03\PCEs\PCE_03_VS_2010_NUnit_2_5_ExceptionHandling\03_PCE_StudentCode\Student_Answers.cs:line 149
at PCE_StarterProject.Test_QueueOfInts.Test_EnqueuePeekDequeue_Basic() in E:\Work\Website\Courses\BIT143\Lessons\Lesson_03\PCEs\PCE_03_VS_2010_NUnit_2_5_ExceptionHandling\02_PCE_ForTests\PCE_Tests_To_Run.cs:line 547
</pre>
              </td>
            </tr>
            <tr>
              <td class="FT_TestName">PCE_StarterProject.Test_QueueOfInts.Test_IsEmpty</td>
            </tr>
            <tr>
              <td class="FT_TestExplanation"><br><b>Error Message From The Test Itself:</b><br><pre>System.Exception : YOU NEED TO IMPLEMENT THIS!</pre><br><b>Stack Trace From The Test Itself:</b><br><pre>at PCE_StarterProject.QueueOfInts.isEmpty() in E:\Work\Website\Courses\BIT143\Lessons\Lesson_03\PCEs\PCE_03_VS_2010_NUnit_2_5_ExceptionHandling\03_PCE_StudentCode\Student_Answers.cs:line 145
at PCE_StarterProject.Test_QueueOfInts.Test_IsEmpty() in E:\Work\Website\Courses\BIT143\Lessons\Lesson_03\PCEs\PCE_03_VS_2010_NUnit_2_5_ExceptionHandling\02_PCE_ForTests\PCE_Tests_To_Run.cs:line 457
</pre>
              </td>
            </tr>
            <tr>
              <td class="FT_TestName">PCE_StarterProject.Test_QueueOfInts.Test_IsEmpty_After_Enqueue</td>
            </tr>
            <tr>
              <td class="FT_TestExplanation"><br><b>Error Message From The Test Itself:</b><br><pre>System.Exception : YOU NEED TO IMPLEMENT THIS!</pre><br><b>Stack Trace From The Test Itself:</b><br><pre>at PCE_StarterProject.QueueOfInts.Enqueue(Int32 item) in E:\Work\Website\Courses\BIT143\Lessons\Lesson_03\PCEs\PCE_03_VS_2010_NUnit_2_5_ExceptionHandling\03_PCE_StudentCode\Student_Answers.cs:line 149
at PCE_StarterProject.Test_QueueOfInts.Test_IsEmpty_After_Enqueue() in E:\Work\Website\Courses\BIT143\Lessons\Lesson_03\PCEs\PCE_03_VS_2010_NUnit_2_5_ExceptionHandling\02_PCE_ForTests\PCE_Tests_To_Run.cs:line 466
</pre>
              </td>
            </tr>
            <tr>
              <td class="FT_TestName">PCE_StarterProject.Test_QueueOfInts.Test_IsEmpty_After_EnqueueDequeue</td>
            </tr>
            <tr>
              <td class="FT_TestExplanation"><br><b>Error Message From The Test Itself:</b><br><pre>System.Exception : YOU NEED TO IMPLEMENT THIS!</pre><br><b>Stack Trace From The Test Itself:</b><br><pre>at PCE_StarterProject.QueueOfInts.Enqueue(Int32 item) in E:\Work\Website\Courses\BIT143\Lessons\Lesson_03\PCEs\PCE_03_VS_2010_NUnit_2_5_ExceptionHandling\03_PCE_StudentCode\Student_Answers.cs:line 149
at PCE_StarterProject.Test_QueueOfInts.Test_IsEmpty_After_EnqueueDequeue() in E:\Work\Website\Courses\BIT143\Lessons\Lesson_03\PCEs\PCE_03_VS_2010_NUnit_2_5_ExceptionHandling\02_PCE_ForTests\PCE_Tests_To_Run.cs:line 482
</pre>
              </td>
            </tr>
            <tr>
              <td class="FT_TestName">PCE_StarterProject.Test_QueueOfInts.Test_IsEmpty_After_Multiple_EnqueuesDequeues</td>
            </tr>
            <tr>
              <td class="FT_TestExplanation"><br><b>Error Message From The Test Itself:</b><br><pre>System.Exception : YOU NEED TO IMPLEMENT THIS!</pre><br><b>Stack Trace From The Test Itself:</b><br><pre>at PCE_StarterProject.QueueOfInts.Enqueue(Int32 item) in E:\Work\Website\Courses\BIT143\Lessons\Lesson_03\PCEs\PCE_03_VS_2010_NUnit_2_5_ExceptionHandling\03_PCE_StudentCode\Student_Answers.cs:line 149
at PCE_StarterProject.Test_QueueOfInts.Test_IsEmpty_After_Multiple_EnqueuesDequeues() in E:\Work\Website\Courses\BIT143\Lessons\Lesson_03\PCEs\PCE_03_VS_2010_NUnit_2_5_ExceptionHandling\02_PCE_ForTests\PCE_Tests_To_Run.cs:line 501
</pre>
              </td>
            </tr>
          </table>
        </td>
      </tr>
      <tr>
        <td colspan="2">
          <div class="PassedTests">Passed Tests</div>
        </td>
      </tr>
      <tr>
        <td colspan="2"> There are no passed tests</td>
      </tr>
      <tr>
        <td colspan="2">
          <div class="ExerciseTitle">Test_SmartArray_Basic</div>
        </td>
      </tr>
      <tr>
        <td>
          <div class="FailedTests">Failed Tests</div>
        </td>
        <td class="FT_PointPenalty">Point Penalty</td>
      </tr>
      <tr>
        <td class="FT_GradingCategory">                        Grading Category: 
						<i>SmartArray Basics</i></td>
        <td class="FT_PointPenalty">-1</td>
      </tr>
      <tr>
        <td class="FT_Explanation" colspan="2">
    There is a problem with your SmartArray and/or your
    Stack, and/or your Queue.  This test fails if any of those fail to
    pass the tests in Test_SmartArray_Basic.  You can tell which one based
    on whether the word in big blue title, above, starts with Test_Queue...,
    Test_SmartArray..., or Test_Stack...
   </td>
      </tr>
      <tr>
        <td colspan="2" style="border-top-width:0px">                    This penalty was triggered by the failure of the following tests:
					<table class="FT_ListOfTests">
            <tr>
              <td></td>
            </tr>
            <tr>
              <td class="FT_TestName">PCE_StarterProject.Test_SmartArray_Basic.Find_Value_Absent(-10)</td>
            </tr>
            <tr>
              <td class="FT_TestExplanation"><br><b>Error Message From The Test Itself:</b><br><pre>System.Exception : YOU NEED TO IMPLEMENT THIS!</pre><br><b>Stack Trace From The Test Itself:</b><br><pre>at PCE_StarterProject.SmartArray.Find(Int32 val) in E:\Work\Website\Courses\BIT143\Lessons\Lesson_03\PCEs\PCE_03_VS_2010_NUnit_2_5_ExceptionHandling\03_PCE_StudentCode\Student_Answers.cs:line 115
at PCE_StarterProject.Test_SmartArray_Basic.Find_Value_Absent(Int32 val) in E:\Work\Website\Courses\BIT143\Lessons\Lesson_03\PCEs\PCE_03_VS_2010_NUnit_2_5_ExceptionHandling\02_PCE_ForTests\PCE_Tests_To_Run.cs:line 287
</pre>
              </td>
            </tr>
            <tr>
              <td class="FT_TestName">PCE_StarterProject.Test_SmartArray_Basic.Find_Value_Absent(10)</td>
            </tr>
            <tr>
              <td class="FT_TestExplanation"><br><b>Error Message From The Test Itself:</b><br><pre>System.Exception : YOU NEED TO IMPLEMENT THIS!</pre><br><b>Stack Trace From The Test Itself:</b><br><pre>at PCE_StarterProject.SmartArray.Find(Int32 val) in E:\Work\Website\Courses\BIT143\Lessons\Lesson_03\PCEs\PCE_03_VS_2010_NUnit_2_5_ExceptionHandling\03_PCE_StudentCode\Student_Answers.cs:line 115
at PCE_StarterProject.Test_SmartArray_Basic.Find_Value_Absent(Int32 val) in E:\Work\Website\Courses\BIT143\Lessons\Lesson_03\PCEs\PCE_03_VS_2010_NUnit_2_5_ExceptionHandling\02_PCE_ForTests\PCE_Tests_To_Run.cs:line 287
</pre>
              </td>
            </tr>
            <tr>
              <td class="FT_TestName">PCE_StarterProject.Test_SmartArray_Basic.Find_Value_Absent(200)</td>
            </tr>
            <tr>
              <td class="FT_TestExplanation"><br><b>Error Message From The Test Itself:</b><br><pre>System.Exception : YOU NEED TO IMPLEMENT THIS!</pre><br><b>Stack Trace From The Test Itself:</b><br><pre>at PCE_StarterProject.SmartArray.Find(Int32 val) in E:\Work\Website\Courses\BIT143\Lessons\Lesson_03\PCEs\PCE_03_VS_2010_NUnit_2_5_ExceptionHandling\03_PCE_StudentCode\Student_Answers.cs:line 115
at PCE_StarterProject.Test_SmartArray_Basic.Find_Value_Absent(Int32 val) in E:\Work\Website\Courses\BIT143\Lessons\Lesson_03\PCEs\PCE_03_VS_2010_NUnit_2_5_ExceptionHandling\02_PCE_ForTests\PCE_Tests_To_Run.cs:line 287
</pre>
              </td>
            </tr>
            <tr>
              <td class="FT_TestName">PCE_StarterProject.Test_SmartArray_Basic.Find_Value_Absent(20)</td>
            </tr>
            <tr>
              <td class="FT_TestExplanation"><br><b>Error Message From The Test Itself:</b><br><pre>System.Exception : YOU NEED TO IMPLEMENT THIS!</pre><br><b>Stack Trace From The Test Itself:</b><br><pre>at PCE_StarterProject.SmartArray.Find(Int32 val) in E:\Work\Website\Courses\BIT143\Lessons\Lesson_03\PCEs\PCE_03_VS_2010_NUnit_2_5_ExceptionHandling\03_PCE_StudentCode\Student_Answers.cs:line 115
at PCE_StarterProject.Test_SmartArray_Basic.Find_Value_Absent(Int32 val) in E:\Work\Website\Courses\BIT143\Lessons\Lesson_03\PCEs\PCE_03_VS_2010_NUnit_2_5_ExceptionHandling\02_PCE_ForTests\PCE_Tests_To_Run.cs:line 287
</pre>
              </td>
            </tr>
            <tr>
              <td class="FT_TestName">PCE_StarterProject.Test_SmartArray_Basic.Find_Value_Present(0,-10)</td>
            </tr>
            <tr>
              <td class="FT_TestExplanation"><br><b>Error Message From The Test Itself:</b><br><pre>System.Exception : YOU NEED TO IMPLEMENT THIS!</pre><br><b>Stack Trace From The Test Itself:</b><br><pre>at PCE_StarterProject.SmartArray.Find(Int32 val) in E:\Work\Website\Courses\BIT143\Lessons\Lesson_03\PCEs\PCE_03_VS_2010_NUnit_2_5_ExceptionHandling\03_PCE_StudentCode\Student_Answers.cs:line 115
at PCE_StarterProject.Test_SmartArray_Basic.Find_Value_Present(Int32 index, Int32 val) in E:\Work\Website\Courses\BIT143\Lessons\Lesson_03\PCEs\PCE_03_VS_2010_NUnit_2_5_ExceptionHandling\02_PCE_ForTests\PCE_Tests_To_Run.cs:line 251
</pre>
              </td>
            </tr>
            <tr>
              <td class="FT_TestName">PCE_StarterProject.Test_SmartArray_Basic.Find_Value_Present(0,10)</td>
            </tr>
            <tr>
              <td class="FT_TestExplanation"><br><b>Error Message From The Test Itself:</b><br><pre>System.Exception : YOU NEED TO IMPLEMENT THIS!</pre><br><b>Stack Trace From The Test Itself:</b><br><pre>at PCE_StarterProject.SmartArray.Find(Int32 val) in E:\Work\Website\Courses\BIT143\Lessons\Lesson_03\PCEs\PCE_03_VS_2010_NUnit_2_5_ExceptionHandling\03_PCE_StudentCode\Student_Answers.cs:line 115
at PCE_StarterProject.Test_SmartArray_Basic.Find_Value_Present(Int32 index, Int32 val) in E:\Work\Website\Courses\BIT143\Lessons\Lesson_03\PCEs\PCE_03_VS_2010_NUnit_2_5_ExceptionHandling\02_PCE_ForTests\PCE_Tests_To_Run.cs:line 251
</pre>
              </td>
            </tr>
            <tr>
              <td class="FT_TestName">PCE_StarterProject.Test_SmartArray_Basic.Find_Value_Present(0,200)</td>
            </tr>
            <tr>
              <td class="FT_TestExplanation"><br><b>Error Message From The Test Itself:</b><br><pre>System.Exception : YOU NEED TO IMPLEMENT THIS!</pre><br><b>Stack Trace From The Test Itself:</b><br><pre>at PCE_StarterProject.SmartArray.Find(Int32 val) in E:\Work\Website\Courses\BIT143\Lessons\Lesson_03\PCEs\PCE_03_VS_2010_NUnit_2_5_ExceptionHandling\03_PCE_StudentCode\Student_Answers.cs:line 115
at PCE_StarterProject.Test_SmartArray_Basic.Find_Value_Present(Int32 index, Int32 val) in E:\Work\Website\Courses\BIT143\Lessons\Lesson_03\PCEs\PCE_03_VS_2010_NUnit_2_5_ExceptionHandling\02_PCE_ForTests\PCE_Tests_To_Run.cs:line 251
</pre>
              </td>
            </tr>
            <tr>
              <td class="FT_TestName">PCE_StarterProject.Test_SmartArray_Basic.Find_Value_Present(0,20)</td>
            </tr>
            <tr>
              <td class="FT_TestExplanation"><br><b>Error Message From The Test Itself:</b><br><pre>System.Exception : YOU NEED TO IMPLEMENT THIS!</pre><br><b>Stack Trace From The Test Itself:</b><br><pre>at PCE_StarterProject.SmartArray.Find(Int32 val) in E:\Work\Website\Courses\BIT143\Lessons\Lesson_03\PCEs\PCE_03_VS_2010_NUnit_2_5_ExceptionHandling\03_PCE_StudentCode\Student_Answers.cs:line 115
at PCE_StarterProject.Test_SmartArray_Basic.Find_Value_Present(Int32 index, Int32 val) in E:\Work\Website\Courses\BIT143\Lessons\Lesson_03\PCEs\PCE_03_VS_2010_NUnit_2_5_ExceptionHandling\02_PCE_ForTests\PCE_Tests_To_Run.cs:line 251
</pre>
              </td>
            </tr>
            <tr>
              <td class="FT_TestName">PCE_StarterProject.Test_SmartArray_Basic.Find_Value_Present(1,-10)</td>
            </tr>
            <tr>
              <td class="FT_TestExplanation"><br><b>Error Message From The Test Itself:</b><br><pre>System.Exception : YOU NEED TO IMPLEMENT THIS!</pre><br><b>Stack Trace From The Test Itself:</b><br><pre>at PCE_StarterProject.SmartArray.Find(Int32 val) in E:\Work\Website\Courses\BIT143\Lessons\Lesson_03\PCEs\PCE_03_VS_2010_NUnit_2_5_ExceptionHandling\03_PCE_StudentCode\Student_Answers.cs:line 115
at PCE_StarterProject.Test_SmartArray_Basic.Find_Value_Present(Int32 index, Int32 val) in E:\Work\Website\Courses\BIT143\Lessons\Lesson_03\PCEs\PCE_03_VS_2010_NUnit_2_5_ExceptionHandling\02_PCE_ForTests\PCE_Tests_To_Run.cs:line 251
</pre>
              </td>
            </tr>
            <tr>
              <td class="FT_TestName">PCE_StarterProject.Test_SmartArray_Basic.Find_Value_Present(1,10)</td>
            </tr>
            <tr>
              <td class="FT_TestExplanation"><br><b>Error Message From The Test Itself:</b><br><pre>System.Exception : YOU NEED TO IMPLEMENT THIS!</pre><br><b>Stack Trace From The Test Itself:</b><br><pre>at PCE_StarterProject.SmartArray.Find(Int32 val) in E:\Work\Website\Courses\BIT143\Lessons\Lesson_03\PCEs\PCE_03_VS_2010_NUnit_2_5_ExceptionHandling\03_PCE_StudentCode\Student_Answers.cs:line 115
at PCE_StarterProject.Test_SmartArray_Basic.Find_Value_Present(Int32 index, Int32 val) in E:\Work\Website\Courses\BIT143\Lessons\Lesson_03\PCEs\PCE_03_VS_2010_NUnit_2_5_ExceptionHandling\02_PCE_ForTests\PCE_Tests_To_Run.cs:line 251
</pre>
              </td>
            </tr>
            <tr>
              <td class="FT_TestName">PCE_StarterProject.Test_SmartArray_Basic.Find_Value_Present(1,200)</td>
            </tr>
            <tr>
              <td class="FT_TestExplanation"><br><b>Error Message From The Test Itself:</b><br><pre>System.Exception : YOU NEED TO IMPLEMENT THIS!</pre><br><b>Stack Trace From The Test Itself:</b><br><pre>at PCE_StarterProject.SmartArray.Find(Int32 val) in E:\Work\Website\Courses\BIT143\Lessons\Lesson_03\PCEs\PCE_03_VS_2010_NUnit_2_5_ExceptionHandling\03_PCE_StudentCode\Student_Answers.cs:line 115
at PCE_StarterProject.Test_SmartArray_Basic.Find_Value_Present(Int32 index, Int32 val) in E:\Work\Website\Courses\BIT143\Lessons\Lesson_03\PCEs\PCE_03_VS_2010_NUnit_2_5_ExceptionHandling\02_PCE_ForTests\PCE_Tests_To_Run.cs:line 251
</pre>
              </td>
            </tr>
            <tr>
              <td class="FT_TestName">PCE_StarterProject.Test_SmartArray_Basic.Find_Value_Present(1,20)</td>
            </tr>
            <tr>
              <td class="FT_TestExplanation"><br><b>Error Message From The Test Itself:</b><br><pre>System.Exception : YOU NEED TO IMPLEMENT THIS!</pre><br><b>Stack Trace From The Test Itself:</b><br><pre>at PCE_StarterProject.SmartArray.Find(Int32 val) in E:\Work\Website\Courses\BIT143\Lessons\Lesson_03\PCEs\PCE_03_VS_2010_NUnit_2_5_ExceptionHandling\03_PCE_StudentCode\Student_Answers.cs:line 115
at PCE_StarterProject.Test_SmartArray_Basic.Find_Value_Present(Int32 index, Int32 val) in E:\Work\Website\Courses\BIT143\Lessons\Lesson_03\PCEs\PCE_03_VS_2010_NUnit_2_5_ExceptionHandling\02_PCE_ForTests\PCE_Tests_To_Run.cs:line 251
</pre>
              </td>
            </tr>
            <tr>
              <td class="FT_TestName">PCE_StarterProject.Test_SmartArray_Basic.Find_Value_Present(2,-10)</td>
            </tr>
            <tr>
              <td class="FT_TestExplanation"><br><b>Error Message From The Test Itself:</b><br><pre>System.Exception : YOU NEED TO IMPLEMENT THIS!</pre><br><b>Stack Trace From The Test Itself:</b><br><pre>at PCE_StarterProject.SmartArray.Find(Int32 val) in E:\Work\Website\Courses\BIT143\Lessons\Lesson_03\PCEs\PCE_03_VS_2010_NUnit_2_5_ExceptionHandling\03_PCE_StudentCode\Student_Answers.cs:line 115
at PCE_StarterProject.Test_SmartArray_Basic.Find_Value_Present(Int32 index, Int32 val) in E:\Work\Website\Courses\BIT143\Lessons\Lesson_03\PCEs\PCE_03_VS_2010_NUnit_2_5_ExceptionHandling\02_PCE_ForTests\PCE_Tests_To_Run.cs:line 251
</pre>
              </td>
            </tr>
            <tr>
              <td class="FT_TestName">PCE_StarterProject.Test_SmartArray_Basic.Find_Value_Present(2,10)</td>
            </tr>
            <tr>
              <td class="FT_TestExplanation"><br><b>Error Message From The Test Itself:</b><br><pre>System.Exception : YOU NEED TO IMPLEMENT THIS!</pre><br><b>Stack Trace From The Test Itself:</b><br><pre>at PCE_StarterProject.SmartArray.Find(Int32 val) in E:\Work\Website\Courses\BIT143\Lessons\Lesson_03\PCEs\PCE_03_VS_2010_NUnit_2_5_ExceptionHandling\03_PCE_StudentCode\Student_Answers.cs:line 115
at PCE_StarterProject.Test_SmartArray_Basic.Find_Value_Present(Int32 index, Int32 val) in E:\Work\Website\Courses\BIT143\Lessons\Lesson_03\PCEs\PCE_03_VS_2010_NUnit_2_5_ExceptionHandling\02_PCE_ForTests\PCE_Tests_To_Run.cs:line 251
</pre>
              </td>
            </tr>
            <tr>
              <td class="FT_TestName">PCE_StarterProject.Test_SmartArray_Basic.Find_Value_Present(2,200)</td>
            </tr>
            <tr>
              <td class="FT_TestExplanation"><br><b>Error Message From The Test Itself:</b><br><pre>System.Exception : YOU NEED TO IMPLEMENT THIS!</pre><br><b>Stack Trace From The Test Itself:</b><br><pre>at PCE_StarterProject.SmartArray.Find(Int32 val) in E:\Work\Website\Courses\BIT143\Lessons\Lesson_03\PCEs\PCE_03_VS_2010_NUnit_2_5_ExceptionHandling\03_PCE_StudentCode\Student_Answers.cs:line 115
at PCE_StarterProject.Test_SmartArray_Basic.Find_Value_Present(Int32 index, Int32 val) in E:\Work\Website\Courses\BIT143\Lessons\Lesson_03\PCEs\PCE_03_VS_2010_NUnit_2_5_ExceptionHandling\02_PCE_ForTests\PCE_Tests_To_Run.cs:line 251
</pre>
              </td>
            </tr>
            <tr>
              <td class="FT_TestName">PCE_StarterProject.Test_SmartArray_Basic.Find_Value_Present(2,20)</td>
            </tr>
            <tr>
              <td class="FT_TestExplanation"><br><b>Error Message From The Test Itself:</b><br><pre>System.Exception : YOU NEED TO IMPLEMENT THIS!</pre><br><b>Stack Trace From The Test Itself:</b><br><pre>at PCE_StarterProject.SmartArray.Find(Int32 val) in E:\Work\Website\Courses\BIT143\Lessons\Lesson_03\PCEs\PCE_03_VS_2010_NUnit_2_5_ExceptionHandling\03_PCE_StudentCode\Student_Answers.cs:line 115
at PCE_StarterProject.Test_SmartArray_Basic.Find_Value_Present(Int32 index, Int32 val) in E:\Work\Website\Courses\BIT143\Lessons\Lesson_03\PCEs\PCE_03_VS_2010_NUnit_2_5_ExceptionHandling\02_PCE_ForTests\PCE_Tests_To_Run.cs:line 251
</pre>
              </td>
            </tr>
            <tr>
              <td class="FT_TestName">PCE_StarterProject.Test_SmartArray_Basic.Find_Value_Present(3,-10)</td>
            </tr>
            <tr>
              <td class="FT_TestExplanation"><br><b>Error Message From The Test Itself:</b><br><pre>System.Exception : YOU NEED TO IMPLEMENT THIS!</pre><br><b>Stack Trace From The Test Itself:</b><br><pre>at PCE_StarterProject.SmartArray.Find(Int32 val) in E:\Work\Website\Courses\BIT143\Lessons\Lesson_03\PCEs\PCE_03_VS_2010_NUnit_2_5_ExceptionHandling\03_PCE_StudentCode\Student_Answers.cs:line 115
at PCE_StarterProject.Test_SmartArray_Basic.Find_Value_Present(Int32 index, Int32 val) in E:\Work\Website\Courses\BIT143\Lessons\Lesson_03\PCEs\PCE_03_VS_2010_NUnit_2_5_ExceptionHandling\02_PCE_ForTests\PCE_Tests_To_Run.cs:line 251
</pre>
              </td>
            </tr>
            <tr>
              <td class="FT_TestName">PCE_StarterProject.Test_SmartArray_Basic.Find_Value_Present(3,10)</td>
            </tr>
            <tr>
              <td class="FT_TestExplanation"><br><b>Error Message From The Test Itself:</b><br><pre>System.Exception : YOU NEED TO IMPLEMENT THIS!</pre><br><b>Stack Trace From The Test Itself:</b><br><pre>at PCE_StarterProject.SmartArray.Find(Int32 val) in E:\Work\Website\Courses\BIT143\Lessons\Lesson_03\PCEs\PCE_03_VS_2010_NUnit_2_5_ExceptionHandling\03_PCE_StudentCode\Student_Answers.cs:line 115
at PCE_StarterProject.Test_SmartArray_Basic.Find_Value_Present(Int32 index, Int32 val) in E:\Work\Website\Courses\BIT143\Lessons\Lesson_03\PCEs\PCE_03_VS_2010_NUnit_2_5_ExceptionHandling\02_PCE_ForTests\PCE_Tests_To_Run.cs:line 251
</pre>
              </td>
            </tr>
            <tr>
              <td class="FT_TestName">PCE_StarterProject.Test_SmartArray_Basic.Find_Value_Present(3,200)</td>
            </tr>
            <tr>
              <td class="FT_TestExplanation"><br><b>Error Message From The Test Itself:</b><br><pre>System.Exception : YOU NEED TO IMPLEMENT THIS!</pre><br><b>Stack Trace From The Test Itself:</b><br><pre>at PCE_StarterProject.SmartArray.Find(Int32 val) in E:\Work\Website\Courses\BIT143\Lessons\Lesson_03\PCEs\PCE_03_VS_2010_NUnit_2_5_ExceptionHandling\03_PCE_StudentCode\Student_Answers.cs:line 115
at PCE_StarterProject.Test_SmartArray_Basic.Find_Value_Present(Int32 index, Int32 val) in E:\Work\Website\Courses\BIT143\Lessons\Lesson_03\PCEs\PCE_03_VS_2010_NUnit_2_5_ExceptionHandling\02_PCE_ForTests\PCE_Tests_To_Run.cs:line 251
</pre>
              </td>
            </tr>
            <tr>
              <td class="FT_TestName">PCE_StarterProject.Test_SmartArray_Basic.Find_Value_Present(3,20)</td>
            </tr>
            <tr>
              <td class="FT_TestExplanation"><br><b>Error Message From The Test Itself:</b><br><pre>System.Exception : YOU NEED TO IMPLEMENT THIS!</pre><br><b>Stack Trace From The Test Itself:</b><br><pre>at PCE_StarterProject.SmartArray.Find(Int32 val) in E:\Work\Website\Courses\BIT143\Lessons\Lesson_03\PCEs\PCE_03_VS_2010_NUnit_2_5_ExceptionHandling\03_PCE_StudentCode\Student_Answers.cs:line 115
at PCE_StarterProject.Test_SmartArray_Basic.Find_Value_Present(Int32 index, Int32 val) in E:\Work\Website\Courses\BIT143\Lessons\Lesson_03\PCEs\PCE_03_VS_2010_NUnit_2_5_ExceptionHandling\02_PCE_ForTests\PCE_Tests_To_Run.cs:line 251
</pre>
              </td>
            </tr>
            <tr>
              <td class="FT_TestName">PCE_StarterProject.Test_SmartArray_Basic.Find_Value_Present(4,-10)</td>
            </tr>
            <tr>
              <td class="FT_TestExplanation"><br><b>Error Message From The Test Itself:</b><br><pre>System.Exception : YOU NEED TO IMPLEMENT THIS!</pre><br><b>Stack Trace From The Test Itself:</b><br><pre>at PCE_StarterProject.SmartArray.Find(Int32 val) in E:\Work\Website\Courses\BIT143\Lessons\Lesson_03\PCEs\PCE_03_VS_2010_NUnit_2_5_ExceptionHandling\03_PCE_StudentCode\Student_Answers.cs:line 115
at PCE_StarterProject.Test_SmartArray_Basic.Find_Value_Present(Int32 index, Int32 val) in E:\Work\Website\Courses\BIT143\Lessons\Lesson_03\PCEs\PCE_03_VS_2010_NUnit_2_5_ExceptionHandling\02_PCE_ForTests\PCE_Tests_To_Run.cs:line 251
</pre>
              </td>
            </tr>
            <tr>
              <td class="FT_TestName">PCE_StarterProject.Test_SmartArray_Basic.Find_Value_Present(4,10)</td>
            </tr>
            <tr>
              <td class="FT_TestExplanation"><br><b>Error Message From The Test Itself:</b><br><pre>System.Exception : YOU NEED TO IMPLEMENT THIS!</pre><br><b>Stack Trace From The Test Itself:</b><br><pre>at PCE_StarterProject.SmartArray.Find(Int32 val) in E:\Work\Website\Courses\BIT143\Lessons\Lesson_03\PCEs\PCE_03_VS_2010_NUnit_2_5_ExceptionHandling\03_PCE_StudentCode\Student_Answers.cs:line 115
at PCE_StarterProject.Test_SmartArray_Basic.Find_Value_Present(Int32 index, Int32 val) in E:\Work\Website\Courses\BIT143\Lessons\Lesson_03\PCEs\PCE_03_VS_2010_NUnit_2_5_ExceptionHandling\02_PCE_ForTests\PCE_Tests_To_Run.cs:line 251
</pre>
              </td>
            </tr>
            <tr>
              <td class="FT_TestName">PCE_StarterProject.Test_SmartArray_Basic.Find_Value_Present(4,200)</td>
            </tr>
            <tr>
              <td class="FT_TestExplanation"><br><b>Error Message From The Test Itself:</b><br><pre>System.Exception : YOU NEED TO IMPLEMENT THIS!</pre><br><b>Stack Trace From The Test Itself:</b><br><pre>at PCE_StarterProject.SmartArray.Find(Int32 val) in E:\Work\Website\Courses\BIT143\Lessons\Lesson_03\PCEs\PCE_03_VS_2010_NUnit_2_5_ExceptionHandling\03_PCE_StudentCode\Student_Answers.cs:line 115
at PCE_StarterProject.Test_SmartArray_Basic.Find_Value_Present(Int32 index, Int32 val) in E:\Work\Website\Courses\BIT143\Lessons\Lesson_03\PCEs\PCE_03_VS_2010_NUnit_2_5_ExceptionHandling\02_PCE_ForTests\PCE_Tests_To_Run.cs:line 251
</pre>
              </td>
            </tr>
            <tr>
              <td class="FT_TestName">PCE_StarterProject.Test_SmartArray_Basic.Find_Value_Present(4,20)</td>
            </tr>
            <tr>
              <td class="FT_TestExplanation"><br><b>Error Message From The Test Itself:</b><br><pre>System.Exception : YOU NEED TO IMPLEMENT THIS!</pre><br><b>Stack Trace From The Test Itself:</b><br><pre>at PCE_StarterProject.SmartArray.Find(Int32 val) in E:\Work\Website\Courses\BIT143\Lessons\Lesson_03\PCEs\PCE_03_VS_2010_NUnit_2_5_ExceptionHandling\03_PCE_StudentCode\Student_Answers.cs:line 115
at PCE_StarterProject.Test_SmartArray_Basic.Find_Value_Present(Int32 index, Int32 val) in E:\Work\Website\Courses\BIT143\Lessons\Lesson_03\PCEs\PCE_03_VS_2010_NUnit_2_5_ExceptionHandling\02_PCE_ForTests\PCE_Tests_To_Run.cs:line 251
</pre>
              </td>
            </tr>
            <tr>
              <td class="FT_TestName">PCE_StarterProject.Test_SmartArray_Basic.Find_Zero</td>
            </tr>
            <tr>
              <td class="FT_TestExplanation"><br><b>Error Message From The Test Itself:</b><br><pre>System.Exception : YOU NEED TO IMPLEMENT THIS!</pre><br><b>Stack Trace From The Test Itself:</b><br><pre>at PCE_StarterProject.SmartArray.Find(Int32 val) in E:\Work\Website\Courses\BIT143\Lessons\Lesson_03\PCEs\PCE_03_VS_2010_NUnit_2_5_ExceptionHandling\03_PCE_StudentCode\Student_Answers.cs:line 115
at PCE_StarterProject.Test_SmartArray_Basic.Find_Zero() in E:\Work\Website\Courses\BIT143\Lessons\Lesson_03\PCEs\PCE_03_VS_2010_NUnit_2_5_ExceptionHandling\02_PCE_ForTests\PCE_Tests_To_Run.cs:line 227
</pre>
              </td>
            </tr>
            <tr>
              <td class="FT_TestName">PCE_StarterProject.Test_SmartArray_Basic.GetAtIndex(0)</td>
            </tr>
            <tr>
              <td class="FT_TestExplanation"><br><b>Error Message From The Test Itself:</b><br><pre>System.Exception : YOU NEED TO IMPLEMENT THIS!</pre><br><b>Stack Trace From The Test Itself:</b><br><pre>at PCE_StarterProject.SmartArray.GetAtIndex(Int32 idx, Int32&amp; val) in E:\Work\Website\Courses\BIT143\Lessons\Lesson_03\PCEs\PCE_03_VS_2010_NUnit_2_5_ExceptionHandling\03_PCE_StudentCode\Student_Answers.cs:line 103
at PCE_StarterProject.Test_SmartArray_Basic.GetAtIndex(Int32 index) in E:\Work\Website\Courses\BIT143\Lessons\Lesson_03\PCEs\PCE_03_VS_2010_NUnit_2_5_ExceptionHandling\02_PCE_ForTests\PCE_Tests_To_Run.cs:line 138
</pre>
              </td>
            </tr>
            <tr>
              <td class="FT_TestName">PCE_StarterProject.Test_SmartArray_Basic.GetAtIndex(1)</td>
            </tr>
            <tr>
              <td class="FT_TestExplanation"><br><b>Error Message From The Test Itself:</b><br><pre>System.Exception : YOU NEED TO IMPLEMENT THIS!</pre><br><b>Stack Trace From The Test Itself:</b><br><pre>at PCE_StarterProject.SmartArray.GetAtIndex(Int32 idx, Int32&amp; val) in E:\Work\Website\Courses\BIT143\Lessons\Lesson_03\PCEs\PCE_03_VS_2010_NUnit_2_5_ExceptionHandling\03_PCE_StudentCode\Student_Answers.cs:line 103
at PCE_StarterProject.Test_SmartArray_Basic.GetAtIndex(Int32 index) in E:\Work\Website\Courses\BIT143\Lessons\Lesson_03\PCEs\PCE_03_VS_2010_NUnit_2_5_ExceptionHandling\02_PCE_ForTests\PCE_Tests_To_Run.cs:line 138
</pre>
              </td>
            </tr>
            <tr>
              <td class="FT_TestName">PCE_StarterProject.Test_SmartArray_Basic.GetAtIndex(2)</td>
            </tr>
            <tr>
              <td class="FT_TestExplanation"><br><b>Error Message From The Test Itself:</b><br><pre>System.Exception : YOU NEED TO IMPLEMENT THIS!</pre><br><b>Stack Trace From The Test Itself:</b><br><pre>at PCE_StarterProject.SmartArray.GetAtIndex(Int32 idx, Int32&amp; val) in E:\Work\Website\Courses\BIT143\Lessons\Lesson_03\PCEs\PCE_03_VS_2010_NUnit_2_5_ExceptionHandling\03_PCE_StudentCode\Student_Answers.cs:line 103
at PCE_StarterProject.Test_SmartArray_Basic.GetAtIndex(Int32 index) in E:\Work\Website\Courses\BIT143\Lessons\Lesson_03\PCEs\PCE_03_VS_2010_NUnit_2_5_ExceptionHandling\02_PCE_ForTests\PCE_Tests_To_Run.cs:line 138
</pre>
              </td>
            </tr>
            <tr>
              <td class="FT_TestName">PCE_StarterProject.Test_SmartArray_Basic.GetAtIndex(3)</td>
            </tr>
            <tr>
              <td class="FT_TestExplanation"><br><b>Error Message From The Test Itself:</b><br><pre>System.Exception : YOU NEED TO IMPLEMENT THIS!</pre><br><b>Stack Trace From The Test Itself:</b><br><pre>at PCE_StarterProject.SmartArray.GetAtIndex(Int32 idx, Int32&amp; val) in E:\Work\Website\Courses\BIT143\Lessons\Lesson_03\PCEs\PCE_03_VS_2010_NUnit_2_5_ExceptionHandling\03_PCE_StudentCode\Student_Answers.cs:line 103
at PCE_StarterProject.Test_SmartArray_Basic.GetAtIndex(Int32 index) in E:\Work\Website\Courses\BIT143\Lessons\Lesson_03\PCEs\PCE_03_VS_2010_NUnit_2_5_ExceptionHandling\02_PCE_ForTests\PCE_Tests_To_Run.cs:line 138
</pre>
              </td>
            </tr>
            <tr>
              <td class="FT_TestName">PCE_StarterProject.Test_SmartArray_Basic.GetAtIndex(4)</td>
            </tr>
            <tr>
              <td class="FT_TestExplanation"><br><b>Error Message From The Test Itself:</b><br><pre>System.Exception : YOU NEED TO IMPLEMENT THIS!</pre><br><b>Stack Trace From The Test Itself:</b><br><pre>at PCE_StarterProject.SmartArray.GetAtIndex(Int32 idx, Int32&amp; val) in E:\Work\Website\Courses\BIT143\Lessons\Lesson_03\PCEs\PCE_03_VS_2010_NUnit_2_5_ExceptionHandling\03_PCE_StudentCode\Student_Answers.cs:line 103
at PCE_StarterProject.Test_SmartArray_Basic.GetAtIndex(Int32 index) in E:\Work\Website\Courses\BIT143\Lessons\Lesson_03\PCEs\PCE_03_VS_2010_NUnit_2_5_ExceptionHandling\02_PCE_ForTests\PCE_Tests_To_Run.cs:line 138
</pre>
              </td>
            </tr>
            <tr>
              <td class="FT_TestName">PCE_StarterProject.Test_SmartArray_Basic.GetAtIndex_OutOfBounds_Hi(5)</td>
            </tr>
            <tr>
              <td class="FT_TestExplanation"><br><b>Error Message From The Test Itself:</b><br><pre>System.Exception : YOU NEED TO IMPLEMENT THIS!</pre><br><b>Stack Trace From The Test Itself:</b><br><pre>at PCE_StarterProject.SmartArray.GetAtIndex(Int32 idx, Int32&amp; val) in E:\Work\Website\Courses\BIT143\Lessons\Lesson_03\PCEs\PCE_03_VS_2010_NUnit_2_5_ExceptionHandling\03_PCE_StudentCode\Student_Answers.cs:line 103
at PCE_StarterProject.Test_SmartArray_Basic.GetAtIndex_OutOfBounds_Hi(Int32 index) in E:\Work\Website\Courses\BIT143\Lessons\Lesson_03\PCEs\PCE_03_VS_2010_NUnit_2_5_ExceptionHandling\02_PCE_ForTests\PCE_Tests_To_Run.cs:line 154
</pre>
              </td>
            </tr>
            <tr>
              <td class="FT_TestName">PCE_StarterProject.Test_SmartArray_Basic.GetAtIndex_OutOfBounds_Hi(6)</td>
            </tr>
            <tr>
              <td class="FT_TestExplanation"><br><b>Error Message From The Test Itself:</b><br><pre>System.Exception : YOU NEED TO IMPLEMENT THIS!</pre><br><b>Stack Trace From The Test Itself:</b><br><pre>at PCE_StarterProject.SmartArray.GetAtIndex(Int32 idx, Int32&amp; val) in E:\Work\Website\Courses\BIT143\Lessons\Lesson_03\PCEs\PCE_03_VS_2010_NUnit_2_5_ExceptionHandling\03_PCE_StudentCode\Student_Answers.cs:line 103
at PCE_StarterProject.Test_SmartArray_Basic.GetAtIndex_OutOfBounds_Hi(Int32 index) in E:\Work\Website\Courses\BIT143\Lessons\Lesson_03\PCEs\PCE_03_VS_2010_NUnit_2_5_ExceptionHandling\02_PCE_ForTests\PCE_Tests_To_Run.cs:line 154
</pre>
              </td>
            </tr>
            <tr>
              <td class="FT_TestName">PCE_StarterProject.Test_SmartArray_Basic.GetAtIndex_OutOfBounds_Hi(10)</td>
            </tr>
            <tr>
              <td class="FT_TestExplanation"><br><b>Error Message From The Test Itself:</b><br><pre>System.Exception : YOU NEED TO IMPLEMENT THIS!</pre><br><b>Stack Trace From The Test Itself:</b><br><pre>at PCE_StarterProject.SmartArray.GetAtIndex(Int32 idx, Int32&amp; val) in E:\Work\Website\Courses\BIT143\Lessons\Lesson_03\PCEs\PCE_03_VS_2010_NUnit_2_5_ExceptionHandling\03_PCE_StudentCode\Student_Answers.cs:line 103
at PCE_StarterProject.Test_SmartArray_Basic.GetAtIndex_OutOfBounds_Hi(Int32 index) in E:\Work\Website\Courses\BIT143\Lessons\Lesson_03\PCEs\PCE_03_VS_2010_NUnit_2_5_ExceptionHandling\02_PCE_ForTests\PCE_Tests_To_Run.cs:line 154
</pre>
              </td>
            </tr>
            <tr>
              <td class="FT_TestName">PCE_StarterProject.Test_SmartArray_Basic.GetAtIndex_OutOfBounds_Lo(-1)</td>
            </tr>
            <tr>
              <td class="FT_TestExplanation"><br><b>Error Message From The Test Itself:</b><br><pre>System.Exception : YOU NEED TO IMPLEMENT THIS!</pre><br><b>Stack Trace From The Test Itself:</b><br><pre>at PCE_StarterProject.SmartArray.GetAtIndex(Int32 idx, Int32&amp; val) in E:\Work\Website\Courses\BIT143\Lessons\Lesson_03\PCEs\PCE_03_VS_2010_NUnit_2_5_ExceptionHandling\03_PCE_StudentCode\Student_Answers.cs:line 103
at PCE_StarterProject.Test_SmartArray_Basic.GetAtIndex_OutOfBounds_Lo(Int32 index) in E:\Work\Website\Courses\BIT143\Lessons\Lesson_03\PCEs\PCE_03_VS_2010_NUnit_2_5_ExceptionHandling\02_PCE_ForTests\PCE_Tests_To_Run.cs:line 168
</pre>
              </td>
            </tr>
            <tr>
              <td class="FT_TestName">PCE_StarterProject.Test_SmartArray_Basic.GetAtIndex_OutOfBounds_Lo(-2)</td>
            </tr>
            <tr>
              <td class="FT_TestExplanation"><br><b>Error Message From The Test Itself:</b><br><pre>System.Exception : YOU NEED TO IMPLEMENT THIS!</pre><br><b>Stack Trace From The Test Itself:</b><br><pre>at PCE_StarterProject.SmartArray.GetAtIndex(Int32 idx, Int32&amp; val) in E:\Work\Website\Courses\BIT143\Lessons\Lesson_03\PCEs\PCE_03_VS_2010_NUnit_2_5_ExceptionHandling\03_PCE_StudentCode\Student_Answers.cs:line 103
at PCE_StarterProject.Test_SmartArray_Basic.GetAtIndex_OutOfBounds_Lo(Int32 index) in E:\Work\Website\Courses\BIT143\Lessons\Lesson_03\PCEs\PCE_03_VS_2010_NUnit_2_5_ExceptionHandling\02_PCE_ForTests\PCE_Tests_To_Run.cs:line 168
</pre>
              </td>
            </tr>
            <tr>
              <td class="FT_TestName">PCE_StarterProject.Test_SmartArray_Basic.GetAtIndex_OutOfBounds_Lo(-10)</td>
            </tr>
            <tr>
              <td class="FT_TestExplanation"><br><b>Error Message From The Test Itself:</b><br><pre>System.Exception : YOU NEED TO IMPLEMENT THIS!</pre><br><b>Stack Trace From The Test Itself:</b><br><pre>at PCE_StarterProject.SmartArray.GetAtIndex(Int32 idx, Int32&amp; val) in E:\Work\Website\Courses\BIT143\Lessons\Lesson_03\PCEs\PCE_03_VS_2010_NUnit_2_5_ExceptionHandling\03_PCE_StudentCode\Student_Answers.cs:line 103
at PCE_StarterProject.Test_SmartArray_Basic.GetAtIndex_OutOfBounds_Lo(Int32 index) in E:\Work\Website\Courses\BIT143\Lessons\Lesson_03\PCEs\PCE_03_VS_2010_NUnit_2_5_ExceptionHandling\02_PCE_ForTests\PCE_Tests_To_Run.cs:line 168
</pre>
              </td>
            </tr>
            <tr>
              <td class="FT_TestName">PCE_StarterProject.Test_SmartArray_Basic.Print_All_Elts_Empty</td>
            </tr>
            <tr>
              <td class="FT_TestExplanation"><br><b>Error Message From The Test Itself:</b><br><pre>System.Exception : YOU NEED TO IMPLEMENT THIS!</pre><br><b>Stack Trace From The Test Itself:</b><br><pre>at PCE_StarterProject.SmartArray.PrintAllElements() in E:\Work\Website\Courses\BIT143\Lessons\Lesson_03\PCEs\PCE_03_VS_2010_NUnit_2_5_ExceptionHandling\03_PCE_StudentCode\Student_Answers.cs:line 110
at PCE_StarterProject.Test_SmartArray_Basic.Print_All_Elts_Empty() in E:\Work\Website\Courses\BIT143\Lessons\Lesson_03\PCEs\PCE_03_VS_2010_NUnit_2_5_ExceptionHandling\02_PCE_ForTests\PCE_Tests_To_Run.cs:line 82
</pre>
              </td>
            </tr>
            <tr>
              <td class="FT_TestName">PCE_StarterProject.Test_SmartArray_Basic.Print_All_Elts_Set</td>
            </tr>
            <tr>
              <td class="FT_TestExplanation"><br><b>Error Message From The Test Itself:</b><br><pre>System.Exception : YOU NEED TO IMPLEMENT THIS!</pre><br><b>Stack Trace From The Test Itself:</b><br><pre>at PCE_StarterProject.SmartArray.PrintAllElements() in E:\Work\Website\Courses\BIT143\Lessons\Lesson_03\PCEs\PCE_03_VS_2010_NUnit_2_5_ExceptionHandling\03_PCE_StudentCode\Student_Answers.cs:line 110
at PCE_StarterProject.Test_SmartArray_Basic.Print_All_Elts_Set() in E:\Work\Website\Courses\BIT143\Lessons\Lesson_03\PCEs\PCE_03_VS_2010_NUnit_2_5_ExceptionHandling\02_PCE_ForTests\PCE_Tests_To_Run.cs:line 116
</pre>
              </td>
            </tr>
            <tr>
              <td class="FT_TestName">PCE_StarterProject.Test_SmartArray_Basic.Set_All_Then_Find</td>
            </tr>
            <tr>
              <td class="FT_TestExplanation"><br><b>Error Message From The Test Itself:</b><br><pre>System.Exception : YOU NEED TO IMPLEMENT THIS!</pre><br><b>Stack Trace From The Test Itself:</b><br><pre>at PCE_StarterProject.SmartArray.getSize() in E:\Work\Website\Courses\BIT143\Lessons\Lesson_03\PCEs\PCE_03_VS_2010_NUnit_2_5_ExceptionHandling\03_PCE_StudentCode\Student_Answers.cs:line 121
at PCE_StarterProject.Test_SmartArray_Basic.Set_All_Then_Find() in E:\Work\Website\Courses\BIT143\Lessons\Lesson_03\PCEs\PCE_03_VS_2010_NUnit_2_5_ExceptionHandling\02_PCE_ForTests\PCE_Tests_To_Run.cs:line 263
</pre>
              </td>
            </tr>
            <tr>
              <td class="FT_TestName">PCE_StarterProject.Test_SmartArray_Basic.Set_All_Then_Get_All</td>
            </tr>
            <tr>
              <td class="FT_TestExplanation"><br><b>Error Message From The Test Itself:</b><br><pre>System.Exception : YOU NEED TO IMPLEMENT THIS!</pre><br><b>Stack Trace From The Test Itself:</b><br><pre>at PCE_StarterProject.SmartArray.getSize() in E:\Work\Website\Courses\BIT143\Lessons\Lesson_03\PCEs\PCE_03_VS_2010_NUnit_2_5_ExceptionHandling\03_PCE_StudentCode\Student_Answers.cs:line 121
at PCE_StarterProject.Test_SmartArray_Basic.Set_All_Then_Get_All() in E:\Work\Website\Courses\BIT143\Lessons\Lesson_03\PCEs\PCE_03_VS_2010_NUnit_2_5_ExceptionHandling\02_PCE_ForTests\PCE_Tests_To_Run.cs:line 204
</pre>
              </td>
            </tr>
            <tr>
              <td class="FT_TestName">PCE_StarterProject.Test_SmartArray_Basic.Set_Then_Get(0)</td>
            </tr>
            <tr>
              <td class="FT_TestExplanation"><br><b>Error Message From The Test Itself:</b><br><pre>System.Exception : YOU NEED TO IMPLEMENT THIS!</pre><br><b>Stack Trace From The Test Itself:</b><br><pre>at PCE_StarterProject.SmartArray.GetAtIndex(Int32 idx, Int32&amp; val) in E:\Work\Website\Courses\BIT143\Lessons\Lesson_03\PCEs\PCE_03_VS_2010_NUnit_2_5_ExceptionHandling\03_PCE_StudentCode\Student_Answers.cs:line 103
at PCE_StarterProject.Test_SmartArray_Basic.Set_Then_Get(Int32 index) in E:\Work\Website\Courses\BIT143\Lessons\Lesson_03\PCEs\PCE_03_VS_2010_NUnit_2_5_ExceptionHandling\02_PCE_ForTests\PCE_Tests_To_Run.cs:line 187
</pre>
              </td>
            </tr>
            <tr>
              <td class="FT_TestName">PCE_StarterProject.Test_SmartArray_Basic.Set_Then_Get(1)</td>
            </tr>
            <tr>
              <td class="FT_TestExplanation"><br><b>Error Message From The Test Itself:</b><br><pre>System.Exception : YOU NEED TO IMPLEMENT THIS!</pre><br><b>Stack Trace From The Test Itself:</b><br><pre>at PCE_StarterProject.SmartArray.GetAtIndex(Int32 idx, Int32&amp; val) in E:\Work\Website\Courses\BIT143\Lessons\Lesson_03\PCEs\PCE_03_VS_2010_NUnit_2_5_ExceptionHandling\03_PCE_StudentCode\Student_Answers.cs:line 103
at PCE_StarterProject.Test_SmartArray_Basic.Set_Then_Get(Int32 index) in E:\Work\Website\Courses\BIT143\Lessons\Lesson_03\PCEs\PCE_03_VS_2010_NUnit_2_5_ExceptionHandling\02_PCE_ForTests\PCE_Tests_To_Run.cs:line 187
</pre>
              </td>
            </tr>
            <tr>
              <td class="FT_TestName">PCE_StarterProject.Test_SmartArray_Basic.Set_Then_Get(2)</td>
            </tr>
            <tr>
              <td class="FT_TestExplanation"><br><b>Error Message From The Test Itself:</b><br><pre>System.Exception : YOU NEED TO IMPLEMENT THIS!</pre><br><b>Stack Trace From The Test Itself:</b><br><pre>at PCE_StarterProject.SmartArray.GetAtIndex(Int32 idx, Int32&amp; val) in E:\Work\Website\Courses\BIT143\Lessons\Lesson_03\PCEs\PCE_03_VS_2010_NUnit_2_5_ExceptionHandling\03_PCE_StudentCode\Student_Answers.cs:line 103
at PCE_StarterProject.Test_SmartArray_Basic.Set_Then_Get(Int32 index) in E:\Work\Website\Courses\BIT143\Lessons\Lesson_03\PCEs\PCE_03_VS_2010_NUnit_2_5_ExceptionHandling\02_PCE_ForTests\PCE_Tests_To_Run.cs:line 187
</pre>
              </td>
            </tr>
            <tr>
              <td class="FT_TestName">PCE_StarterProject.Test_SmartArray_Basic.Set_Then_Get(3)</td>
            </tr>
            <tr>
              <td class="FT_TestExplanation"><br><b>Error Message From The Test Itself:</b><br><pre>System.Exception : YOU NEED TO IMPLEMENT THIS!</pre><br><b>Stack Trace From The Test Itself:</b><br><pre>at PCE_StarterProject.SmartArray.GetAtIndex(Int32 idx, Int32&amp; val) in E:\Work\Website\Courses\BIT143\Lessons\Lesson_03\PCEs\PCE_03_VS_2010_NUnit_2_5_ExceptionHandling\03_PCE_StudentCode\Student_Answers.cs:line 103
at PCE_StarterProject.Test_SmartArray_Basic.Set_Then_Get(Int32 index) in E:\Work\Website\Courses\BIT143\Lessons\Lesson_03\PCEs\PCE_03_VS_2010_NUnit_2_5_ExceptionHandling\02_PCE_ForTests\PCE_Tests_To_Run.cs:line 187
</pre>
              </td>
            </tr>
            <tr>
              <td class="FT_TestName">PCE_StarterProject.Test_SmartArray_Basic.Set_Then_Get(4)</td>
            </tr>
            <tr>
              <td class="FT_TestExplanation"><br><b>Error Message From The Test Itself:</b><br><pre>System.Exception : YOU NEED TO IMPLEMENT THIS!</pre><br><b>Stack Trace From The Test Itself:</b><br><pre>at PCE_StarterProject.SmartArray.GetAtIndex(Int32 idx, Int32&amp; val) in E:\Work\Website\Courses\BIT143\Lessons\Lesson_03\PCEs\PCE_03_VS_2010_NUnit_2_5_ExceptionHandling\03_PCE_StudentCode\Student_Answers.cs:line 103
at PCE_StarterProject.Test_SmartArray_Basic.Set_Then_Get(Int32 index) in E:\Work\Website\Courses\BIT143\Lessons\Lesson_03\PCEs\PCE_03_VS_2010_NUnit_2_5_ExceptionHandling\02_PCE_ForTests\PCE_Tests_To_Run.cs:line 187
</pre>
              </td>
            </tr>
            <tr>
              <td class="FT_TestName">PCE_StarterProject.Test_SmartArray_Basic.SetAtIndex_InBounds(0)</td>
            </tr>
            <tr>
              <td class="FT_TestExplanation"><br><b>Error Message From The Test Itself:</b><br><pre>OverflowException was expected</pre><br><b>Stack Trace From The Test Itself:</b><br><pre>
              </pre>
              </td>
            </tr>
            <tr>
              <td class="FT_TestName">PCE_StarterProject.Test_SmartArray_Basic.SetAtIndex_InBounds(1)</td>
            </tr>
            <tr>
              <td class="FT_TestExplanation"><br><b>Error Message From The Test Itself:</b><br><pre>OverflowException was expected</pre><br><b>Stack Trace From The Test Itself:</b><br><pre>
              </pre>
              </td>
            </tr>
            <tr>
              <td class="FT_TestName">PCE_StarterProject.Test_SmartArray_Basic.SetAtIndex_InBounds(2)</td>
            </tr>
            <tr>
              <td class="FT_TestExplanation"><br><b>Error Message From The Test Itself:</b><br><pre>OverflowException was expected</pre><br><b>Stack Trace From The Test Itself:</b><br><pre>
              </pre>
              </td>
            </tr>
            <tr>
              <td class="FT_TestName">PCE_StarterProject.Test_SmartArray_Basic.SetAtIndex_InBounds(3)</td>
            </tr>
            <tr>
              <td class="FT_TestExplanation"><br><b>Error Message From The Test Itself:</b><br><pre>OverflowException was expected</pre><br><b>Stack Trace From The Test Itself:</b><br><pre>
              </pre>
              </td>
            </tr>
            <tr>
              <td class="FT_TestName">PCE_StarterProject.Test_SmartArray_Basic.SetAtIndex_InBounds(4)</td>
            </tr>
            <tr>
              <td class="FT_TestExplanation"><br><b>Error Message From The Test Itself:</b><br><pre>OverflowException was expected</pre><br><b>Stack Trace From The Test Itself:</b><br><pre>
              </pre>
              </td>
            </tr>
            <tr>
              <td class="FT_TestName">PCE_StarterProject.Test_SmartArray_Basic.SetAtIndex_OutOfBounds_Hi(5)</td>
            </tr>
            <tr>
              <td class="FT_TestExplanation"><br><b>Error Message From The Test Itself:</b><br><pre>PCE_StarterProject.OverflowException : Index is too high</pre><br><b>Stack Trace From The Test Itself:</b><br><pre>at PCE_StarterProject.SmartArray.SetAtIndex(Int32 idx, Int32 val) in E:\Work\Website\Courses\BIT143\Lessons\Lesson_03\PCEs\PCE_03_VS_2010_NUnit_2_5_ExceptionHandling\03_PCE_StudentCode\Student_Answers.cs:line 94
at PCE_StarterProject.Test_SmartArray_Basic.SetAtIndex_OutOfBounds_Hi(Int32 index) in E:\Work\Website\Courses\BIT143\Lessons\Lesson_03\PCEs\PCE_03_VS_2010_NUnit_2_5_ExceptionHandling\02_PCE_ForTests\PCE_Tests_To_Run.cs:line 53
</pre>
              </td>
            </tr>
            <tr>
              <td class="FT_TestName">PCE_StarterProject.Test_SmartArray_Basic.SetAtIndex_OutOfBounds_Hi(6)</td>
            </tr>
            <tr>
              <td class="FT_TestExplanation"><br><b>Error Message From The Test Itself:</b><br><pre>PCE_StarterProject.OverflowException : Index is too high</pre><br><b>Stack Trace From The Test Itself:</b><br><pre>at PCE_StarterProject.SmartArray.SetAtIndex(Int32 idx, Int32 val) in E:\Work\Website\Courses\BIT143\Lessons\Lesson_03\PCEs\PCE_03_VS_2010_NUnit_2_5_ExceptionHandling\03_PCE_StudentCode\Student_Answers.cs:line 94
at PCE_StarterProject.Test_SmartArray_Basic.SetAtIndex_OutOfBounds_Hi(Int32 index) in E:\Work\Website\Courses\BIT143\Lessons\Lesson_03\PCEs\PCE_03_VS_2010_NUnit_2_5_ExceptionHandling\02_PCE_ForTests\PCE_Tests_To_Run.cs:line 53
</pre>
              </td>
            </tr>
            <tr>
              <td class="FT_TestName">PCE_StarterProject.Test_SmartArray_Basic.SetAtIndex_OutOfBounds_Hi(10)</td>
            </tr>
            <tr>
              <td class="FT_TestExplanation"><br><b>Error Message From The Test Itself:</b><br><pre>PCE_StarterProject.OverflowException : Index is too high</pre><br><b>Stack Trace From The Test Itself:</b><br><pre>at PCE_StarterProject.SmartArray.SetAtIndex(Int32 idx, Int32 val) in E:\Work\Website\Courses\BIT143\Lessons\Lesson_03\PCEs\PCE_03_VS_2010_NUnit_2_5_ExceptionHandling\03_PCE_StudentCode\Student_Answers.cs:line 94
at PCE_StarterProject.Test_SmartArray_Basic.SetAtIndex_OutOfBounds_Hi(Int32 index) in E:\Work\Website\Courses\BIT143\Lessons\Lesson_03\PCEs\PCE_03_VS_2010_NUnit_2_5_ExceptionHandling\02_PCE_ForTests\PCE_Tests_To_Run.cs:line 53
</pre>
              </td>
            </tr>
            <tr>
              <td class="FT_TestName">PCE_StarterProject.Test_SmartArray_Basic.SetAtIndex_OutOfBounds_Lo(-1)</td>
            </tr>
            <tr>
              <td class="FT_TestExplanation"><br><b>Error Message From The Test Itself:</b><br><pre>PCE_StarterProject.UnderflowException : Index is too low</pre><br><b>Stack Trace From The Test Itself:</b><br><pre>at PCE_StarterProject.SmartArray.SetAtIndex(Int32 idx, Int32 val) in E:\Work\Website\Courses\BIT143\Lessons\Lesson_03\PCEs\PCE_03_VS_2010_NUnit_2_5_ExceptionHandling\03_PCE_StudentCode\Student_Answers.cs:line 92
at PCE_StarterProject.Test_SmartArray_Basic.SetAtIndex_OutOfBounds_Lo(Int32 index) in E:\Work\Website\Courses\BIT143\Lessons\Lesson_03\PCEs\PCE_03_VS_2010_NUnit_2_5_ExceptionHandling\02_PCE_ForTests\PCE_Tests_To_Run.cs:line 67
</pre>
              </td>
            </tr>
            <tr>
              <td class="FT_TestName">PCE_StarterProject.Test_SmartArray_Basic.SetAtIndex_OutOfBounds_Lo(-2)</td>
            </tr>
            <tr>
              <td class="FT_TestExplanation"><br><b>Error Message From The Test Itself:</b><br><pre>PCE_StarterProject.UnderflowException : Index is too low</pre><br><b>Stack Trace From The Test Itself:</b><br><pre>at PCE_StarterProject.SmartArray.SetAtIndex(Int32 idx, Int32 val) in E:\Work\Website\Courses\BIT143\Lessons\Lesson_03\PCEs\PCE_03_VS_2010_NUnit_2_5_ExceptionHandling\03_PCE_StudentCode\Student_Answers.cs:line 92
at PCE_StarterProject.Test_SmartArray_Basic.SetAtIndex_OutOfBounds_Lo(Int32 index) in E:\Work\Website\Courses\BIT143\Lessons\Lesson_03\PCEs\PCE_03_VS_2010_NUnit_2_5_ExceptionHandling\02_PCE_ForTests\PCE_Tests_To_Run.cs:line 67
</pre>
              </td>
            </tr>
            <tr>
              <td class="FT_TestName">PCE_StarterProject.Test_SmartArray_Basic.SetAtIndex_OutOfBounds_Lo(-10)</td>
            </tr>
            <tr>
              <td class="FT_TestExplanation"><br><b>Error Message From The Test Itself:</b><br><pre>PCE_StarterProject.UnderflowException : Index is too low</pre><br><b>Stack Trace From The Test Itself:</b><br><pre>at PCE_StarterProject.SmartArray.SetAtIndex(Int32 idx, Int32 val) in E:\Work\Website\Courses\BIT143\Lessons\Lesson_03\PCEs\PCE_03_VS_2010_NUnit_2_5_ExceptionHandling\03_PCE_StudentCode\Student_Answers.cs:line 92
at PCE_StarterProject.Test_SmartArray_Basic.SetAtIndex_OutOfBounds_Lo(Int32 index) in E:\Work\Website\Courses\BIT143\Lessons\Lesson_03\PCEs\PCE_03_VS_2010_NUnit_2_5_ExceptionHandling\02_PCE_ForTests\PCE_Tests_To_Run.cs:line 67
</pre>
              </td>
            </tr>
            <tr>
              <td class="FT_TestName">PCE_StarterProject.Test_SmartArray_Basic.Test_Get_Size</td>
            </tr>
            <tr>
              <td class="FT_TestExplanation"><br><b>Error Message From The Test Itself:</b><br><pre>System.Exception : YOU NEED TO IMPLEMENT THIS!</pre><br><b>Stack Trace From The Test Itself:</b><br><pre>at PCE_StarterProject.SmartArray.getSize() in E:\Work\Website\Courses\BIT143\Lessons\Lesson_03\PCEs\PCE_03_VS_2010_NUnit_2_5_ExceptionHandling\03_PCE_StudentCode\Student_Answers.cs:line 121
at PCE_StarterProject.Test_SmartArray_Basic.Test_Get_Size() in E:\Work\Website\Courses\BIT143\Lessons\Lesson_03\PCEs\PCE_03_VS_2010_NUnit_2_5_ExceptionHandling\02_PCE_ForTests\PCE_Tests_To_Run.cs:line 236
</pre>
              </td>
            </tr>
          </table>
        </td>
      </tr>
      <tr>
        <td colspan="2">
          <div class="PassedTests">Passed Tests</div>
        </td>
      </tr>
      <tr>
        <td colspan="2"> There are no passed tests</td>
      </tr>
      <tr>
        <td colspan="2">
          <div class="ExerciseTitle">Test_SmartArrayResizable</div>
        </td>
      </tr>
      <tr>
        <td>
          <div class="FailedTests">Failed Tests</div>
        </td>
        <td class="FT_PointPenalty">Point Penalty</td>
      </tr>
      <tr>
        <td class="FT_GradingCategory">                        Grading Category: 
						<i>SmartArrayResizable</i></td>
        <td class="FT_PointPenalty">-3</td>
      </tr>
      <tr>
        <td class="FT_Explanation" colspan="2">
    There is a problem with your "SmartArrayResizable" exercise.
   </td>
      </tr>
      <tr>
        <td colspan="2" style="border-top-width:0px">                    This penalty was triggered by the failure of the following tests:
					<table class="FT_ListOfTests">
            <tr>
              <td></td>
            </tr>
            <tr>
              <td class="FT_TestName">PCE_StarterProject.Test_SmartArrayResizable.Find_Value_Absent_After_Resize(-10)</td>
            </tr>
            <tr>
              <td class="FT_TestExplanation"><br><b>Error Message From The Test Itself:</b><br><pre>System.Exception : YOU NEED TO IMPLEMENT THIS!</pre><br><b>Stack Trace From The Test Itself:</b><br><pre>at PCE_StarterProject.SmartArray.Find(Int32 val) in E:\Work\Website\Courses\BIT143\Lessons\Lesson_03\PCEs\PCE_03_VS_2010_NUnit_2_5_ExceptionHandling\03_PCE_StudentCode\Student_Answers.cs:line 115
at PCE_StarterProject.Test_SmartArrayResizable.Find_Value_Absent_After_Resize(Int32 val) in E:\Work\Website\Courses\BIT143\Lessons\Lesson_03\PCEs\PCE_03_VS_2010_NUnit_2_5_ExceptionHandling\02_PCE_ForTests\PCE_Tests_To_Run.cs:line 840
</pre>
              </td>
            </tr>
            <tr>
              <td class="FT_TestName">PCE_StarterProject.Test_SmartArrayResizable.Find_Value_Absent_After_Resize(10)</td>
            </tr>
            <tr>
              <td class="FT_TestExplanation"><br><b>Error Message From The Test Itself:</b><br><pre>System.Exception : YOU NEED TO IMPLEMENT THIS!</pre><br><b>Stack Trace From The Test Itself:</b><br><pre>at PCE_StarterProject.SmartArray.Find(Int32 val) in E:\Work\Website\Courses\BIT143\Lessons\Lesson_03\PCEs\PCE_03_VS_2010_NUnit_2_5_ExceptionHandling\03_PCE_StudentCode\Student_Answers.cs:line 115
at PCE_StarterProject.Test_SmartArrayResizable.Find_Value_Absent_After_Resize(Int32 val) in E:\Work\Website\Courses\BIT143\Lessons\Lesson_03\PCEs\PCE_03_VS_2010_NUnit_2_5_ExceptionHandling\02_PCE_ForTests\PCE_Tests_To_Run.cs:line 840
</pre>
              </td>
            </tr>
            <tr>
              <td class="FT_TestName">PCE_StarterProject.Test_SmartArrayResizable.Find_Value_Absent_After_Resize(200)</td>
            </tr>
            <tr>
              <td class="FT_TestExplanation"><br><b>Error Message From The Test Itself:</b><br><pre>System.Exception : YOU NEED TO IMPLEMENT THIS!</pre><br><b>Stack Trace From The Test Itself:</b><br><pre>at PCE_StarterProject.SmartArray.Find(Int32 val) in E:\Work\Website\Courses\BIT143\Lessons\Lesson_03\PCEs\PCE_03_VS_2010_NUnit_2_5_ExceptionHandling\03_PCE_StudentCode\Student_Answers.cs:line 115
at PCE_StarterProject.Test_SmartArrayResizable.Find_Value_Absent_After_Resize(Int32 val) in E:\Work\Website\Courses\BIT143\Lessons\Lesson_03\PCEs\PCE_03_VS_2010_NUnit_2_5_ExceptionHandling\02_PCE_ForTests\PCE_Tests_To_Run.cs:line 840
</pre>
              </td>
            </tr>
            <tr>
              <td class="FT_TestName">PCE_StarterProject.Test_SmartArrayResizable.Find_Value_Absent_After_Resize(20)</td>
            </tr>
            <tr>
              <td class="FT_TestExplanation"><br><b>Error Message From The Test Itself:</b><br><pre>System.Exception : YOU NEED TO IMPLEMENT THIS!</pre><br><b>Stack Trace From The Test Itself:</b><br><pre>at PCE_StarterProject.SmartArray.Find(Int32 val) in E:\Work\Website\Courses\BIT143\Lessons\Lesson_03\PCEs\PCE_03_VS_2010_NUnit_2_5_ExceptionHandling\03_PCE_StudentCode\Student_Answers.cs:line 115
at PCE_StarterProject.Test_SmartArrayResizable.Find_Value_Absent_After_Resize(Int32 val) in E:\Work\Website\Courses\BIT143\Lessons\Lesson_03\PCEs\PCE_03_VS_2010_NUnit_2_5_ExceptionHandling\02_PCE_ForTests\PCE_Tests_To_Run.cs:line 840
</pre>
              </td>
            </tr>
            <tr>
              <td class="FT_TestName">PCE_StarterProject.Test_SmartArrayResizable.Find_Value_Present_After_Resize(5,-10)</td>
            </tr>
            <tr>
              <td class="FT_TestExplanation"><br><b>Error Message From The Test Itself:</b><br><pre>System.Exception : YOU NEED TO IMPLEMENT THIS!</pre><br><b>Stack Trace From The Test Itself:</b><br><pre>at PCE_StarterProject.SmartArray.Find(Int32 val) in E:\Work\Website\Courses\BIT143\Lessons\Lesson_03\PCEs\PCE_03_VS_2010_NUnit_2_5_ExceptionHandling\03_PCE_StudentCode\Student_Answers.cs:line 115
at PCE_StarterProject.Test_SmartArrayResizable.Find_Value_Present_After_Resize(Int32 index, Int32 val) in E:\Work\Website\Courses\BIT143\Lessons\Lesson_03\PCEs\PCE_03_VS_2010_NUnit_2_5_ExceptionHandling\02_PCE_ForTests\PCE_Tests_To_Run.cs:line 810
</pre>
              </td>
            </tr>
            <tr>
              <td class="FT_TestName">PCE_StarterProject.Test_SmartArrayResizable.Find_Value_Present_After_Resize(5,10)</td>
            </tr>
            <tr>
              <td class="FT_TestExplanation"><br><b>Error Message From The Test Itself:</b><br><pre>System.Exception : YOU NEED TO IMPLEMENT THIS!</pre><br><b>Stack Trace From The Test Itself:</b><br><pre>at PCE_StarterProject.SmartArray.Find(Int32 val) in E:\Work\Website\Courses\BIT143\Lessons\Lesson_03\PCEs\PCE_03_VS_2010_NUnit_2_5_ExceptionHandling\03_PCE_StudentCode\Student_Answers.cs:line 115
at PCE_StarterProject.Test_SmartArrayResizable.Find_Value_Present_After_Resize(Int32 index, Int32 val) in E:\Work\Website\Courses\BIT143\Lessons\Lesson_03\PCEs\PCE_03_VS_2010_NUnit_2_5_ExceptionHandling\02_PCE_ForTests\PCE_Tests_To_Run.cs:line 810
</pre>
              </td>
            </tr>
            <tr>
              <td class="FT_TestName">PCE_StarterProject.Test_SmartArrayResizable.Find_Value_Present_After_Resize(5,200)</td>
            </tr>
            <tr>
              <td class="FT_TestExplanation"><br><b>Error Message From The Test Itself:</b><br><pre>System.Exception : YOU NEED TO IMPLEMENT THIS!</pre><br><b>Stack Trace From The Test Itself:</b><br><pre>at PCE_StarterProject.SmartArray.Find(Int32 val) in E:\Work\Website\Courses\BIT143\Lessons\Lesson_03\PCEs\PCE_03_VS_2010_NUnit_2_5_ExceptionHandling\03_PCE_StudentCode\Student_Answers.cs:line 115
at PCE_StarterProject.Test_SmartArrayResizable.Find_Value_Present_After_Resize(Int32 index, Int32 val) in E:\Work\Website\Courses\BIT143\Lessons\Lesson_03\PCEs\PCE_03_VS_2010_NUnit_2_5_ExceptionHandling\02_PCE_ForTests\PCE_Tests_To_Run.cs:line 810
</pre>
              </td>
            </tr>
            <tr>
              <td class="FT_TestName">PCE_StarterProject.Test_SmartArrayResizable.Find_Value_Present_After_Resize(5,20)</td>
            </tr>
            <tr>
              <td class="FT_TestExplanation"><br><b>Error Message From The Test Itself:</b><br><pre>System.Exception : YOU NEED TO IMPLEMENT THIS!</pre><br><b>Stack Trace From The Test Itself:</b><br><pre>at PCE_StarterProject.SmartArray.Find(Int32 val) in E:\Work\Website\Courses\BIT143\Lessons\Lesson_03\PCEs\PCE_03_VS_2010_NUnit_2_5_ExceptionHandling\03_PCE_StudentCode\Student_Answers.cs:line 115
at PCE_StarterProject.Test_SmartArrayResizable.Find_Value_Present_After_Resize(Int32 index, Int32 val) in E:\Work\Website\Courses\BIT143\Lessons\Lesson_03\PCEs\PCE_03_VS_2010_NUnit_2_5_ExceptionHandling\02_PCE_ForTests\PCE_Tests_To_Run.cs:line 810
</pre>
              </td>
            </tr>
            <tr>
              <td class="FT_TestName">PCE_StarterProject.Test_SmartArrayResizable.Find_Value_Present_After_Resize(6,-10)</td>
            </tr>
            <tr>
              <td class="FT_TestExplanation"><br><b>Error Message From The Test Itself:</b><br><pre>System.Exception : YOU NEED TO IMPLEMENT THIS!</pre><br><b>Stack Trace From The Test Itself:</b><br><pre>at PCE_StarterProject.SmartArray.Find(Int32 val) in E:\Work\Website\Courses\BIT143\Lessons\Lesson_03\PCEs\PCE_03_VS_2010_NUnit_2_5_ExceptionHandling\03_PCE_StudentCode\Student_Answers.cs:line 115
at PCE_StarterProject.Test_SmartArrayResizable.Find_Value_Present_After_Resize(Int32 index, Int32 val) in E:\Work\Website\Courses\BIT143\Lessons\Lesson_03\PCEs\PCE_03_VS_2010_NUnit_2_5_ExceptionHandling\02_PCE_ForTests\PCE_Tests_To_Run.cs:line 810
</pre>
              </td>
            </tr>
            <tr>
              <td class="FT_TestName">PCE_StarterProject.Test_SmartArrayResizable.Find_Value_Present_After_Resize(6,10)</td>
            </tr>
            <tr>
              <td class="FT_TestExplanation"><br><b>Error Message From The Test Itself:</b><br><pre>System.Exception : YOU NEED TO IMPLEMENT THIS!</pre><br><b>Stack Trace From The Test Itself:</b><br><pre>at PCE_StarterProject.SmartArray.Find(Int32 val) in E:\Work\Website\Courses\BIT143\Lessons\Lesson_03\PCEs\PCE_03_VS_2010_NUnit_2_5_ExceptionHandling\03_PCE_StudentCode\Student_Answers.cs:line 115
at PCE_StarterProject.Test_SmartArrayResizable.Find_Value_Present_After_Resize(Int32 index, Int32 val) in E:\Work\Website\Courses\BIT143\Lessons\Lesson_03\PCEs\PCE_03_VS_2010_NUnit_2_5_ExceptionHandling\02_PCE_ForTests\PCE_Tests_To_Run.cs:line 810
</pre>
              </td>
            </tr>
            <tr>
              <td class="FT_TestName">PCE_StarterProject.Test_SmartArrayResizable.Find_Value_Present_After_Resize(6,200)</td>
            </tr>
            <tr>
              <td class="FT_TestExplanation"><br><b>Error Message From The Test Itself:</b><br><pre>System.Exception : YOU NEED TO IMPLEMENT THIS!</pre><br><b>Stack Trace From The Test Itself:</b><br><pre>at PCE_StarterProject.SmartArray.Find(Int32 val) in E:\Work\Website\Courses\BIT143\Lessons\Lesson_03\PCEs\PCE_03_VS_2010_NUnit_2_5_ExceptionHandling\03_PCE_StudentCode\Student_Answers.cs:line 115
at PCE_StarterProject.Test_SmartArrayResizable.Find_Value_Present_After_Resize(Int32 index, Int32 val) in E:\Work\Website\Courses\BIT143\Lessons\Lesson_03\PCEs\PCE_03_VS_2010_NUnit_2_5_ExceptionHandling\02_PCE_ForTests\PCE_Tests_To_Run.cs:line 810
</pre>
              </td>
            </tr>
            <tr>
              <td class="FT_TestName">PCE_StarterProject.Test_SmartArrayResizable.Find_Value_Present_After_Resize(6,20)</td>
            </tr>
            <tr>
              <td class="FT_TestExplanation"><br><b>Error Message From The Test Itself:</b><br><pre>System.Exception : YOU NEED TO IMPLEMENT THIS!</pre><br><b>Stack Trace From The Test Itself:</b><br><pre>at PCE_StarterProject.SmartArray.Find(Int32 val) in E:\Work\Website\Courses\BIT143\Lessons\Lesson_03\PCEs\PCE_03_VS_2010_NUnit_2_5_ExceptionHandling\03_PCE_StudentCode\Student_Answers.cs:line 115
at PCE_StarterProject.Test_SmartArrayResizable.Find_Value_Present_After_Resize(Int32 index, Int32 val) in E:\Work\Website\Courses\BIT143\Lessons\Lesson_03\PCEs\PCE_03_VS_2010_NUnit_2_5_ExceptionHandling\02_PCE_ForTests\PCE_Tests_To_Run.cs:line 810
</pre>
              </td>
            </tr>
            <tr>
              <td class="FT_TestName">PCE_StarterProject.Test_SmartArrayResizable.Find_Value_Present_After_Resize(25,-10)</td>
            </tr>
            <tr>
              <td class="FT_TestExplanation"><br><b>Error Message From The Test Itself:</b><br><pre>System.Exception : YOU NEED TO IMPLEMENT THIS!</pre><br><b>Stack Trace From The Test Itself:</b><br><pre>at PCE_StarterProject.SmartArray.Find(Int32 val) in E:\Work\Website\Courses\BIT143\Lessons\Lesson_03\PCEs\PCE_03_VS_2010_NUnit_2_5_ExceptionHandling\03_PCE_StudentCode\Student_Answers.cs:line 115
at PCE_StarterProject.Test_SmartArrayResizable.Find_Value_Present_After_Resize(Int32 index, Int32 val) in E:\Work\Website\Courses\BIT143\Lessons\Lesson_03\PCEs\PCE_03_VS_2010_NUnit_2_5_ExceptionHandling\02_PCE_ForTests\PCE_Tests_To_Run.cs:line 810
</pre>
              </td>
            </tr>
            <tr>
              <td class="FT_TestName">PCE_StarterProject.Test_SmartArrayResizable.Find_Value_Present_After_Resize(25,10)</td>
            </tr>
            <tr>
              <td class="FT_TestExplanation"><br><b>Error Message From The Test Itself:</b><br><pre>System.Exception : YOU NEED TO IMPLEMENT THIS!</pre><br><b>Stack Trace From The Test Itself:</b><br><pre>at PCE_StarterProject.SmartArray.Find(Int32 val) in E:\Work\Website\Courses\BIT143\Lessons\Lesson_03\PCEs\PCE_03_VS_2010_NUnit_2_5_ExceptionHandling\03_PCE_StudentCode\Student_Answers.cs:line 115
at PCE_StarterProject.Test_SmartArrayResizable.Find_Value_Present_After_Resize(Int32 index, Int32 val) in E:\Work\Website\Courses\BIT143\Lessons\Lesson_03\PCEs\PCE_03_VS_2010_NUnit_2_5_ExceptionHandling\02_PCE_ForTests\PCE_Tests_To_Run.cs:line 810
</pre>
              </td>
            </tr>
            <tr>
              <td class="FT_TestName">PCE_StarterProject.Test_SmartArrayResizable.Find_Value_Present_After_Resize(25,200)</td>
            </tr>
            <tr>
              <td class="FT_TestExplanation"><br><b>Error Message From The Test Itself:</b><br><pre>System.Exception : YOU NEED TO IMPLEMENT THIS!</pre><br><b>Stack Trace From The Test Itself:</b><br><pre>at PCE_StarterProject.SmartArray.Find(Int32 val) in E:\Work\Website\Courses\BIT143\Lessons\Lesson_03\PCEs\PCE_03_VS_2010_NUnit_2_5_ExceptionHandling\03_PCE_StudentCode\Student_Answers.cs:line 115
at PCE_StarterProject.Test_SmartArrayResizable.Find_Value_Present_After_Resize(Int32 index, Int32 val) in E:\Work\Website\Courses\BIT143\Lessons\Lesson_03\PCEs\PCE_03_VS_2010_NUnit_2_5_ExceptionHandling\02_PCE_ForTests\PCE_Tests_To_Run.cs:line 810
</pre>
              </td>
            </tr>
            <tr>
              <td class="FT_TestName">PCE_StarterProject.Test_SmartArrayResizable.Find_Value_Present_After_Resize(25,20)</td>
            </tr>
            <tr>
              <td class="FT_TestExplanation"><br><b>Error Message From The Test Itself:</b><br><pre>System.Exception : YOU NEED TO IMPLEMENT THIS!</pre><br><b>Stack Trace From The Test Itself:</b><br><pre>at PCE_StarterProject.SmartArray.Find(Int32 val) in E:\Work\Website\Courses\BIT143\Lessons\Lesson_03\PCEs\PCE_03_VS_2010_NUnit_2_5_ExceptionHandling\03_PCE_StudentCode\Student_Answers.cs:line 115
at PCE_StarterProject.Test_SmartArrayResizable.Find_Value_Present_After_Resize(Int32 index, Int32 val) in E:\Work\Website\Courses\BIT143\Lessons\Lesson_03\PCEs\PCE_03_VS_2010_NUnit_2_5_ExceptionHandling\02_PCE_ForTests\PCE_Tests_To_Run.cs:line 810
</pre>
              </td>
            </tr>
            <tr>
              <td class="FT_TestName">PCE_StarterProject.Test_SmartArrayResizable.GetAtIndex_OutOfBounds_Hi(5)</td>
            </tr>
            <tr>
              <td class="FT_TestExplanation"><br><b>Error Message From The Test Itself:</b><br><pre>System.Exception : YOU NEED TO IMPLEMENT THIS!</pre><br><b>Stack Trace From The Test Itself:</b><br><pre>at PCE_StarterProject.SmartArray.GetAtIndex(Int32 idx, Int32&amp; val) in E:\Work\Website\Courses\BIT143\Lessons\Lesson_03\PCEs\PCE_03_VS_2010_NUnit_2_5_ExceptionHandling\03_PCE_StudentCode\Student_Answers.cs:line 103
at PCE_StarterProject.Test_SmartArrayResizable.GetAtIndex_OutOfBounds_Hi(Int32 index) in E:\Work\Website\Courses\BIT143\Lessons\Lesson_03\PCEs\PCE_03_VS_2010_NUnit_2_5_ExceptionHandling\02_PCE_ForTests\PCE_Tests_To_Run.cs:line 755
</pre>
              </td>
            </tr>
            <tr>
              <td class="FT_TestName">PCE_StarterProject.Test_SmartArrayResizable.GetAtIndex_OutOfBounds_Hi(6)</td>
            </tr>
            <tr>
              <td class="FT_TestExplanation"><br><b>Error Message From The Test Itself:</b><br><pre>System.Exception : YOU NEED TO IMPLEMENT THIS!</pre><br><b>Stack Trace From The Test Itself:</b><br><pre>at PCE_StarterProject.SmartArray.GetAtIndex(Int32 idx, Int32&amp; val) in E:\Work\Website\Courses\BIT143\Lessons\Lesson_03\PCEs\PCE_03_VS_2010_NUnit_2_5_ExceptionHandling\03_PCE_StudentCode\Student_Answers.cs:line 103
at PCE_StarterProject.Test_SmartArrayResizable.GetAtIndex_OutOfBounds_Hi(Int32 index) in E:\Work\Website\Courses\BIT143\Lessons\Lesson_03\PCEs\PCE_03_VS_2010_NUnit_2_5_ExceptionHandling\02_PCE_ForTests\PCE_Tests_To_Run.cs:line 755
</pre>
              </td>
            </tr>
            <tr>
              <td class="FT_TestName">PCE_StarterProject.Test_SmartArrayResizable.GetAtIndex_OutOfBounds_Hi(10)</td>
            </tr>
            <tr>
              <td class="FT_TestExplanation"><br><b>Error Message From The Test Itself:</b><br><pre>System.Exception : YOU NEED TO IMPLEMENT THIS!</pre><br><b>Stack Trace From The Test Itself:</b><br><pre>at PCE_StarterProject.SmartArray.GetAtIndex(Int32 idx, Int32&amp; val) in E:\Work\Website\Courses\BIT143\Lessons\Lesson_03\PCEs\PCE_03_VS_2010_NUnit_2_5_ExceptionHandling\03_PCE_StudentCode\Student_Answers.cs:line 103
at PCE_StarterProject.Test_SmartArrayResizable.GetAtIndex_OutOfBounds_Hi(Int32 index) in E:\Work\Website\Courses\BIT143\Lessons\Lesson_03\PCEs\PCE_03_VS_2010_NUnit_2_5_ExceptionHandling\02_PCE_ForTests\PCE_Tests_To_Run.cs:line 755
</pre>
              </td>
            </tr>
            <tr>
              <td class="FT_TestName">PCE_StarterProject.Test_SmartArrayResizable.Print_All_Elts_Resized_Then_Set</td>
            </tr>
            <tr>
              <td class="FT_TestExplanation"><br><b>Error Message From The Test Itself:</b><br><pre>System.Exception : YOU NEED TO IMPLEMENT THIS!</pre><br><b>Stack Trace From The Test Itself:</b><br><pre>at PCE_StarterProject.SmartArray.getSize() in E:\Work\Website\Courses\BIT143\Lessons\Lesson_03\PCEs\PCE_03_VS_2010_NUnit_2_5_ExceptionHandling\03_PCE_StudentCode\Student_Answers.cs:line 121
at PCE_StarterProject.Test_SmartArrayResizable.Print_All_Elts_Resized_Then_Set() in E:\Work\Website\Courses\BIT143\Lessons\Lesson_03\PCEs\PCE_03_VS_2010_NUnit_2_5_ExceptionHandling\02_PCE_ForTests\PCE_Tests_To_Run.cs:line 704
</pre>
              </td>
            </tr>
            <tr>
              <td class="FT_TestName">PCE_StarterProject.Test_SmartArrayResizable.SetAtIndex_OutOfBounds_Hi(5)</td>
            </tr>
            <tr>
              <td class="FT_TestExplanation"><br><b>Error Message From The Test Itself:</b><br><pre>PCE_StarterProject.OverflowException : Index is too high</pre><br><b>Stack Trace From The Test Itself:</b><br><pre>at PCE_StarterProject.SmartArray.SetAtIndex(Int32 idx, Int32 val) in E:\Work\Website\Courses\BIT143\Lessons\Lesson_03\PCEs\PCE_03_VS_2010_NUnit_2_5_ExceptionHandling\03_PCE_StudentCode\Student_Answers.cs:line 94
at PCE_StarterProject.Test_SmartArrayResizable.SetAtIndex_OutOfBounds_Hi(Int32 index) in E:\Work\Website\Courses\BIT143\Lessons\Lesson_03\PCEs\PCE_03_VS_2010_NUnit_2_5_ExceptionHandling\02_PCE_ForTests\PCE_Tests_To_Run.cs:line 666
</pre>
              </td>
            </tr>
            <tr>
              <td class="FT_TestName">PCE_StarterProject.Test_SmartArrayResizable.SetAtIndex_OutOfBounds_Hi(6)</td>
            </tr>
            <tr>
              <td class="FT_TestExplanation"><br><b>Error Message From The Test Itself:</b><br><pre>PCE_StarterProject.OverflowException : Index is too high</pre><br><b>Stack Trace From The Test Itself:</b><br><pre>at PCE_StarterProject.SmartArray.SetAtIndex(Int32 idx, Int32 val) in E:\Work\Website\Courses\BIT143\Lessons\Lesson_03\PCEs\PCE_03_VS_2010_NUnit_2_5_ExceptionHandling\03_PCE_StudentCode\Student_Answers.cs:line 94
at PCE_StarterProject.Test_SmartArrayResizable.SetAtIndex_OutOfBounds_Hi(Int32 index) in E:\Work\Website\Courses\BIT143\Lessons\Lesson_03\PCEs\PCE_03_VS_2010_NUnit_2_5_ExceptionHandling\02_PCE_ForTests\PCE_Tests_To_Run.cs:line 666
</pre>
              </td>
            </tr>
            <tr>
              <td class="FT_TestName">PCE_StarterProject.Test_SmartArrayResizable.SetAtIndex_OutOfBounds_Hi(25)</td>
            </tr>
            <tr>
              <td class="FT_TestExplanation"><br><b>Error Message From The Test Itself:</b><br><pre>PCE_StarterProject.OverflowException : Index is too high</pre><br><b>Stack Trace From The Test Itself:</b><br><pre>at PCE_StarterProject.SmartArray.SetAtIndex(Int32 idx, Int32 val) in E:\Work\Website\Courses\BIT143\Lessons\Lesson_03\PCEs\PCE_03_VS_2010_NUnit_2_5_ExceptionHandling\03_PCE_StudentCode\Student_Answers.cs:line 94
at PCE_StarterProject.Test_SmartArrayResizable.SetAtIndex_OutOfBounds_Hi(Int32 index) in E:\Work\Website\Courses\BIT143\Lessons\Lesson_03\PCEs\PCE_03_VS_2010_NUnit_2_5_ExceptionHandling\02_PCE_ForTests\PCE_Tests_To_Run.cs:line 666
</pre>
              </td>
            </tr>
            <tr>
              <td class="FT_TestName">PCE_StarterProject.Test_SmartArrayResizable.Test_Get_Size_After_Resize</td>
            </tr>
            <tr>
              <td class="FT_TestExplanation"><br><b>Error Message From The Test Itself:</b><br><pre>System.Exception : YOU NEED TO IMPLEMENT THIS!</pre><br><b>Stack Trace From The Test Itself:</b><br><pre>at PCE_StarterProject.SmartArray.getSize() in E:\Work\Website\Courses\BIT143\Lessons\Lesson_03\PCEs\PCE_03_VS_2010_NUnit_2_5_ExceptionHandling\03_PCE_StudentCode\Student_Answers.cs:line 121
at PCE_StarterProject.Test_SmartArrayResizable.Test_Get_Size_After_Resize() in E:\Work\Website\Courses\BIT143\Lessons\Lesson_03\PCEs\PCE_03_VS_2010_NUnit_2_5_ExceptionHandling\02_PCE_ForTests\PCE_Tests_To_Run.cs:line 786
</pre>
              </td>
            </tr>
          </table>
        </td>
      </tr>
      <tr>
        <td colspan="2">
          <div class="PassedTests">Passed Tests</div>
        </td>
      </tr>
      <tr>
        <td colspan="2"> There are no passed tests</td>
      </tr>
      <tr>
        <td colspan="2">
          <div class="ExerciseTitle">Test_SmartArrayResizable_Basic</div>
        </td>
      </tr>
      <tr>
        <td>
          <div class="FailedTests">Failed Tests</div>
        </td>
        <td class="FT_PointPenalty">Point Penalty</td>
      </tr>
      <tr>
        <td class="FT_GradingCategory">                        Grading Category: 
						<i>SmartArray Basics</i></td>
        <td class="FT_PointPenalty">-1</td>
      </tr>
      <tr>
        <td class="FT_Explanation" colspan="2">
    There is a problem with your SmartArray and/or your
    Stack, and/or your Queue.  This test fails if any of those fail to
    pass the tests in Test_SmartArray_Basic.  You can tell which one based
    on whether the word in big blue title, above, starts with Test_Queue...,
    Test_SmartArray..., or Test_Stack...
   </td>
      </tr>
      <tr>
        <td colspan="2" style="border-top-width:0px">                    This penalty was triggered by the failure of the following tests:
					<table class="FT_ListOfTests">
            <tr>
              <td></td>
            </tr>
            <tr>
              <td class="FT_TestName">PCE_StarterProject.Test_SmartArrayResizable_Basic.Find_Value_Absent(-10)</td>
            </tr>
            <tr>
              <td class="FT_TestExplanation"><br><b>Error Message From The Test Itself:</b><br><pre>System.Exception : YOU NEED TO IMPLEMENT THIS!</pre><br><b>Stack Trace From The Test Itself:</b><br><pre>at PCE_StarterProject.SmartArray.Find(Int32 val) in E:\Work\Website\Courses\BIT143\Lessons\Lesson_03\PCEs\PCE_03_VS_2010_NUnit_2_5_ExceptionHandling\03_PCE_StudentCode\Student_Answers.cs:line 115
at PCE_StarterProject.Test_SmartArray_Basic.Find_Value_Absent(Int32 val) in E:\Work\Website\Courses\BIT143\Lessons\Lesson_03\PCEs\PCE_03_VS_2010_NUnit_2_5_ExceptionHandling\02_PCE_ForTests\PCE_Tests_To_Run.cs:line 287
</pre>
              </td>
            </tr>
            <tr>
              <td class="FT_TestName">PCE_StarterProject.Test_SmartArrayResizable_Basic.Find_Value_Absent(10)</td>
            </tr>
            <tr>
              <td class="FT_TestExplanation"><br><b>Error Message From The Test Itself:</b><br><pre>System.Exception : YOU NEED TO IMPLEMENT THIS!</pre><br><b>Stack Trace From The Test Itself:</b><br><pre>at PCE_StarterProject.SmartArray.Find(Int32 val) in E:\Work\Website\Courses\BIT143\Lessons\Lesson_03\PCEs\PCE_03_VS_2010_NUnit_2_5_ExceptionHandling\03_PCE_StudentCode\Student_Answers.cs:line 115
at PCE_StarterProject.Test_SmartArray_Basic.Find_Value_Absent(Int32 val) in E:\Work\Website\Courses\BIT143\Lessons\Lesson_03\PCEs\PCE_03_VS_2010_NUnit_2_5_ExceptionHandling\02_PCE_ForTests\PCE_Tests_To_Run.cs:line 287
</pre>
              </td>
            </tr>
            <tr>
              <td class="FT_TestName">PCE_StarterProject.Test_SmartArrayResizable_Basic.Find_Value_Absent(200)</td>
            </tr>
            <tr>
              <td class="FT_TestExplanation"><br><b>Error Message From The Test Itself:</b><br><pre>System.Exception : YOU NEED TO IMPLEMENT THIS!</pre><br><b>Stack Trace From The Test Itself:</b><br><pre>at PCE_StarterProject.SmartArray.Find(Int32 val) in E:\Work\Website\Courses\BIT143\Lessons\Lesson_03\PCEs\PCE_03_VS_2010_NUnit_2_5_ExceptionHandling\03_PCE_StudentCode\Student_Answers.cs:line 115
at PCE_StarterProject.Test_SmartArray_Basic.Find_Value_Absent(Int32 val) in E:\Work\Website\Courses\BIT143\Lessons\Lesson_03\PCEs\PCE_03_VS_2010_NUnit_2_5_ExceptionHandling\02_PCE_ForTests\PCE_Tests_To_Run.cs:line 287
</pre>
              </td>
            </tr>
            <tr>
              <td class="FT_TestName">PCE_StarterProject.Test_SmartArrayResizable_Basic.Find_Value_Absent(20)</td>
            </tr>
            <tr>
              <td class="FT_TestExplanation"><br><b>Error Message From The Test Itself:</b><br><pre>System.Exception : YOU NEED TO IMPLEMENT THIS!</pre><br><b>Stack Trace From The Test Itself:</b><br><pre>at PCE_StarterProject.SmartArray.Find(Int32 val) in E:\Work\Website\Courses\BIT143\Lessons\Lesson_03\PCEs\PCE_03_VS_2010_NUnit_2_5_ExceptionHandling\03_PCE_StudentCode\Student_Answers.cs:line 115
at PCE_StarterProject.Test_SmartArray_Basic.Find_Value_Absent(Int32 val) in E:\Work\Website\Courses\BIT143\Lessons\Lesson_03\PCEs\PCE_03_VS_2010_NUnit_2_5_ExceptionHandling\02_PCE_ForTests\PCE_Tests_To_Run.cs:line 287
</pre>
              </td>
            </tr>
            <tr>
              <td class="FT_TestName">PCE_StarterProject.Test_SmartArrayResizable_Basic.Find_Value_Present(0,-10)</td>
            </tr>
            <tr>
              <td class="FT_TestExplanation"><br><b>Error Message From The Test Itself:</b><br><pre>System.Exception : YOU NEED TO IMPLEMENT THIS!</pre><br><b>Stack Trace From The Test Itself:</b><br><pre>at PCE_StarterProject.SmartArray.Find(Int32 val) in E:\Work\Website\Courses\BIT143\Lessons\Lesson_03\PCEs\PCE_03_VS_2010_NUnit_2_5_ExceptionHandling\03_PCE_StudentCode\Student_Answers.cs:line 115
at PCE_StarterProject.Test_SmartArray_Basic.Find_Value_Present(Int32 index, Int32 val) in E:\Work\Website\Courses\BIT143\Lessons\Lesson_03\PCEs\PCE_03_VS_2010_NUnit_2_5_ExceptionHandling\02_PCE_ForTests\PCE_Tests_To_Run.cs:line 251
</pre>
              </td>
            </tr>
            <tr>
              <td class="FT_TestName">PCE_StarterProject.Test_SmartArrayResizable_Basic.Find_Value_Present(0,10)</td>
            </tr>
            <tr>
              <td class="FT_TestExplanation"><br><b>Error Message From The Test Itself:</b><br><pre>System.Exception : YOU NEED TO IMPLEMENT THIS!</pre><br><b>Stack Trace From The Test Itself:</b><br><pre>at PCE_StarterProject.SmartArray.Find(Int32 val) in E:\Work\Website\Courses\BIT143\Lessons\Lesson_03\PCEs\PCE_03_VS_2010_NUnit_2_5_ExceptionHandling\03_PCE_StudentCode\Student_Answers.cs:line 115
at PCE_StarterProject.Test_SmartArray_Basic.Find_Value_Present(Int32 index, Int32 val) in E:\Work\Website\Courses\BIT143\Lessons\Lesson_03\PCEs\PCE_03_VS_2010_NUnit_2_5_ExceptionHandling\02_PCE_ForTests\PCE_Tests_To_Run.cs:line 251
</pre>
              </td>
            </tr>
            <tr>
              <td class="FT_TestName">PCE_StarterProject.Test_SmartArrayResizable_Basic.Find_Value_Present(0,200)</td>
            </tr>
            <tr>
              <td class="FT_TestExplanation"><br><b>Error Message From The Test Itself:</b><br><pre>System.Exception : YOU NEED TO IMPLEMENT THIS!</pre><br><b>Stack Trace From The Test Itself:</b><br><pre>at PCE_StarterProject.SmartArray.Find(Int32 val) in E:\Work\Website\Courses\BIT143\Lessons\Lesson_03\PCEs\PCE_03_VS_2010_NUnit_2_5_ExceptionHandling\03_PCE_StudentCode\Student_Answers.cs:line 115
at PCE_StarterProject.Test_SmartArray_Basic.Find_Value_Present(Int32 index, Int32 val) in E:\Work\Website\Courses\BIT143\Lessons\Lesson_03\PCEs\PCE_03_VS_2010_NUnit_2_5_ExceptionHandling\02_PCE_ForTests\PCE_Tests_To_Run.cs:line 251
</pre>
              </td>
            </tr>
            <tr>
              <td class="FT_TestName">PCE_StarterProject.Test_SmartArrayResizable_Basic.Find_Value_Present(0,20)</td>
            </tr>
            <tr>
              <td class="FT_TestExplanation"><br><b>Error Message From The Test Itself:</b><br><pre>System.Exception : YOU NEED TO IMPLEMENT THIS!</pre><br><b>Stack Trace From The Test Itself:</b><br><pre>at PCE_StarterProject.SmartArray.Find(Int32 val) in E:\Work\Website\Courses\BIT143\Lessons\Lesson_03\PCEs\PCE_03_VS_2010_NUnit_2_5_ExceptionHandling\03_PCE_StudentCode\Student_Answers.cs:line 115
at PCE_StarterProject.Test_SmartArray_Basic.Find_Value_Present(Int32 index, Int32 val) in E:\Work\Website\Courses\BIT143\Lessons\Lesson_03\PCEs\PCE_03_VS_2010_NUnit_2_5_ExceptionHandling\02_PCE_ForTests\PCE_Tests_To_Run.cs:line 251
</pre>
              </td>
            </tr>
            <tr>
              <td class="FT_TestName">PCE_StarterProject.Test_SmartArrayResizable_Basic.Find_Value_Present(1,-10)</td>
            </tr>
            <tr>
              <td class="FT_TestExplanation"><br><b>Error Message From The Test Itself:</b><br><pre>System.Exception : YOU NEED TO IMPLEMENT THIS!</pre><br><b>Stack Trace From The Test Itself:</b><br><pre>at PCE_StarterProject.SmartArray.Find(Int32 val) in E:\Work\Website\Courses\BIT143\Lessons\Lesson_03\PCEs\PCE_03_VS_2010_NUnit_2_5_ExceptionHandling\03_PCE_StudentCode\Student_Answers.cs:line 115
at PCE_StarterProject.Test_SmartArray_Basic.Find_Value_Present(Int32 index, Int32 val) in E:\Work\Website\Courses\BIT143\Lessons\Lesson_03\PCEs\PCE_03_VS_2010_NUnit_2_5_ExceptionHandling\02_PCE_ForTests\PCE_Tests_To_Run.cs:line 251
</pre>
              </td>
            </tr>
            <tr>
              <td class="FT_TestName">PCE_StarterProject.Test_SmartArrayResizable_Basic.Find_Value_Present(1,10)</td>
            </tr>
            <tr>
              <td class="FT_TestExplanation"><br><b>Error Message From The Test Itself:</b><br><pre>System.Exception : YOU NEED TO IMPLEMENT THIS!</pre><br><b>Stack Trace From The Test Itself:</b><br><pre>at PCE_StarterProject.SmartArray.Find(Int32 val) in E:\Work\Website\Courses\BIT143\Lessons\Lesson_03\PCEs\PCE_03_VS_2010_NUnit_2_5_ExceptionHandling\03_PCE_StudentCode\Student_Answers.cs:line 115
at PCE_StarterProject.Test_SmartArray_Basic.Find_Value_Present(Int32 index, Int32 val) in E:\Work\Website\Courses\BIT143\Lessons\Lesson_03\PCEs\PCE_03_VS_2010_NUnit_2_5_ExceptionHandling\02_PCE_ForTests\PCE_Tests_To_Run.cs:line 251
</pre>
              </td>
            </tr>
            <tr>
              <td class="FT_TestName">PCE_StarterProject.Test_SmartArrayResizable_Basic.Find_Value_Present(1,200)</td>
            </tr>
            <tr>
              <td class="FT_TestExplanation"><br><b>Error Message From The Test Itself:</b><br><pre>System.Exception : YOU NEED TO IMPLEMENT THIS!</pre><br><b>Stack Trace From The Test Itself:</b><br><pre>at PCE_StarterProject.SmartArray.Find(Int32 val) in E:\Work\Website\Courses\BIT143\Lessons\Lesson_03\PCEs\PCE_03_VS_2010_NUnit_2_5_ExceptionHandling\03_PCE_StudentCode\Student_Answers.cs:line 115
at PCE_StarterProject.Test_SmartArray_Basic.Find_Value_Present(Int32 index, Int32 val) in E:\Work\Website\Courses\BIT143\Lessons\Lesson_03\PCEs\PCE_03_VS_2010_NUnit_2_5_ExceptionHandling\02_PCE_ForTests\PCE_Tests_To_Run.cs:line 251
</pre>
              </td>
            </tr>
            <tr>
              <td class="FT_TestName">PCE_StarterProject.Test_SmartArrayResizable_Basic.Find_Value_Present(1,20)</td>
            </tr>
            <tr>
              <td class="FT_TestExplanation"><br><b>Error Message From The Test Itself:</b><br><pre>System.Exception : YOU NEED TO IMPLEMENT THIS!</pre><br><b>Stack Trace From The Test Itself:</b><br><pre>at PCE_StarterProject.SmartArray.Find(Int32 val) in E:\Work\Website\Courses\BIT143\Lessons\Lesson_03\PCEs\PCE_03_VS_2010_NUnit_2_5_ExceptionHandling\03_PCE_StudentCode\Student_Answers.cs:line 115
at PCE_StarterProject.Test_SmartArray_Basic.Find_Value_Present(Int32 index, Int32 val) in E:\Work\Website\Courses\BIT143\Lessons\Lesson_03\PCEs\PCE_03_VS_2010_NUnit_2_5_ExceptionHandling\02_PCE_ForTests\PCE_Tests_To_Run.cs:line 251
</pre>
              </td>
            </tr>
            <tr>
              <td class="FT_TestName">PCE_StarterProject.Test_SmartArrayResizable_Basic.Find_Value_Present(2,-10)</td>
            </tr>
            <tr>
              <td class="FT_TestExplanation"><br><b>Error Message From The Test Itself:</b><br><pre>System.Exception : YOU NEED TO IMPLEMENT THIS!</pre><br><b>Stack Trace From The Test Itself:</b><br><pre>at PCE_StarterProject.SmartArray.Find(Int32 val) in E:\Work\Website\Courses\BIT143\Lessons\Lesson_03\PCEs\PCE_03_VS_2010_NUnit_2_5_ExceptionHandling\03_PCE_StudentCode\Student_Answers.cs:line 115
at PCE_StarterProject.Test_SmartArray_Basic.Find_Value_Present(Int32 index, Int32 val) in E:\Work\Website\Courses\BIT143\Lessons\Lesson_03\PCEs\PCE_03_VS_2010_NUnit_2_5_ExceptionHandling\02_PCE_ForTests\PCE_Tests_To_Run.cs:line 251
</pre>
              </td>
            </tr>
            <tr>
              <td class="FT_TestName">PCE_StarterProject.Test_SmartArrayResizable_Basic.Find_Value_Present(2,10)</td>
            </tr>
            <tr>
              <td class="FT_TestExplanation"><br><b>Error Message From The Test Itself:</b><br><pre>System.Exception : YOU NEED TO IMPLEMENT THIS!</pre><br><b>Stack Trace From The Test Itself:</b><br><pre>at PCE_StarterProject.SmartArray.Find(Int32 val) in E:\Work\Website\Courses\BIT143\Lessons\Lesson_03\PCEs\PCE_03_VS_2010_NUnit_2_5_ExceptionHandling\03_PCE_StudentCode\Student_Answers.cs:line 115
at PCE_StarterProject.Test_SmartArray_Basic.Find_Value_Present(Int32 index, Int32 val) in E:\Work\Website\Courses\BIT143\Lessons\Lesson_03\PCEs\PCE_03_VS_2010_NUnit_2_5_ExceptionHandling\02_PCE_ForTests\PCE_Tests_To_Run.cs:line 251
</pre>
              </td>
            </tr>
            <tr>
              <td class="FT_TestName">PCE_StarterProject.Test_SmartArrayResizable_Basic.Find_Value_Present(2,200)</td>
            </tr>
            <tr>
              <td class="FT_TestExplanation"><br><b>Error Message From The Test Itself:</b><br><pre>System.Exception : YOU NEED TO IMPLEMENT THIS!</pre><br><b>Stack Trace From The Test Itself:</b><br><pre>at PCE_StarterProject.SmartArray.Find(Int32 val) in E:\Work\Website\Courses\BIT143\Lessons\Lesson_03\PCEs\PCE_03_VS_2010_NUnit_2_5_ExceptionHandling\03_PCE_StudentCode\Student_Answers.cs:line 115
at PCE_StarterProject.Test_SmartArray_Basic.Find_Value_Present(Int32 index, Int32 val) in E:\Work\Website\Courses\BIT143\Lessons\Lesson_03\PCEs\PCE_03_VS_2010_NUnit_2_5_ExceptionHandling\02_PCE_ForTests\PCE_Tests_To_Run.cs:line 251
</pre>
              </td>
            </tr>
            <tr>
              <td class="FT_TestName">PCE_StarterProject.Test_SmartArrayResizable_Basic.Find_Value_Present(2,20)</td>
            </tr>
            <tr>
              <td class="FT_TestExplanation"><br><b>Error Message From The Test Itself:</b><br><pre>System.Exception : YOU NEED TO IMPLEMENT THIS!</pre><br><b>Stack Trace From The Test Itself:</b><br><pre>at PCE_StarterProject.SmartArray.Find(Int32 val) in E:\Work\Website\Courses\BIT143\Lessons\Lesson_03\PCEs\PCE_03_VS_2010_NUnit_2_5_ExceptionHandling\03_PCE_StudentCode\Student_Answers.cs:line 115
at PCE_StarterProject.Test_SmartArray_Basic.Find_Value_Present(Int32 index, Int32 val) in E:\Work\Website\Courses\BIT143\Lessons\Lesson_03\PCEs\PCE_03_VS_2010_NUnit_2_5_ExceptionHandling\02_PCE_ForTests\PCE_Tests_To_Run.cs:line 251
</pre>
              </td>
            </tr>
            <tr>
              <td class="FT_TestName">PCE_StarterProject.Test_SmartArrayResizable_Basic.Find_Value_Present(3,-10)</td>
            </tr>
            <tr>
              <td class="FT_TestExplanation"><br><b>Error Message From The Test Itself:</b><br><pre>System.Exception : YOU NEED TO IMPLEMENT THIS!</pre><br><b>Stack Trace From The Test Itself:</b><br><pre>at PCE_StarterProject.SmartArray.Find(Int32 val) in E:\Work\Website\Courses\BIT143\Lessons\Lesson_03\PCEs\PCE_03_VS_2010_NUnit_2_5_ExceptionHandling\03_PCE_StudentCode\Student_Answers.cs:line 115
at PCE_StarterProject.Test_SmartArray_Basic.Find_Value_Present(Int32 index, Int32 val) in E:\Work\Website\Courses\BIT143\Lessons\Lesson_03\PCEs\PCE_03_VS_2010_NUnit_2_5_ExceptionHandling\02_PCE_ForTests\PCE_Tests_To_Run.cs:line 251
</pre>
              </td>
            </tr>
            <tr>
              <td class="FT_TestName">PCE_StarterProject.Test_SmartArrayResizable_Basic.Find_Value_Present(3,10)</td>
            </tr>
            <tr>
              <td class="FT_TestExplanation"><br><b>Error Message From The Test Itself:</b><br><pre>System.Exception : YOU NEED TO IMPLEMENT THIS!</pre><br><b>Stack Trace From The Test Itself:</b><br><pre>at PCE_StarterProject.SmartArray.Find(Int32 val) in E:\Work\Website\Courses\BIT143\Lessons\Lesson_03\PCEs\PCE_03_VS_2010_NUnit_2_5_ExceptionHandling\03_PCE_StudentCode\Student_Answers.cs:line 115
at PCE_StarterProject.Test_SmartArray_Basic.Find_Value_Present(Int32 index, Int32 val) in E:\Work\Website\Courses\BIT143\Lessons\Lesson_03\PCEs\PCE_03_VS_2010_NUnit_2_5_ExceptionHandling\02_PCE_ForTests\PCE_Tests_To_Run.cs:line 251
</pre>
              </td>
            </tr>
            <tr>
              <td class="FT_TestName">PCE_StarterProject.Test_SmartArrayResizable_Basic.Find_Value_Present(3,200)</td>
            </tr>
            <tr>
              <td class="FT_TestExplanation"><br><b>Error Message From The Test Itself:</b><br><pre>System.Exception : YOU NEED TO IMPLEMENT THIS!</pre><br><b>Stack Trace From The Test Itself:</b><br><pre>at PCE_StarterProject.SmartArray.Find(Int32 val) in E:\Work\Website\Courses\BIT143\Lessons\Lesson_03\PCEs\PCE_03_VS_2010_NUnit_2_5_ExceptionHandling\03_PCE_StudentCode\Student_Answers.cs:line 115
at PCE_StarterProject.Test_SmartArray_Basic.Find_Value_Present(Int32 index, Int32 val) in E:\Work\Website\Courses\BIT143\Lessons\Lesson_03\PCEs\PCE_03_VS_2010_NUnit_2_5_ExceptionHandling\02_PCE_ForTests\PCE_Tests_To_Run.cs:line 251
</pre>
              </td>
            </tr>
            <tr>
              <td class="FT_TestName">PCE_StarterProject.Test_SmartArrayResizable_Basic.Find_Value_Present(3,20)</td>
            </tr>
            <tr>
              <td class="FT_TestExplanation"><br><b>Error Message From The Test Itself:</b><br><pre>System.Exception : YOU NEED TO IMPLEMENT THIS!</pre><br><b>Stack Trace From The Test Itself:</b><br><pre>at PCE_StarterProject.SmartArray.Find(Int32 val) in E:\Work\Website\Courses\BIT143\Lessons\Lesson_03\PCEs\PCE_03_VS_2010_NUnit_2_5_ExceptionHandling\03_PCE_StudentCode\Student_Answers.cs:line 115
at PCE_StarterProject.Test_SmartArray_Basic.Find_Value_Present(Int32 index, Int32 val) in E:\Work\Website\Courses\BIT143\Lessons\Lesson_03\PCEs\PCE_03_VS_2010_NUnit_2_5_ExceptionHandling\02_PCE_ForTests\PCE_Tests_To_Run.cs:line 251
</pre>
              </td>
            </tr>
            <tr>
              <td class="FT_TestName">PCE_StarterProject.Test_SmartArrayResizable_Basic.Find_Value_Present(4,-10)</td>
            </tr>
            <tr>
              <td class="FT_TestExplanation"><br><b>Error Message From The Test Itself:</b><br><pre>System.Exception : YOU NEED TO IMPLEMENT THIS!</pre><br><b>Stack Trace From The Test Itself:</b><br><pre>at PCE_StarterProject.SmartArray.Find(Int32 val) in E:\Work\Website\Courses\BIT143\Lessons\Lesson_03\PCEs\PCE_03_VS_2010_NUnit_2_5_ExceptionHandling\03_PCE_StudentCode\Student_Answers.cs:line 115
at PCE_StarterProject.Test_SmartArray_Basic.Find_Value_Present(Int32 index, Int32 val) in E:\Work\Website\Courses\BIT143\Lessons\Lesson_03\PCEs\PCE_03_VS_2010_NUnit_2_5_ExceptionHandling\02_PCE_ForTests\PCE_Tests_To_Run.cs:line 251
</pre>
              </td>
            </tr>
            <tr>
              <td class="FT_TestName">PCE_StarterProject.Test_SmartArrayResizable_Basic.Find_Value_Present(4,10)</td>
            </tr>
            <tr>
              <td class="FT_TestExplanation"><br><b>Error Message From The Test Itself:</b><br><pre>System.Exception : YOU NEED TO IMPLEMENT THIS!</pre><br><b>Stack Trace From The Test Itself:</b><br><pre>at PCE_StarterProject.SmartArray.Find(Int32 val) in E:\Work\Website\Courses\BIT143\Lessons\Lesson_03\PCEs\PCE_03_VS_2010_NUnit_2_5_ExceptionHandling\03_PCE_StudentCode\Student_Answers.cs:line 115
at PCE_StarterProject.Test_SmartArray_Basic.Find_Value_Present(Int32 index, Int32 val) in E:\Work\Website\Courses\BIT143\Lessons\Lesson_03\PCEs\PCE_03_VS_2010_NUnit_2_5_ExceptionHandling\02_PCE_ForTests\PCE_Tests_To_Run.cs:line 251
</pre>
              </td>
            </tr>
            <tr>
              <td class="FT_TestName">PCE_StarterProject.Test_SmartArrayResizable_Basic.Find_Value_Present(4,200)</td>
            </tr>
            <tr>
              <td class="FT_TestExplanation"><br><b>Error Message From The Test Itself:</b><br><pre>System.Exception : YOU NEED TO IMPLEMENT THIS!</pre><br><b>Stack Trace From The Test Itself:</b><br><pre>at PCE_StarterProject.SmartArray.Find(Int32 val) in E:\Work\Website\Courses\BIT143\Lessons\Lesson_03\PCEs\PCE_03_VS_2010_NUnit_2_5_ExceptionHandling\03_PCE_StudentCode\Student_Answers.cs:line 115
at PCE_StarterProject.Test_SmartArray_Basic.Find_Value_Present(Int32 index, Int32 val) in E:\Work\Website\Courses\BIT143\Lessons\Lesson_03\PCEs\PCE_03_VS_2010_NUnit_2_5_ExceptionHandling\02_PCE_ForTests\PCE_Tests_To_Run.cs:line 251
</pre>
              </td>
            </tr>
            <tr>
              <td class="FT_TestName">PCE_StarterProject.Test_SmartArrayResizable_Basic.Find_Value_Present(4,20)</td>
            </tr>
            <tr>
              <td class="FT_TestExplanation"><br><b>Error Message From The Test Itself:</b><br><pre>System.Exception : YOU NEED TO IMPLEMENT THIS!</pre><br><b>Stack Trace From The Test Itself:</b><br><pre>at PCE_StarterProject.SmartArray.Find(Int32 val) in E:\Work\Website\Courses\BIT143\Lessons\Lesson_03\PCEs\PCE_03_VS_2010_NUnit_2_5_ExceptionHandling\03_PCE_StudentCode\Student_Answers.cs:line 115
at PCE_StarterProject.Test_SmartArray_Basic.Find_Value_Present(Int32 index, Int32 val) in E:\Work\Website\Courses\BIT143\Lessons\Lesson_03\PCEs\PCE_03_VS_2010_NUnit_2_5_ExceptionHandling\02_PCE_ForTests\PCE_Tests_To_Run.cs:line 251
</pre>
              </td>
            </tr>
            <tr>
              <td class="FT_TestName">PCE_StarterProject.Test_SmartArrayResizable_Basic.GetAtIndex(0)</td>
            </tr>
            <tr>
              <td class="FT_TestExplanation"><br><b>Error Message From The Test Itself:</b><br><pre>System.Exception : YOU NEED TO IMPLEMENT THIS!</pre><br><b>Stack Trace From The Test Itself:</b><br><pre>at PCE_StarterProject.SmartArray.GetAtIndex(Int32 idx, Int32&amp; val) in E:\Work\Website\Courses\BIT143\Lessons\Lesson_03\PCEs\PCE_03_VS_2010_NUnit_2_5_ExceptionHandling\03_PCE_StudentCode\Student_Answers.cs:line 103
at PCE_StarterProject.Test_SmartArray_Basic.GetAtIndex(Int32 index) in E:\Work\Website\Courses\BIT143\Lessons\Lesson_03\PCEs\PCE_03_VS_2010_NUnit_2_5_ExceptionHandling\02_PCE_ForTests\PCE_Tests_To_Run.cs:line 138
</pre>
              </td>
            </tr>
            <tr>
              <td class="FT_TestName">PCE_StarterProject.Test_SmartArrayResizable_Basic.GetAtIndex(1)</td>
            </tr>
            <tr>
              <td class="FT_TestExplanation"><br><b>Error Message From The Test Itself:</b><br><pre>System.Exception : YOU NEED TO IMPLEMENT THIS!</pre><br><b>Stack Trace From The Test Itself:</b><br><pre>at PCE_StarterProject.SmartArray.GetAtIndex(Int32 idx, Int32&amp; val) in E:\Work\Website\Courses\BIT143\Lessons\Lesson_03\PCEs\PCE_03_VS_2010_NUnit_2_5_ExceptionHandling\03_PCE_StudentCode\Student_Answers.cs:line 103
at PCE_StarterProject.Test_SmartArray_Basic.GetAtIndex(Int32 index) in E:\Work\Website\Courses\BIT143\Lessons\Lesson_03\PCEs\PCE_03_VS_2010_NUnit_2_5_ExceptionHandling\02_PCE_ForTests\PCE_Tests_To_Run.cs:line 138
</pre>
              </td>
            </tr>
            <tr>
              <td class="FT_TestName">PCE_StarterProject.Test_SmartArrayResizable_Basic.GetAtIndex(2)</td>
            </tr>
            <tr>
              <td class="FT_TestExplanation"><br><b>Error Message From The Test Itself:</b><br><pre>System.Exception : YOU NEED TO IMPLEMENT THIS!</pre><br><b>Stack Trace From The Test Itself:</b><br><pre>at PCE_StarterProject.SmartArray.GetAtIndex(Int32 idx, Int32&amp; val) in E:\Work\Website\Courses\BIT143\Lessons\Lesson_03\PCEs\PCE_03_VS_2010_NUnit_2_5_ExceptionHandling\03_PCE_StudentCode\Student_Answers.cs:line 103
at PCE_StarterProject.Test_SmartArray_Basic.GetAtIndex(Int32 index) in E:\Work\Website\Courses\BIT143\Lessons\Lesson_03\PCEs\PCE_03_VS_2010_NUnit_2_5_ExceptionHandling\02_PCE_ForTests\PCE_Tests_To_Run.cs:line 138
</pre>
              </td>
            </tr>
            <tr>
              <td class="FT_TestName">PCE_StarterProject.Test_SmartArrayResizable_Basic.GetAtIndex(3)</td>
            </tr>
            <tr>
              <td class="FT_TestExplanation"><br><b>Error Message From The Test Itself:</b><br><pre>System.Exception : YOU NEED TO IMPLEMENT THIS!</pre><br><b>Stack Trace From The Test Itself:</b><br><pre>at PCE_StarterProject.SmartArray.GetAtIndex(Int32 idx, Int32&amp; val) in E:\Work\Website\Courses\BIT143\Lessons\Lesson_03\PCEs\PCE_03_VS_2010_NUnit_2_5_ExceptionHandling\03_PCE_StudentCode\Student_Answers.cs:line 103
at PCE_StarterProject.Test_SmartArray_Basic.GetAtIndex(Int32 index) in E:\Work\Website\Courses\BIT143\Lessons\Lesson_03\PCEs\PCE_03_VS_2010_NUnit_2_5_ExceptionHandling\02_PCE_ForTests\PCE_Tests_To_Run.cs:line 138
</pre>
              </td>
            </tr>
            <tr>
              <td class="FT_TestName">PCE_StarterProject.Test_SmartArrayResizable_Basic.GetAtIndex(4)</td>
            </tr>
            <tr>
              <td class="FT_TestExplanation"><br><b>Error Message From The Test Itself:</b><br><pre>System.Exception : YOU NEED TO IMPLEMENT THIS!</pre><br><b>Stack Trace From The Test Itself:</b><br><pre>at PCE_StarterProject.SmartArray.GetAtIndex(Int32 idx, Int32&amp; val) in E:\Work\Website\Courses\BIT143\Lessons\Lesson_03\PCEs\PCE_03_VS_2010_NUnit_2_5_ExceptionHandling\03_PCE_StudentCode\Student_Answers.cs:line 103
at PCE_StarterProject.Test_SmartArray_Basic.GetAtIndex(Int32 index) in E:\Work\Website\Courses\BIT143\Lessons\Lesson_03\PCEs\PCE_03_VS_2010_NUnit_2_5_ExceptionHandling\02_PCE_ForTests\PCE_Tests_To_Run.cs:line 138
</pre>
              </td>
            </tr>
            <tr>
              <td class="FT_TestName">PCE_StarterProject.Test_SmartArrayResizable_Basic.GetAtIndex_OutOfBounds_Hi(5)</td>
            </tr>
            <tr>
              <td class="FT_TestExplanation"><br><b>Error Message From The Test Itself:</b><br><pre>System.Exception : YOU NEED TO IMPLEMENT THIS!</pre><br><b>Stack Trace From The Test Itself:</b><br><pre>at PCE_StarterProject.SmartArray.GetAtIndex(Int32 idx, Int32&amp; val) in E:\Work\Website\Courses\BIT143\Lessons\Lesson_03\PCEs\PCE_03_VS_2010_NUnit_2_5_ExceptionHandling\03_PCE_StudentCode\Student_Answers.cs:line 103
at PCE_StarterProject.Test_SmartArray_Basic.GetAtIndex_OutOfBounds_Hi(Int32 index) in E:\Work\Website\Courses\BIT143\Lessons\Lesson_03\PCEs\PCE_03_VS_2010_NUnit_2_5_ExceptionHandling\02_PCE_ForTests\PCE_Tests_To_Run.cs:line 154
</pre>
              </td>
            </tr>
            <tr>
              <td class="FT_TestName">PCE_StarterProject.Test_SmartArrayResizable_Basic.GetAtIndex_OutOfBounds_Hi(6)</td>
            </tr>
            <tr>
              <td class="FT_TestExplanation"><br><b>Error Message From The Test Itself:</b><br><pre>System.Exception : YOU NEED TO IMPLEMENT THIS!</pre><br><b>Stack Trace From The Test Itself:</b><br><pre>at PCE_StarterProject.SmartArray.GetAtIndex(Int32 idx, Int32&amp; val) in E:\Work\Website\Courses\BIT143\Lessons\Lesson_03\PCEs\PCE_03_VS_2010_NUnit_2_5_ExceptionHandling\03_PCE_StudentCode\Student_Answers.cs:line 103
at PCE_StarterProject.Test_SmartArray_Basic.GetAtIndex_OutOfBounds_Hi(Int32 index) in E:\Work\Website\Courses\BIT143\Lessons\Lesson_03\PCEs\PCE_03_VS_2010_NUnit_2_5_ExceptionHandling\02_PCE_ForTests\PCE_Tests_To_Run.cs:line 154
</pre>
              </td>
            </tr>
            <tr>
              <td class="FT_TestName">PCE_StarterProject.Test_SmartArrayResizable_Basic.GetAtIndex_OutOfBounds_Hi(10)</td>
            </tr>
            <tr>
              <td class="FT_TestExplanation"><br><b>Error Message From The Test Itself:</b><br><pre>System.Exception : YOU NEED TO IMPLEMENT THIS!</pre><br><b>Stack Trace From The Test Itself:</b><br><pre>at PCE_StarterProject.SmartArray.GetAtIndex(Int32 idx, Int32&amp; val) in E:\Work\Website\Courses\BIT143\Lessons\Lesson_03\PCEs\PCE_03_VS_2010_NUnit_2_5_ExceptionHandling\03_PCE_StudentCode\Student_Answers.cs:line 103
at PCE_StarterProject.Test_SmartArray_Basic.GetAtIndex_OutOfBounds_Hi(Int32 index) in E:\Work\Website\Courses\BIT143\Lessons\Lesson_03\PCEs\PCE_03_VS_2010_NUnit_2_5_ExceptionHandling\02_PCE_ForTests\PCE_Tests_To_Run.cs:line 154
</pre>
              </td>
            </tr>
            <tr>
              <td class="FT_TestName">PCE_StarterProject.Test_SmartArrayResizable_Basic.GetAtIndex_OutOfBounds_Lo(-1)</td>
            </tr>
            <tr>
              <td class="FT_TestExplanation"><br><b>Error Message From The Test Itself:</b><br><pre>System.Exception : YOU NEED TO IMPLEMENT THIS!</pre><br><b>Stack Trace From The Test Itself:</b><br><pre>at PCE_StarterProject.SmartArray.GetAtIndex(Int32 idx, Int32&amp; val) in E:\Work\Website\Courses\BIT143\Lessons\Lesson_03\PCEs\PCE_03_VS_2010_NUnit_2_5_ExceptionHandling\03_PCE_StudentCode\Student_Answers.cs:line 103
at PCE_StarterProject.Test_SmartArray_Basic.GetAtIndex_OutOfBounds_Lo(Int32 index) in E:\Work\Website\Courses\BIT143\Lessons\Lesson_03\PCEs\PCE_03_VS_2010_NUnit_2_5_ExceptionHandling\02_PCE_ForTests\PCE_Tests_To_Run.cs:line 168
</pre>
              </td>
            </tr>
            <tr>
              <td class="FT_TestName">PCE_StarterProject.Test_SmartArrayResizable_Basic.GetAtIndex_OutOfBounds_Lo(-2)</td>
            </tr>
            <tr>
              <td class="FT_TestExplanation"><br><b>Error Message From The Test Itself:</b><br><pre>System.Exception : YOU NEED TO IMPLEMENT THIS!</pre><br><b>Stack Trace From The Test Itself:</b><br><pre>at PCE_StarterProject.SmartArray.GetAtIndex(Int32 idx, Int32&amp; val) in E:\Work\Website\Courses\BIT143\Lessons\Lesson_03\PCEs\PCE_03_VS_2010_NUnit_2_5_ExceptionHandling\03_PCE_StudentCode\Student_Answers.cs:line 103
at PCE_StarterProject.Test_SmartArray_Basic.GetAtIndex_OutOfBounds_Lo(Int32 index) in E:\Work\Website\Courses\BIT143\Lessons\Lesson_03\PCEs\PCE_03_VS_2010_NUnit_2_5_ExceptionHandling\02_PCE_ForTests\PCE_Tests_To_Run.cs:line 168
</pre>
              </td>
            </tr>
            <tr>
              <td class="FT_TestName">PCE_StarterProject.Test_SmartArrayResizable_Basic.GetAtIndex_OutOfBounds_Lo(-10)</td>
            </tr>
            <tr>
              <td class="FT_TestExplanation"><br><b>Error Message From The Test Itself:</b><br><pre>System.Exception : YOU NEED TO IMPLEMENT THIS!</pre><br><b>Stack Trace From The Test Itself:</b><br><pre>at PCE_StarterProject.SmartArray.GetAtIndex(Int32 idx, Int32&amp; val) in E:\Work\Website\Courses\BIT143\Lessons\Lesson_03\PCEs\PCE_03_VS_2010_NUnit_2_5_ExceptionHandling\03_PCE_StudentCode\Student_Answers.cs:line 103
at PCE_StarterProject.Test_SmartArray_Basic.GetAtIndex_OutOfBounds_Lo(Int32 index) in E:\Work\Website\Courses\BIT143\Lessons\Lesson_03\PCEs\PCE_03_VS_2010_NUnit_2_5_ExceptionHandling\02_PCE_ForTests\PCE_Tests_To_Run.cs:line 168
</pre>
              </td>
            </tr>
            <tr>
              <td class="FT_TestName">PCE_StarterProject.Test_SmartArrayResizable_Basic.Set_Then_Get(0)</td>
            </tr>
            <tr>
              <td class="FT_TestExplanation"><br><b>Error Message From The Test Itself:</b><br><pre>System.Exception : YOU NEED TO IMPLEMENT THIS!</pre><br><b>Stack Trace From The Test Itself:</b><br><pre>at PCE_StarterProject.SmartArray.GetAtIndex(Int32 idx, Int32&amp; val) in E:\Work\Website\Courses\BIT143\Lessons\Lesson_03\PCEs\PCE_03_VS_2010_NUnit_2_5_ExceptionHandling\03_PCE_StudentCode\Student_Answers.cs:line 103
at PCE_StarterProject.Test_SmartArray_Basic.Set_Then_Get(Int32 index) in E:\Work\Website\Courses\BIT143\Lessons\Lesson_03\PCEs\PCE_03_VS_2010_NUnit_2_5_ExceptionHandling\02_PCE_ForTests\PCE_Tests_To_Run.cs:line 187
</pre>
              </td>
            </tr>
            <tr>
              <td class="FT_TestName">PCE_StarterProject.Test_SmartArrayResizable_Basic.Set_Then_Get(1)</td>
            </tr>
            <tr>
              <td class="FT_TestExplanation"><br><b>Error Message From The Test Itself:</b><br><pre>System.Exception : YOU NEED TO IMPLEMENT THIS!</pre><br><b>Stack Trace From The Test Itself:</b><br><pre>at PCE_StarterProject.SmartArray.GetAtIndex(Int32 idx, Int32&amp; val) in E:\Work\Website\Courses\BIT143\Lessons\Lesson_03\PCEs\PCE_03_VS_2010_NUnit_2_5_ExceptionHandling\03_PCE_StudentCode\Student_Answers.cs:line 103
at PCE_StarterProject.Test_SmartArray_Basic.Set_Then_Get(Int32 index) in E:\Work\Website\Courses\BIT143\Lessons\Lesson_03\PCEs\PCE_03_VS_2010_NUnit_2_5_ExceptionHandling\02_PCE_ForTests\PCE_Tests_To_Run.cs:line 187
</pre>
              </td>
            </tr>
            <tr>
              <td class="FT_TestName">PCE_StarterProject.Test_SmartArrayResizable_Basic.Set_Then_Get(2)</td>
            </tr>
            <tr>
              <td class="FT_TestExplanation"><br><b>Error Message From The Test Itself:</b><br><pre>System.Exception : YOU NEED TO IMPLEMENT THIS!</pre><br><b>Stack Trace From The Test Itself:</b><br><pre>at PCE_StarterProject.SmartArray.GetAtIndex(Int32 idx, Int32&amp; val) in E:\Work\Website\Courses\BIT143\Lessons\Lesson_03\PCEs\PCE_03_VS_2010_NUnit_2_5_ExceptionHandling\03_PCE_StudentCode\Student_Answers.cs:line 103
at PCE_StarterProject.Test_SmartArray_Basic.Set_Then_Get(Int32 index) in E:\Work\Website\Courses\BIT143\Lessons\Lesson_03\PCEs\PCE_03_VS_2010_NUnit_2_5_ExceptionHandling\02_PCE_ForTests\PCE_Tests_To_Run.cs:line 187
</pre>
              </td>
            </tr>
            <tr>
              <td class="FT_TestName">PCE_StarterProject.Test_SmartArrayResizable_Basic.Set_Then_Get(3)</td>
            </tr>
            <tr>
              <td class="FT_TestExplanation"><br><b>Error Message From The Test Itself:</b><br><pre>System.Exception : YOU NEED TO IMPLEMENT THIS!</pre><br><b>Stack Trace From The Test Itself:</b><br><pre>at PCE_StarterProject.SmartArray.GetAtIndex(Int32 idx, Int32&amp; val) in E:\Work\Website\Courses\BIT143\Lessons\Lesson_03\PCEs\PCE_03_VS_2010_NUnit_2_5_ExceptionHandling\03_PCE_StudentCode\Student_Answers.cs:line 103
at PCE_StarterProject.Test_SmartArray_Basic.Set_Then_Get(Int32 index) in E:\Work\Website\Courses\BIT143\Lessons\Lesson_03\PCEs\PCE_03_VS_2010_NUnit_2_5_ExceptionHandling\02_PCE_ForTests\PCE_Tests_To_Run.cs:line 187
</pre>
              </td>
            </tr>
            <tr>
              <td class="FT_TestName">PCE_StarterProject.Test_SmartArrayResizable_Basic.Set_Then_Get(4)</td>
            </tr>
            <tr>
              <td class="FT_TestExplanation"><br><b>Error Message From The Test Itself:</b><br><pre>System.Exception : YOU NEED TO IMPLEMENT THIS!</pre><br><b>Stack Trace From The Test Itself:</b><br><pre>at PCE_StarterProject.SmartArray.GetAtIndex(Int32 idx, Int32&amp; val) in E:\Work\Website\Courses\BIT143\Lessons\Lesson_03\PCEs\PCE_03_VS_2010_NUnit_2_5_ExceptionHandling\03_PCE_StudentCode\Student_Answers.cs:line 103
at PCE_StarterProject.Test_SmartArray_Basic.Set_Then_Get(Int32 index) in E:\Work\Website\Courses\BIT143\Lessons\Lesson_03\PCEs\PCE_03_VS_2010_NUnit_2_5_ExceptionHandling\02_PCE_ForTests\PCE_Tests_To_Run.cs:line 187
</pre>
              </td>
            </tr>
            <tr>
              <td class="FT_TestName">PCE_StarterProject.Test_SmartArrayResizable_Basic.SetAtIndex_InBounds(0)</td>
            </tr>
            <tr>
              <td class="FT_TestExplanation"><br><b>Error Message From The Test Itself:</b><br><pre>OverflowException was expected</pre><br><b>Stack Trace From The Test Itself:</b><br><pre>
              </pre>
              </td>
            </tr>
            <tr>
              <td class="FT_TestName">PCE_StarterProject.Test_SmartArrayResizable_Basic.SetAtIndex_InBounds(1)</td>
            </tr>
            <tr>
              <td class="FT_TestExplanation"><br><b>Error Message From The Test Itself:</b><br><pre>OverflowException was expected</pre><br><b>Stack Trace From The Test Itself:</b><br><pre>
              </pre>
              </td>
            </tr>
            <tr>
              <td class="FT_TestName">PCE_StarterProject.Test_SmartArrayResizable_Basic.SetAtIndex_InBounds(2)</td>
            </tr>
            <tr>
              <td class="FT_TestExplanation"><br><b>Error Message From The Test Itself:</b><br><pre>OverflowException was expected</pre><br><b>Stack Trace From The Test Itself:</b><br><pre>
              </pre>
              </td>
            </tr>
            <tr>
              <td class="FT_TestName">PCE_StarterProject.Test_SmartArrayResizable_Basic.SetAtIndex_InBounds(3)</td>
            </tr>
            <tr>
              <td class="FT_TestExplanation"><br><b>Error Message From The Test Itself:</b><br><pre>OverflowException was expected</pre><br><b>Stack Trace From The Test Itself:</b><br><pre>
              </pre>
              </td>
            </tr>
            <tr>
              <td class="FT_TestName">PCE_StarterProject.Test_SmartArrayResizable_Basic.SetAtIndex_InBounds(4)</td>
            </tr>
            <tr>
              <td class="FT_TestExplanation"><br><b>Error Message From The Test Itself:</b><br><pre>OverflowException was expected</pre><br><b>Stack Trace From The Test Itself:</b><br><pre>
              </pre>
              </td>
            </tr>
            <tr>
              <td class="FT_TestName">PCE_StarterProject.Test_SmartArrayResizable_Basic.SetAtIndex_OutOfBounds_Hi(5)</td>
            </tr>
            <tr>
              <td class="FT_TestExplanation"><br><b>Error Message From The Test Itself:</b><br><pre>PCE_StarterProject.OverflowException : Index is too high</pre><br><b>Stack Trace From The Test Itself:</b><br><pre>at PCE_StarterProject.SmartArray.SetAtIndex(Int32 idx, Int32 val) in E:\Work\Website\Courses\BIT143\Lessons\Lesson_03\PCEs\PCE_03_VS_2010_NUnit_2_5_ExceptionHandling\03_PCE_StudentCode\Student_Answers.cs:line 94
at PCE_StarterProject.Test_SmartArray_Basic.SetAtIndex_OutOfBounds_Hi(Int32 index) in E:\Work\Website\Courses\BIT143\Lessons\Lesson_03\PCEs\PCE_03_VS_2010_NUnit_2_5_ExceptionHandling\02_PCE_ForTests\PCE_Tests_To_Run.cs:line 53
</pre>
              </td>
            </tr>
            <tr>
              <td class="FT_TestName">PCE_StarterProject.Test_SmartArrayResizable_Basic.SetAtIndex_OutOfBounds_Hi(6)</td>
            </tr>
            <tr>
              <td class="FT_TestExplanation"><br><b>Error Message From The Test Itself:</b><br><pre>PCE_StarterProject.OverflowException : Index is too high</pre><br><b>Stack Trace From The Test Itself:</b><br><pre>at PCE_StarterProject.SmartArray.SetAtIndex(Int32 idx, Int32 val) in E:\Work\Website\Courses\BIT143\Lessons\Lesson_03\PCEs\PCE_03_VS_2010_NUnit_2_5_ExceptionHandling\03_PCE_StudentCode\Student_Answers.cs:line 94
at PCE_StarterProject.Test_SmartArray_Basic.SetAtIndex_OutOfBounds_Hi(Int32 index) in E:\Work\Website\Courses\BIT143\Lessons\Lesson_03\PCEs\PCE_03_VS_2010_NUnit_2_5_ExceptionHandling\02_PCE_ForTests\PCE_Tests_To_Run.cs:line 53
</pre>
              </td>
            </tr>
            <tr>
              <td class="FT_TestName">PCE_StarterProject.Test_SmartArrayResizable_Basic.SetAtIndex_OutOfBounds_Hi(10)</td>
            </tr>
            <tr>
              <td class="FT_TestExplanation"><br><b>Error Message From The Test Itself:</b><br><pre>PCE_StarterProject.OverflowException : Index is too high</pre><br><b>Stack Trace From The Test Itself:</b><br><pre>at PCE_StarterProject.SmartArray.SetAtIndex(Int32 idx, Int32 val) in E:\Work\Website\Courses\BIT143\Lessons\Lesson_03\PCEs\PCE_03_VS_2010_NUnit_2_5_ExceptionHandling\03_PCE_StudentCode\Student_Answers.cs:line 94
at PCE_StarterProject.Test_SmartArray_Basic.SetAtIndex_OutOfBounds_Hi(Int32 index) in E:\Work\Website\Courses\BIT143\Lessons\Lesson_03\PCEs\PCE_03_VS_2010_NUnit_2_5_ExceptionHandling\02_PCE_ForTests\PCE_Tests_To_Run.cs:line 53
</pre>
              </td>
            </tr>
            <tr>
              <td class="FT_TestName">PCE_StarterProject.Test_SmartArrayResizable_Basic.SetAtIndex_OutOfBounds_Lo(-1)</td>
            </tr>
            <tr>
              <td class="FT_TestExplanation"><br><b>Error Message From The Test Itself:</b><br><pre>PCE_StarterProject.UnderflowException : Index is too low</pre><br><b>Stack Trace From The Test Itself:</b><br><pre>at PCE_StarterProject.SmartArray.SetAtIndex(Int32 idx, Int32 val) in E:\Work\Website\Courses\BIT143\Lessons\Lesson_03\PCEs\PCE_03_VS_2010_NUnit_2_5_ExceptionHandling\03_PCE_StudentCode\Student_Answers.cs:line 92
at PCE_StarterProject.Test_SmartArray_Basic.SetAtIndex_OutOfBounds_Lo(Int32 index) in E:\Work\Website\Courses\BIT143\Lessons\Lesson_03\PCEs\PCE_03_VS_2010_NUnit_2_5_ExceptionHandling\02_PCE_ForTests\PCE_Tests_To_Run.cs:line 67
</pre>
              </td>
            </tr>
            <tr>
              <td class="FT_TestName">PCE_StarterProject.Test_SmartArrayResizable_Basic.SetAtIndex_OutOfBounds_Lo(-2)</td>
            </tr>
            <tr>
              <td class="FT_TestExplanation"><br><b>Error Message From The Test Itself:</b><br><pre>PCE_StarterProject.UnderflowException : Index is too low</pre><br><b>Stack Trace From The Test Itself:</b><br><pre>at PCE_StarterProject.SmartArray.SetAtIndex(Int32 idx, Int32 val) in E:\Work\Website\Courses\BIT143\Lessons\Lesson_03\PCEs\PCE_03_VS_2010_NUnit_2_5_ExceptionHandling\03_PCE_StudentCode\Student_Answers.cs:line 92
at PCE_StarterProject.Test_SmartArray_Basic.SetAtIndex_OutOfBounds_Lo(Int32 index) in E:\Work\Website\Courses\BIT143\Lessons\Lesson_03\PCEs\PCE_03_VS_2010_NUnit_2_5_ExceptionHandling\02_PCE_ForTests\PCE_Tests_To_Run.cs:line 67
</pre>
              </td>
            </tr>
            <tr>
              <td class="FT_TestName">PCE_StarterProject.Test_SmartArrayResizable_Basic.SetAtIndex_OutOfBounds_Lo(-10)</td>
            </tr>
            <tr>
              <td class="FT_TestExplanation"><br><b>Error Message From The Test Itself:</b><br><pre>PCE_StarterProject.UnderflowException : Index is too low</pre><br><b>Stack Trace From The Test Itself:</b><br><pre>at PCE_StarterProject.SmartArray.SetAtIndex(Int32 idx, Int32 val) in E:\Work\Website\Courses\BIT143\Lessons\Lesson_03\PCEs\PCE_03_VS_2010_NUnit_2_5_ExceptionHandling\03_PCE_StudentCode\Student_Answers.cs:line 92
at PCE_StarterProject.Test_SmartArray_Basic.SetAtIndex_OutOfBounds_Lo(Int32 index) in E:\Work\Website\Courses\BIT143\Lessons\Lesson_03\PCEs\PCE_03_VS_2010_NUnit_2_5_ExceptionHandling\02_PCE_ForTests\PCE_Tests_To_Run.cs:line 67
</pre>
              </td>
            </tr>
            <tr>
              <td class="FT_TestName">PCE_StarterProject.Test_SmartArrayResizable_Basic.Test_SmartArray_Basic.Find_Zero</td>
            </tr>
            <tr>
              <td class="FT_TestExplanation"><br><b>Error Message From The Test Itself:</b><br><pre>System.Exception : YOU NEED TO IMPLEMENT THIS!</pre><br><b>Stack Trace From The Test Itself:</b><br><pre>at PCE_StarterProject.SmartArray.Find(Int32 val) in E:\Work\Website\Courses\BIT143\Lessons\Lesson_03\PCEs\PCE_03_VS_2010_NUnit_2_5_ExceptionHandling\03_PCE_StudentCode\Student_Answers.cs:line 115
at PCE_StarterProject.Test_SmartArray_Basic.Find_Zero() in E:\Work\Website\Courses\BIT143\Lessons\Lesson_03\PCEs\PCE_03_VS_2010_NUnit_2_5_ExceptionHandling\02_PCE_ForTests\PCE_Tests_To_Run.cs:line 227
</pre>
              </td>
            </tr>
            <tr>
              <td class="FT_TestName">PCE_StarterProject.Test_SmartArrayResizable_Basic.Test_SmartArray_Basic.Print_All_Elts_Empty</td>
            </tr>
            <tr>
              <td class="FT_TestExplanation"><br><b>Error Message From The Test Itself:</b><br><pre>System.Exception : YOU NEED TO IMPLEMENT THIS!</pre><br><b>Stack Trace From The Test Itself:</b><br><pre>at PCE_StarterProject.SmartArray.PrintAllElements() in E:\Work\Website\Courses\BIT143\Lessons\Lesson_03\PCEs\PCE_03_VS_2010_NUnit_2_5_ExceptionHandling\03_PCE_StudentCode\Student_Answers.cs:line 110
at PCE_StarterProject.Test_SmartArray_Basic.Print_All_Elts_Empty() in E:\Work\Website\Courses\BIT143\Lessons\Lesson_03\PCEs\PCE_03_VS_2010_NUnit_2_5_ExceptionHandling\02_PCE_ForTests\PCE_Tests_To_Run.cs:line 82
</pre>
              </td>
            </tr>
            <tr>
              <td class="FT_TestName">PCE_StarterProject.Test_SmartArrayResizable_Basic.Test_SmartArray_Basic.Print_All_Elts_Set</td>
            </tr>
            <tr>
              <td class="FT_TestExplanation"><br><b>Error Message From The Test Itself:</b><br><pre>System.Exception : YOU NEED TO IMPLEMENT THIS!</pre><br><b>Stack Trace From The Test Itself:</b><br><pre>at PCE_StarterProject.SmartArray.PrintAllElements() in E:\Work\Website\Courses\BIT143\Lessons\Lesson_03\PCEs\PCE_03_VS_2010_NUnit_2_5_ExceptionHandling\03_PCE_StudentCode\Student_Answers.cs:line 110
at PCE_StarterProject.Test_SmartArray_Basic.Print_All_Elts_Set() in E:\Work\Website\Courses\BIT143\Lessons\Lesson_03\PCEs\PCE_03_VS_2010_NUnit_2_5_ExceptionHandling\02_PCE_ForTests\PCE_Tests_To_Run.cs:line 116
</pre>
              </td>
            </tr>
            <tr>
              <td class="FT_TestName">PCE_StarterProject.Test_SmartArrayResizable_Basic.Test_SmartArray_Basic.Set_All_Then_Find</td>
            </tr>
            <tr>
              <td class="FT_TestExplanation"><br><b>Error Message From The Test Itself:</b><br><pre>System.Exception : YOU NEED TO IMPLEMENT THIS!</pre><br><b>Stack Trace From The Test Itself:</b><br><pre>at PCE_StarterProject.SmartArray.getSize() in E:\Work\Website\Courses\BIT143\Lessons\Lesson_03\PCEs\PCE_03_VS_2010_NUnit_2_5_ExceptionHandling\03_PCE_StudentCode\Student_Answers.cs:line 121
at PCE_StarterProject.Test_SmartArray_Basic.Set_All_Then_Find() in E:\Work\Website\Courses\BIT143\Lessons\Lesson_03\PCEs\PCE_03_VS_2010_NUnit_2_5_ExceptionHandling\02_PCE_ForTests\PCE_Tests_To_Run.cs:line 263
</pre>
              </td>
            </tr>
            <tr>
              <td class="FT_TestName">PCE_StarterProject.Test_SmartArrayResizable_Basic.Test_SmartArray_Basic.Set_All_Then_Get_All</td>
            </tr>
            <tr>
              <td class="FT_TestExplanation"><br><b>Error Message From The Test Itself:</b><br><pre>System.Exception : YOU NEED TO IMPLEMENT THIS!</pre><br><b>Stack Trace From The Test Itself:</b><br><pre>at PCE_StarterProject.SmartArray.getSize() in E:\Work\Website\Courses\BIT143\Lessons\Lesson_03\PCEs\PCE_03_VS_2010_NUnit_2_5_ExceptionHandling\03_PCE_StudentCode\Student_Answers.cs:line 121
at PCE_StarterProject.Test_SmartArray_Basic.Set_All_Then_Get_All() in E:\Work\Website\Courses\BIT143\Lessons\Lesson_03\PCEs\PCE_03_VS_2010_NUnit_2_5_ExceptionHandling\02_PCE_ForTests\PCE_Tests_To_Run.cs:line 204
</pre>
              </td>
            </tr>
            <tr>
              <td class="FT_TestName">PCE_StarterProject.Test_SmartArrayResizable_Basic.Test_SmartArray_Basic.Test_Get_Size</td>
            </tr>
            <tr>
              <td class="FT_TestExplanation"><br><b>Error Message From The Test Itself:</b><br><pre>System.Exception : YOU NEED TO IMPLEMENT THIS!</pre><br><b>Stack Trace From The Test Itself:</b><br><pre>at PCE_StarterProject.SmartArray.getSize() in E:\Work\Website\Courses\BIT143\Lessons\Lesson_03\PCEs\PCE_03_VS_2010_NUnit_2_5_ExceptionHandling\03_PCE_StudentCode\Student_Answers.cs:line 121
at PCE_StarterProject.Test_SmartArray_Basic.Test_Get_Size() in E:\Work\Website\Courses\BIT143\Lessons\Lesson_03\PCEs\PCE_03_VS_2010_NUnit_2_5_ExceptionHandling\02_PCE_ForTests\PCE_Tests_To_Run.cs:line 236
</pre>
              </td>
            </tr>
          </table>
        </td>
      </tr>
      <tr>
        <td colspan="2">
          <div class="PassedTests">Passed Tests</div>
        </td>
      </tr>
      <tr>
        <td colspan="2"> There are no passed tests</td>
      </tr>
      <tr>
        <td colspan="2">
          <div class="ExerciseTitle">Test_Stack_SmartArray_Basic</div>
        </td>
      </tr>
      <tr>
        <td>
          <div class="FailedTests">Failed Tests</div>
        </td>
        <td class="FT_PointPenalty">Point Penalty</td>
      </tr>
      <tr>
        <td class="FT_GradingCategory">                        Grading Category: 
						<i>SmartArray Basics</i></td>
        <td class="FT_PointPenalty">-1</td>
      </tr>
      <tr>
        <td class="FT_Explanation" colspan="2">
    There is a problem with your SmartArray and/or your
    Stack, and/or your Queue.  This test fails if any of those fail to
    pass the tests in Test_SmartArray_Basic.  You can tell which one based
    on whether the word in big blue title, above, starts with Test_Queue...,
    Test_SmartArray..., or Test_Stack...
   </td>
      </tr>
      <tr>
        <td colspan="2" style="border-top-width:0px">                    This penalty was triggered by the failure of the following tests:
					<table class="FT_ListOfTests">
            <tr>
              <td></td>
            </tr>
            <tr>
              <td class="FT_TestName">PCE_StarterProject.Test_Stack_SmartArray_Basic.Find_Value_Absent(-10)</td>
            </tr>
            <tr>
              <td class="FT_TestExplanation"><br><b>Error Message From The Test Itself:</b><br><pre>System.Exception : YOU NEED TO IMPLEMENT THIS!</pre><br><b>Stack Trace From The Test Itself:</b><br><pre>at PCE_StarterProject.SmartArray.Find(Int32 val) in E:\Work\Website\Courses\BIT143\Lessons\Lesson_03\PCEs\PCE_03_VS_2010_NUnit_2_5_ExceptionHandling\03_PCE_StudentCode\Student_Answers.cs:line 115
at PCE_StarterProject.Test_SmartArray_Basic.Find_Value_Absent(Int32 val) in E:\Work\Website\Courses\BIT143\Lessons\Lesson_03\PCEs\PCE_03_VS_2010_NUnit_2_5_ExceptionHandling\02_PCE_ForTests\PCE_Tests_To_Run.cs:line 287
</pre>
              </td>
            </tr>
            <tr>
              <td class="FT_TestName">PCE_StarterProject.Test_Stack_SmartArray_Basic.Find_Value_Absent(10)</td>
            </tr>
            <tr>
              <td class="FT_TestExplanation"><br><b>Error Message From The Test Itself:</b><br><pre>System.Exception : YOU NEED TO IMPLEMENT THIS!</pre><br><b>Stack Trace From The Test Itself:</b><br><pre>at PCE_StarterProject.SmartArray.Find(Int32 val) in E:\Work\Website\Courses\BIT143\Lessons\Lesson_03\PCEs\PCE_03_VS_2010_NUnit_2_5_ExceptionHandling\03_PCE_StudentCode\Student_Answers.cs:line 115
at PCE_StarterProject.Test_SmartArray_Basic.Find_Value_Absent(Int32 val) in E:\Work\Website\Courses\BIT143\Lessons\Lesson_03\PCEs\PCE_03_VS_2010_NUnit_2_5_ExceptionHandling\02_PCE_ForTests\PCE_Tests_To_Run.cs:line 287
</pre>
              </td>
            </tr>
            <tr>
              <td class="FT_TestName">PCE_StarterProject.Test_Stack_SmartArray_Basic.Find_Value_Absent(200)</td>
            </tr>
            <tr>
              <td class="FT_TestExplanation"><br><b>Error Message From The Test Itself:</b><br><pre>System.Exception : YOU NEED TO IMPLEMENT THIS!</pre><br><b>Stack Trace From The Test Itself:</b><br><pre>at PCE_StarterProject.SmartArray.Find(Int32 val) in E:\Work\Website\Courses\BIT143\Lessons\Lesson_03\PCEs\PCE_03_VS_2010_NUnit_2_5_ExceptionHandling\03_PCE_StudentCode\Student_Answers.cs:line 115
at PCE_StarterProject.Test_SmartArray_Basic.Find_Value_Absent(Int32 val) in E:\Work\Website\Courses\BIT143\Lessons\Lesson_03\PCEs\PCE_03_VS_2010_NUnit_2_5_ExceptionHandling\02_PCE_ForTests\PCE_Tests_To_Run.cs:line 287
</pre>
              </td>
            </tr>
            <tr>
              <td class="FT_TestName">PCE_StarterProject.Test_Stack_SmartArray_Basic.Find_Value_Absent(20)</td>
            </tr>
            <tr>
              <td class="FT_TestExplanation"><br><b>Error Message From The Test Itself:</b><br><pre>System.Exception : YOU NEED TO IMPLEMENT THIS!</pre><br><b>Stack Trace From The Test Itself:</b><br><pre>at PCE_StarterProject.SmartArray.Find(Int32 val) in E:\Work\Website\Courses\BIT143\Lessons\Lesson_03\PCEs\PCE_03_VS_2010_NUnit_2_5_ExceptionHandling\03_PCE_StudentCode\Student_Answers.cs:line 115
at PCE_StarterProject.Test_SmartArray_Basic.Find_Value_Absent(Int32 val) in E:\Work\Website\Courses\BIT143\Lessons\Lesson_03\PCEs\PCE_03_VS_2010_NUnit_2_5_ExceptionHandling\02_PCE_ForTests\PCE_Tests_To_Run.cs:line 287
</pre>
              </td>
            </tr>
            <tr>
              <td class="FT_TestName">PCE_StarterProject.Test_Stack_SmartArray_Basic.Find_Value_Present(0,-10)</td>
            </tr>
            <tr>
              <td class="FT_TestExplanation"><br><b>Error Message From The Test Itself:</b><br><pre>System.Exception : YOU NEED TO IMPLEMENT THIS!</pre><br><b>Stack Trace From The Test Itself:</b><br><pre>at PCE_StarterProject.SmartArray.Find(Int32 val) in E:\Work\Website\Courses\BIT143\Lessons\Lesson_03\PCEs\PCE_03_VS_2010_NUnit_2_5_ExceptionHandling\03_PCE_StudentCode\Student_Answers.cs:line 115
at PCE_StarterProject.Test_SmartArray_Basic.Find_Value_Present(Int32 index, Int32 val) in E:\Work\Website\Courses\BIT143\Lessons\Lesson_03\PCEs\PCE_03_VS_2010_NUnit_2_5_ExceptionHandling\02_PCE_ForTests\PCE_Tests_To_Run.cs:line 251
</pre>
              </td>
            </tr>
            <tr>
              <td class="FT_TestName">PCE_StarterProject.Test_Stack_SmartArray_Basic.Find_Value_Present(0,10)</td>
            </tr>
            <tr>
              <td class="FT_TestExplanation"><br><b>Error Message From The Test Itself:</b><br><pre>System.Exception : YOU NEED TO IMPLEMENT THIS!</pre><br><b>Stack Trace From The Test Itself:</b><br><pre>at PCE_StarterProject.SmartArray.Find(Int32 val) in E:\Work\Website\Courses\BIT143\Lessons\Lesson_03\PCEs\PCE_03_VS_2010_NUnit_2_5_ExceptionHandling\03_PCE_StudentCode\Student_Answers.cs:line 115
at PCE_StarterProject.Test_SmartArray_Basic.Find_Value_Present(Int32 index, Int32 val) in E:\Work\Website\Courses\BIT143\Lessons\Lesson_03\PCEs\PCE_03_VS_2010_NUnit_2_5_ExceptionHandling\02_PCE_ForTests\PCE_Tests_To_Run.cs:line 251
</pre>
              </td>
            </tr>
            <tr>
              <td class="FT_TestName">PCE_StarterProject.Test_Stack_SmartArray_Basic.Find_Value_Present(0,200)</td>
            </tr>
            <tr>
              <td class="FT_TestExplanation"><br><b>Error Message From The Test Itself:</b><br><pre>System.Exception : YOU NEED TO IMPLEMENT THIS!</pre><br><b>Stack Trace From The Test Itself:</b><br><pre>at PCE_StarterProject.SmartArray.Find(Int32 val) in E:\Work\Website\Courses\BIT143\Lessons\Lesson_03\PCEs\PCE_03_VS_2010_NUnit_2_5_ExceptionHandling\03_PCE_StudentCode\Student_Answers.cs:line 115
at PCE_StarterProject.Test_SmartArray_Basic.Find_Value_Present(Int32 index, Int32 val) in E:\Work\Website\Courses\BIT143\Lessons\Lesson_03\PCEs\PCE_03_VS_2010_NUnit_2_5_ExceptionHandling\02_PCE_ForTests\PCE_Tests_To_Run.cs:line 251
</pre>
              </td>
            </tr>
            <tr>
              <td class="FT_TestName">PCE_StarterProject.Test_Stack_SmartArray_Basic.Find_Value_Present(0,20)</td>
            </tr>
            <tr>
              <td class="FT_TestExplanation"><br><b>Error Message From The Test Itself:</b><br><pre>System.Exception : YOU NEED TO IMPLEMENT THIS!</pre><br><b>Stack Trace From The Test Itself:</b><br><pre>at PCE_StarterProject.SmartArray.Find(Int32 val) in E:\Work\Website\Courses\BIT143\Lessons\Lesson_03\PCEs\PCE_03_VS_2010_NUnit_2_5_ExceptionHandling\03_PCE_StudentCode\Student_Answers.cs:line 115
at PCE_StarterProject.Test_SmartArray_Basic.Find_Value_Present(Int32 index, Int32 val) in E:\Work\Website\Courses\BIT143\Lessons\Lesson_03\PCEs\PCE_03_VS_2010_NUnit_2_5_ExceptionHandling\02_PCE_ForTests\PCE_Tests_To_Run.cs:line 251
</pre>
              </td>
            </tr>
            <tr>
              <td class="FT_TestName">PCE_StarterProject.Test_Stack_SmartArray_Basic.Find_Value_Present(1,-10)</td>
            </tr>
            <tr>
              <td class="FT_TestExplanation"><br><b>Error Message From The Test Itself:</b><br><pre>System.Exception : YOU NEED TO IMPLEMENT THIS!</pre><br><b>Stack Trace From The Test Itself:</b><br><pre>at PCE_StarterProject.SmartArray.Find(Int32 val) in E:\Work\Website\Courses\BIT143\Lessons\Lesson_03\PCEs\PCE_03_VS_2010_NUnit_2_5_ExceptionHandling\03_PCE_StudentCode\Student_Answers.cs:line 115
at PCE_StarterProject.Test_SmartArray_Basic.Find_Value_Present(Int32 index, Int32 val) in E:\Work\Website\Courses\BIT143\Lessons\Lesson_03\PCEs\PCE_03_VS_2010_NUnit_2_5_ExceptionHandling\02_PCE_ForTests\PCE_Tests_To_Run.cs:line 251
</pre>
              </td>
            </tr>
            <tr>
              <td class="FT_TestName">PCE_StarterProject.Test_Stack_SmartArray_Basic.Find_Value_Present(1,10)</td>
            </tr>
            <tr>
              <td class="FT_TestExplanation"><br><b>Error Message From The Test Itself:</b><br><pre>System.Exception : YOU NEED TO IMPLEMENT THIS!</pre><br><b>Stack Trace From The Test Itself:</b><br><pre>at PCE_StarterProject.SmartArray.Find(Int32 val) in E:\Work\Website\Courses\BIT143\Lessons\Lesson_03\PCEs\PCE_03_VS_2010_NUnit_2_5_ExceptionHandling\03_PCE_StudentCode\Student_Answers.cs:line 115
at PCE_StarterProject.Test_SmartArray_Basic.Find_Value_Present(Int32 index, Int32 val) in E:\Work\Website\Courses\BIT143\Lessons\Lesson_03\PCEs\PCE_03_VS_2010_NUnit_2_5_ExceptionHandling\02_PCE_ForTests\PCE_Tests_To_Run.cs:line 251
</pre>
              </td>
            </tr>
            <tr>
              <td class="FT_TestName">PCE_StarterProject.Test_Stack_SmartArray_Basic.Find_Value_Present(1,200)</td>
            </tr>
            <tr>
              <td class="FT_TestExplanation"><br><b>Error Message From The Test Itself:</b><br><pre>System.Exception : YOU NEED TO IMPLEMENT THIS!</pre><br><b>Stack Trace From The Test Itself:</b><br><pre>at PCE_StarterProject.SmartArray.Find(Int32 val) in E:\Work\Website\Courses\BIT143\Lessons\Lesson_03\PCEs\PCE_03_VS_2010_NUnit_2_5_ExceptionHandling\03_PCE_StudentCode\Student_Answers.cs:line 115
at PCE_StarterProject.Test_SmartArray_Basic.Find_Value_Present(Int32 index, Int32 val) in E:\Work\Website\Courses\BIT143\Lessons\Lesson_03\PCEs\PCE_03_VS_2010_NUnit_2_5_ExceptionHandling\02_PCE_ForTests\PCE_Tests_To_Run.cs:line 251
</pre>
              </td>
            </tr>
            <tr>
              <td class="FT_TestName">PCE_StarterProject.Test_Stack_SmartArray_Basic.Find_Value_Present(1,20)</td>
            </tr>
            <tr>
              <td class="FT_TestExplanation"><br><b>Error Message From The Test Itself:</b><br><pre>System.Exception : YOU NEED TO IMPLEMENT THIS!</pre><br><b>Stack Trace From The Test Itself:</b><br><pre>at PCE_StarterProject.SmartArray.Find(Int32 val) in E:\Work\Website\Courses\BIT143\Lessons\Lesson_03\PCEs\PCE_03_VS_2010_NUnit_2_5_ExceptionHandling\03_PCE_StudentCode\Student_Answers.cs:line 115
at PCE_StarterProject.Test_SmartArray_Basic.Find_Value_Present(Int32 index, Int32 val) in E:\Work\Website\Courses\BIT143\Lessons\Lesson_03\PCEs\PCE_03_VS_2010_NUnit_2_5_ExceptionHandling\02_PCE_ForTests\PCE_Tests_To_Run.cs:line 251
</pre>
              </td>
            </tr>
            <tr>
              <td class="FT_TestName">PCE_StarterProject.Test_Stack_SmartArray_Basic.Find_Value_Present(2,-10)</td>
            </tr>
            <tr>
              <td class="FT_TestExplanation"><br><b>Error Message From The Test Itself:</b><br><pre>System.Exception : YOU NEED TO IMPLEMENT THIS!</pre><br><b>Stack Trace From The Test Itself:</b><br><pre>at PCE_StarterProject.SmartArray.Find(Int32 val) in E:\Work\Website\Courses\BIT143\Lessons\Lesson_03\PCEs\PCE_03_VS_2010_NUnit_2_5_ExceptionHandling\03_PCE_StudentCode\Student_Answers.cs:line 115
at PCE_StarterProject.Test_SmartArray_Basic.Find_Value_Present(Int32 index, Int32 val) in E:\Work\Website\Courses\BIT143\Lessons\Lesson_03\PCEs\PCE_03_VS_2010_NUnit_2_5_ExceptionHandling\02_PCE_ForTests\PCE_Tests_To_Run.cs:line 251
</pre>
              </td>
            </tr>
            <tr>
              <td class="FT_TestName">PCE_StarterProject.Test_Stack_SmartArray_Basic.Find_Value_Present(2,10)</td>
            </tr>
            <tr>
              <td class="FT_TestExplanation"><br><b>Error Message From The Test Itself:</b><br><pre>System.Exception : YOU NEED TO IMPLEMENT THIS!</pre><br><b>Stack Trace From The Test Itself:</b><br><pre>at PCE_StarterProject.SmartArray.Find(Int32 val) in E:\Work\Website\Courses\BIT143\Lessons\Lesson_03\PCEs\PCE_03_VS_2010_NUnit_2_5_ExceptionHandling\03_PCE_StudentCode\Student_Answers.cs:line 115
at PCE_StarterProject.Test_SmartArray_Basic.Find_Value_Present(Int32 index, Int32 val) in E:\Work\Website\Courses\BIT143\Lessons\Lesson_03\PCEs\PCE_03_VS_2010_NUnit_2_5_ExceptionHandling\02_PCE_ForTests\PCE_Tests_To_Run.cs:line 251
</pre>
              </td>
            </tr>
            <tr>
              <td class="FT_TestName">PCE_StarterProject.Test_Stack_SmartArray_Basic.Find_Value_Present(2,200)</td>
            </tr>
            <tr>
              <td class="FT_TestExplanation"><br><b>Error Message From The Test Itself:</b><br><pre>System.Exception : YOU NEED TO IMPLEMENT THIS!</pre><br><b>Stack Trace From The Test Itself:</b><br><pre>at PCE_StarterProject.SmartArray.Find(Int32 val) in E:\Work\Website\Courses\BIT143\Lessons\Lesson_03\PCEs\PCE_03_VS_2010_NUnit_2_5_ExceptionHandling\03_PCE_StudentCode\Student_Answers.cs:line 115
at PCE_StarterProject.Test_SmartArray_Basic.Find_Value_Present(Int32 index, Int32 val) in E:\Work\Website\Courses\BIT143\Lessons\Lesson_03\PCEs\PCE_03_VS_2010_NUnit_2_5_ExceptionHandling\02_PCE_ForTests\PCE_Tests_To_Run.cs:line 251
</pre>
              </td>
            </tr>
            <tr>
              <td class="FT_TestName">PCE_StarterProject.Test_Stack_SmartArray_Basic.Find_Value_Present(2,20)</td>
            </tr>
            <tr>
              <td class="FT_TestExplanation"><br><b>Error Message From The Test Itself:</b><br><pre>System.Exception : YOU NEED TO IMPLEMENT THIS!</pre><br><b>Stack Trace From The Test Itself:</b><br><pre>at PCE_StarterProject.SmartArray.Find(Int32 val) in E:\Work\Website\Courses\BIT143\Lessons\Lesson_03\PCEs\PCE_03_VS_2010_NUnit_2_5_ExceptionHandling\03_PCE_StudentCode\Student_Answers.cs:line 115
at PCE_StarterProject.Test_SmartArray_Basic.Find_Value_Present(Int32 index, Int32 val) in E:\Work\Website\Courses\BIT143\Lessons\Lesson_03\PCEs\PCE_03_VS_2010_NUnit_2_5_ExceptionHandling\02_PCE_ForTests\PCE_Tests_To_Run.cs:line 251
</pre>
              </td>
            </tr>
            <tr>
              <td class="FT_TestName">PCE_StarterProject.Test_Stack_SmartArray_Basic.Find_Value_Present(3,-10)</td>
            </tr>
            <tr>
              <td class="FT_TestExplanation"><br><b>Error Message From The Test Itself:</b><br><pre>System.Exception : YOU NEED TO IMPLEMENT THIS!</pre><br><b>Stack Trace From The Test Itself:</b><br><pre>at PCE_StarterProject.SmartArray.Find(Int32 val) in E:\Work\Website\Courses\BIT143\Lessons\Lesson_03\PCEs\PCE_03_VS_2010_NUnit_2_5_ExceptionHandling\03_PCE_StudentCode\Student_Answers.cs:line 115
at PCE_StarterProject.Test_SmartArray_Basic.Find_Value_Present(Int32 index, Int32 val) in E:\Work\Website\Courses\BIT143\Lessons\Lesson_03\PCEs\PCE_03_VS_2010_NUnit_2_5_ExceptionHandling\02_PCE_ForTests\PCE_Tests_To_Run.cs:line 251
</pre>
              </td>
            </tr>
            <tr>
              <td class="FT_TestName">PCE_StarterProject.Test_Stack_SmartArray_Basic.Find_Value_Present(3,10)</td>
            </tr>
            <tr>
              <td class="FT_TestExplanation"><br><b>Error Message From The Test Itself:</b><br><pre>System.Exception : YOU NEED TO IMPLEMENT THIS!</pre><br><b>Stack Trace From The Test Itself:</b><br><pre>at PCE_StarterProject.SmartArray.Find(Int32 val) in E:\Work\Website\Courses\BIT143\Lessons\Lesson_03\PCEs\PCE_03_VS_2010_NUnit_2_5_ExceptionHandling\03_PCE_StudentCode\Student_Answers.cs:line 115
at PCE_StarterProject.Test_SmartArray_Basic.Find_Value_Present(Int32 index, Int32 val) in E:\Work\Website\Courses\BIT143\Lessons\Lesson_03\PCEs\PCE_03_VS_2010_NUnit_2_5_ExceptionHandling\02_PCE_ForTests\PCE_Tests_To_Run.cs:line 251
</pre>
              </td>
            </tr>
            <tr>
              <td class="FT_TestName">PCE_StarterProject.Test_Stack_SmartArray_Basic.Find_Value_Present(3,200)</td>
            </tr>
            <tr>
              <td class="FT_TestExplanation"><br><b>Error Message From The Test Itself:</b><br><pre>System.Exception : YOU NEED TO IMPLEMENT THIS!</pre><br><b>Stack Trace From The Test Itself:</b><br><pre>at PCE_StarterProject.SmartArray.Find(Int32 val) in E:\Work\Website\Courses\BIT143\Lessons\Lesson_03\PCEs\PCE_03_VS_2010_NUnit_2_5_ExceptionHandling\03_PCE_StudentCode\Student_Answers.cs:line 115
at PCE_StarterProject.Test_SmartArray_Basic.Find_Value_Present(Int32 index, Int32 val) in E:\Work\Website\Courses\BIT143\Lessons\Lesson_03\PCEs\PCE_03_VS_2010_NUnit_2_5_ExceptionHandling\02_PCE_ForTests\PCE_Tests_To_Run.cs:line 251
</pre>
              </td>
            </tr>
            <tr>
              <td class="FT_TestName">PCE_StarterProject.Test_Stack_SmartArray_Basic.Find_Value_Present(3,20)</td>
            </tr>
            <tr>
              <td class="FT_TestExplanation"><br><b>Error Message From The Test Itself:</b><br><pre>System.Exception : YOU NEED TO IMPLEMENT THIS!</pre><br><b>Stack Trace From The Test Itself:</b><br><pre>at PCE_StarterProject.SmartArray.Find(Int32 val) in E:\Work\Website\Courses\BIT143\Lessons\Lesson_03\PCEs\PCE_03_VS_2010_NUnit_2_5_ExceptionHandling\03_PCE_StudentCode\Student_Answers.cs:line 115
at PCE_StarterProject.Test_SmartArray_Basic.Find_Value_Present(Int32 index, Int32 val) in E:\Work\Website\Courses\BIT143\Lessons\Lesson_03\PCEs\PCE_03_VS_2010_NUnit_2_5_ExceptionHandling\02_PCE_ForTests\PCE_Tests_To_Run.cs:line 251
</pre>
              </td>
            </tr>
            <tr>
              <td class="FT_TestName">PCE_StarterProject.Test_Stack_SmartArray_Basic.Find_Value_Present(4,-10)</td>
            </tr>
            <tr>
              <td class="FT_TestExplanation"><br><b>Error Message From The Test Itself:</b><br><pre>System.Exception : YOU NEED TO IMPLEMENT THIS!</pre><br><b>Stack Trace From The Test Itself:</b><br><pre>at PCE_StarterProject.SmartArray.Find(Int32 val) in E:\Work\Website\Courses\BIT143\Lessons\Lesson_03\PCEs\PCE_03_VS_2010_NUnit_2_5_ExceptionHandling\03_PCE_StudentCode\Student_Answers.cs:line 115
at PCE_StarterProject.Test_SmartArray_Basic.Find_Value_Present(Int32 index, Int32 val) in E:\Work\Website\Courses\BIT143\Lessons\Lesson_03\PCEs\PCE_03_VS_2010_NUnit_2_5_ExceptionHandling\02_PCE_ForTests\PCE_Tests_To_Run.cs:line 251
</pre>
              </td>
            </tr>
            <tr>
              <td class="FT_TestName">PCE_StarterProject.Test_Stack_SmartArray_Basic.Find_Value_Present(4,10)</td>
            </tr>
            <tr>
              <td class="FT_TestExplanation"><br><b>Error Message From The Test Itself:</b><br><pre>System.Exception : YOU NEED TO IMPLEMENT THIS!</pre><br><b>Stack Trace From The Test Itself:</b><br><pre>at PCE_StarterProject.SmartArray.Find(Int32 val) in E:\Work\Website\Courses\BIT143\Lessons\Lesson_03\PCEs\PCE_03_VS_2010_NUnit_2_5_ExceptionHandling\03_PCE_StudentCode\Student_Answers.cs:line 115
at PCE_StarterProject.Test_SmartArray_Basic.Find_Value_Present(Int32 index, Int32 val) in E:\Work\Website\Courses\BIT143\Lessons\Lesson_03\PCEs\PCE_03_VS_2010_NUnit_2_5_ExceptionHandling\02_PCE_ForTests\PCE_Tests_To_Run.cs:line 251
</pre>
              </td>
            </tr>
            <tr>
              <td class="FT_TestName">PCE_StarterProject.Test_Stack_SmartArray_Basic.Find_Value_Present(4,200)</td>
            </tr>
            <tr>
              <td class="FT_TestExplanation"><br><b>Error Message From The Test Itself:</b><br><pre>System.Exception : YOU NEED TO IMPLEMENT THIS!</pre><br><b>Stack Trace From The Test Itself:</b><br><pre>at PCE_StarterProject.SmartArray.Find(Int32 val) in E:\Work\Website\Courses\BIT143\Lessons\Lesson_03\PCEs\PCE_03_VS_2010_NUnit_2_5_ExceptionHandling\03_PCE_StudentCode\Student_Answers.cs:line 115
at PCE_StarterProject.Test_SmartArray_Basic.Find_Value_Present(Int32 index, Int32 val) in E:\Work\Website\Courses\BIT143\Lessons\Lesson_03\PCEs\PCE_03_VS_2010_NUnit_2_5_ExceptionHandling\02_PCE_ForTests\PCE_Tests_To_Run.cs:line 251
</pre>
              </td>
            </tr>
            <tr>
              <td class="FT_TestName">PCE_StarterProject.Test_Stack_SmartArray_Basic.Find_Value_Present(4,20)</td>
            </tr>
            <tr>
              <td class="FT_TestExplanation"><br><b>Error Message From The Test Itself:</b><br><pre>System.Exception : YOU NEED TO IMPLEMENT THIS!</pre><br><b>Stack Trace From The Test Itself:</b><br><pre>at PCE_StarterProject.SmartArray.Find(Int32 val) in E:\Work\Website\Courses\BIT143\Lessons\Lesson_03\PCEs\PCE_03_VS_2010_NUnit_2_5_ExceptionHandling\03_PCE_StudentCode\Student_Answers.cs:line 115
at PCE_StarterProject.Test_SmartArray_Basic.Find_Value_Present(Int32 index, Int32 val) in E:\Work\Website\Courses\BIT143\Lessons\Lesson_03\PCEs\PCE_03_VS_2010_NUnit_2_5_ExceptionHandling\02_PCE_ForTests\PCE_Tests_To_Run.cs:line 251
</pre>
              </td>
            </tr>
            <tr>
              <td class="FT_TestName">PCE_StarterProject.Test_Stack_SmartArray_Basic.GetAtIndex(0)</td>
            </tr>
            <tr>
              <td class="FT_TestExplanation"><br><b>Error Message From The Test Itself:</b><br><pre>System.Exception : YOU NEED TO IMPLEMENT THIS!</pre><br><b>Stack Trace From The Test Itself:</b><br><pre>at PCE_StarterProject.SmartArray.GetAtIndex(Int32 idx, Int32&amp; val) in E:\Work\Website\Courses\BIT143\Lessons\Lesson_03\PCEs\PCE_03_VS_2010_NUnit_2_5_ExceptionHandling\03_PCE_StudentCode\Student_Answers.cs:line 103
at PCE_StarterProject.Test_SmartArray_Basic.GetAtIndex(Int32 index) in E:\Work\Website\Courses\BIT143\Lessons\Lesson_03\PCEs\PCE_03_VS_2010_NUnit_2_5_ExceptionHandling\02_PCE_ForTests\PCE_Tests_To_Run.cs:line 138
</pre>
              </td>
            </tr>
            <tr>
              <td class="FT_TestName">PCE_StarterProject.Test_Stack_SmartArray_Basic.GetAtIndex(1)</td>
            </tr>
            <tr>
              <td class="FT_TestExplanation"><br><b>Error Message From The Test Itself:</b><br><pre>System.Exception : YOU NEED TO IMPLEMENT THIS!</pre><br><b>Stack Trace From The Test Itself:</b><br><pre>at PCE_StarterProject.SmartArray.GetAtIndex(Int32 idx, Int32&amp; val) in E:\Work\Website\Courses\BIT143\Lessons\Lesson_03\PCEs\PCE_03_VS_2010_NUnit_2_5_ExceptionHandling\03_PCE_StudentCode\Student_Answers.cs:line 103
at PCE_StarterProject.Test_SmartArray_Basic.GetAtIndex(Int32 index) in E:\Work\Website\Courses\BIT143\Lessons\Lesson_03\PCEs\PCE_03_VS_2010_NUnit_2_5_ExceptionHandling\02_PCE_ForTests\PCE_Tests_To_Run.cs:line 138
</pre>
              </td>
            </tr>
            <tr>
              <td class="FT_TestName">PCE_StarterProject.Test_Stack_SmartArray_Basic.GetAtIndex(2)</td>
            </tr>
            <tr>
              <td class="FT_TestExplanation"><br><b>Error Message From The Test Itself:</b><br><pre>System.Exception : YOU NEED TO IMPLEMENT THIS!</pre><br><b>Stack Trace From The Test Itself:</b><br><pre>at PCE_StarterProject.SmartArray.GetAtIndex(Int32 idx, Int32&amp; val) in E:\Work\Website\Courses\BIT143\Lessons\Lesson_03\PCEs\PCE_03_VS_2010_NUnit_2_5_ExceptionHandling\03_PCE_StudentCode\Student_Answers.cs:line 103
at PCE_StarterProject.Test_SmartArray_Basic.GetAtIndex(Int32 index) in E:\Work\Website\Courses\BIT143\Lessons\Lesson_03\PCEs\PCE_03_VS_2010_NUnit_2_5_ExceptionHandling\02_PCE_ForTests\PCE_Tests_To_Run.cs:line 138
</pre>
              </td>
            </tr>
            <tr>
              <td class="FT_TestName">PCE_StarterProject.Test_Stack_SmartArray_Basic.GetAtIndex(3)</td>
            </tr>
            <tr>
              <td class="FT_TestExplanation"><br><b>Error Message From The Test Itself:</b><br><pre>System.Exception : YOU NEED TO IMPLEMENT THIS!</pre><br><b>Stack Trace From The Test Itself:</b><br><pre>at PCE_StarterProject.SmartArray.GetAtIndex(Int32 idx, Int32&amp; val) in E:\Work\Website\Courses\BIT143\Lessons\Lesson_03\PCEs\PCE_03_VS_2010_NUnit_2_5_ExceptionHandling\03_PCE_StudentCode\Student_Answers.cs:line 103
at PCE_StarterProject.Test_SmartArray_Basic.GetAtIndex(Int32 index) in E:\Work\Website\Courses\BIT143\Lessons\Lesson_03\PCEs\PCE_03_VS_2010_NUnit_2_5_ExceptionHandling\02_PCE_ForTests\PCE_Tests_To_Run.cs:line 138
</pre>
              </td>
            </tr>
            <tr>
              <td class="FT_TestName">PCE_StarterProject.Test_Stack_SmartArray_Basic.GetAtIndex(4)</td>
            </tr>
            <tr>
              <td class="FT_TestExplanation"><br><b>Error Message From The Test Itself:</b><br><pre>System.Exception : YOU NEED TO IMPLEMENT THIS!</pre><br><b>Stack Trace From The Test Itself:</b><br><pre>at PCE_StarterProject.SmartArray.GetAtIndex(Int32 idx, Int32&amp; val) in E:\Work\Website\Courses\BIT143\Lessons\Lesson_03\PCEs\PCE_03_VS_2010_NUnit_2_5_ExceptionHandling\03_PCE_StudentCode\Student_Answers.cs:line 103
at PCE_StarterProject.Test_SmartArray_Basic.GetAtIndex(Int32 index) in E:\Work\Website\Courses\BIT143\Lessons\Lesson_03\PCEs\PCE_03_VS_2010_NUnit_2_5_ExceptionHandling\02_PCE_ForTests\PCE_Tests_To_Run.cs:line 138
</pre>
              </td>
            </tr>
            <tr>
              <td class="FT_TestName">PCE_StarterProject.Test_Stack_SmartArray_Basic.GetAtIndex_OutOfBounds_Hi(5)</td>
            </tr>
            <tr>
              <td class="FT_TestExplanation"><br><b>Error Message From The Test Itself:</b><br><pre>System.Exception : YOU NEED TO IMPLEMENT THIS!</pre><br><b>Stack Trace From The Test Itself:</b><br><pre>at PCE_StarterProject.SmartArray.GetAtIndex(Int32 idx, Int32&amp; val) in E:\Work\Website\Courses\BIT143\Lessons\Lesson_03\PCEs\PCE_03_VS_2010_NUnit_2_5_ExceptionHandling\03_PCE_StudentCode\Student_Answers.cs:line 103
at PCE_StarterProject.Test_SmartArray_Basic.GetAtIndex_OutOfBounds_Hi(Int32 index) in E:\Work\Website\Courses\BIT143\Lessons\Lesson_03\PCEs\PCE_03_VS_2010_NUnit_2_5_ExceptionHandling\02_PCE_ForTests\PCE_Tests_To_Run.cs:line 154
</pre>
              </td>
            </tr>
            <tr>
              <td class="FT_TestName">PCE_StarterProject.Test_Stack_SmartArray_Basic.GetAtIndex_OutOfBounds_Hi(6)</td>
            </tr>
            <tr>
              <td class="FT_TestExplanation"><br><b>Error Message From The Test Itself:</b><br><pre>System.Exception : YOU NEED TO IMPLEMENT THIS!</pre><br><b>Stack Trace From The Test Itself:</b><br><pre>at PCE_StarterProject.SmartArray.GetAtIndex(Int32 idx, Int32&amp; val) in E:\Work\Website\Courses\BIT143\Lessons\Lesson_03\PCEs\PCE_03_VS_2010_NUnit_2_5_ExceptionHandling\03_PCE_StudentCode\Student_Answers.cs:line 103
at PCE_StarterProject.Test_SmartArray_Basic.GetAtIndex_OutOfBounds_Hi(Int32 index) in E:\Work\Website\Courses\BIT143\Lessons\Lesson_03\PCEs\PCE_03_VS_2010_NUnit_2_5_ExceptionHandling\02_PCE_ForTests\PCE_Tests_To_Run.cs:line 154
</pre>
              </td>
            </tr>
            <tr>
              <td class="FT_TestName">PCE_StarterProject.Test_Stack_SmartArray_Basic.GetAtIndex_OutOfBounds_Hi(10)</td>
            </tr>
            <tr>
              <td class="FT_TestExplanation"><br><b>Error Message From The Test Itself:</b><br><pre>System.Exception : YOU NEED TO IMPLEMENT THIS!</pre><br><b>Stack Trace From The Test Itself:</b><br><pre>at PCE_StarterProject.SmartArray.GetAtIndex(Int32 idx, Int32&amp; val) in E:\Work\Website\Courses\BIT143\Lessons\Lesson_03\PCEs\PCE_03_VS_2010_NUnit_2_5_ExceptionHandling\03_PCE_StudentCode\Student_Answers.cs:line 103
at PCE_StarterProject.Test_SmartArray_Basic.GetAtIndex_OutOfBounds_Hi(Int32 index) in E:\Work\Website\Courses\BIT143\Lessons\Lesson_03\PCEs\PCE_03_VS_2010_NUnit_2_5_ExceptionHandling\02_PCE_ForTests\PCE_Tests_To_Run.cs:line 154
</pre>
              </td>
            </tr>
            <tr>
              <td class="FT_TestName">PCE_StarterProject.Test_Stack_SmartArray_Basic.GetAtIndex_OutOfBounds_Lo(-1)</td>
            </tr>
            <tr>
              <td class="FT_TestExplanation"><br><b>Error Message From The Test Itself:</b><br><pre>System.Exception : YOU NEED TO IMPLEMENT THIS!</pre><br><b>Stack Trace From The Test Itself:</b><br><pre>at PCE_StarterProject.SmartArray.GetAtIndex(Int32 idx, Int32&amp; val) in E:\Work\Website\Courses\BIT143\Lessons\Lesson_03\PCEs\PCE_03_VS_2010_NUnit_2_5_ExceptionHandling\03_PCE_StudentCode\Student_Answers.cs:line 103
at PCE_StarterProject.Test_SmartArray_Basic.GetAtIndex_OutOfBounds_Lo(Int32 index) in E:\Work\Website\Courses\BIT143\Lessons\Lesson_03\PCEs\PCE_03_VS_2010_NUnit_2_5_ExceptionHandling\02_PCE_ForTests\PCE_Tests_To_Run.cs:line 168
</pre>
              </td>
            </tr>
            <tr>
              <td class="FT_TestName">PCE_StarterProject.Test_Stack_SmartArray_Basic.GetAtIndex_OutOfBounds_Lo(-2)</td>
            </tr>
            <tr>
              <td class="FT_TestExplanation"><br><b>Error Message From The Test Itself:</b><br><pre>System.Exception : YOU NEED TO IMPLEMENT THIS!</pre><br><b>Stack Trace From The Test Itself:</b><br><pre>at PCE_StarterProject.SmartArray.GetAtIndex(Int32 idx, Int32&amp; val) in E:\Work\Website\Courses\BIT143\Lessons\Lesson_03\PCEs\PCE_03_VS_2010_NUnit_2_5_ExceptionHandling\03_PCE_StudentCode\Student_Answers.cs:line 103
at PCE_StarterProject.Test_SmartArray_Basic.GetAtIndex_OutOfBounds_Lo(Int32 index) in E:\Work\Website\Courses\BIT143\Lessons\Lesson_03\PCEs\PCE_03_VS_2010_NUnit_2_5_ExceptionHandling\02_PCE_ForTests\PCE_Tests_To_Run.cs:line 168
</pre>
              </td>
            </tr>
            <tr>
              <td class="FT_TestName">PCE_StarterProject.Test_Stack_SmartArray_Basic.GetAtIndex_OutOfBounds_Lo(-10)</td>
            </tr>
            <tr>
              <td class="FT_TestExplanation"><br><b>Error Message From The Test Itself:</b><br><pre>System.Exception : YOU NEED TO IMPLEMENT THIS!</pre><br><b>Stack Trace From The Test Itself:</b><br><pre>at PCE_StarterProject.SmartArray.GetAtIndex(Int32 idx, Int32&amp; val) in E:\Work\Website\Courses\BIT143\Lessons\Lesson_03\PCEs\PCE_03_VS_2010_NUnit_2_5_ExceptionHandling\03_PCE_StudentCode\Student_Answers.cs:line 103
at PCE_StarterProject.Test_SmartArray_Basic.GetAtIndex_OutOfBounds_Lo(Int32 index) in E:\Work\Website\Courses\BIT143\Lessons\Lesson_03\PCEs\PCE_03_VS_2010_NUnit_2_5_ExceptionHandling\02_PCE_ForTests\PCE_Tests_To_Run.cs:line 168
</pre>
              </td>
            </tr>
            <tr>
              <td class="FT_TestName">PCE_StarterProject.Test_Stack_SmartArray_Basic.Set_Then_Get(0)</td>
            </tr>
            <tr>
              <td class="FT_TestExplanation"><br><b>Error Message From The Test Itself:</b><br><pre>System.Exception : YOU NEED TO IMPLEMENT THIS!</pre><br><b>Stack Trace From The Test Itself:</b><br><pre>at PCE_StarterProject.SmartArray.GetAtIndex(Int32 idx, Int32&amp; val) in E:\Work\Website\Courses\BIT143\Lessons\Lesson_03\PCEs\PCE_03_VS_2010_NUnit_2_5_ExceptionHandling\03_PCE_StudentCode\Student_Answers.cs:line 103
at PCE_StarterProject.Test_SmartArray_Basic.Set_Then_Get(Int32 index) in E:\Work\Website\Courses\BIT143\Lessons\Lesson_03\PCEs\PCE_03_VS_2010_NUnit_2_5_ExceptionHandling\02_PCE_ForTests\PCE_Tests_To_Run.cs:line 187
</pre>
              </td>
            </tr>
            <tr>
              <td class="FT_TestName">PCE_StarterProject.Test_Stack_SmartArray_Basic.Set_Then_Get(1)</td>
            </tr>
            <tr>
              <td class="FT_TestExplanation"><br><b>Error Message From The Test Itself:</b><br><pre>System.Exception : YOU NEED TO IMPLEMENT THIS!</pre><br><b>Stack Trace From The Test Itself:</b><br><pre>at PCE_StarterProject.SmartArray.GetAtIndex(Int32 idx, Int32&amp; val) in E:\Work\Website\Courses\BIT143\Lessons\Lesson_03\PCEs\PCE_03_VS_2010_NUnit_2_5_ExceptionHandling\03_PCE_StudentCode\Student_Answers.cs:line 103
at PCE_StarterProject.Test_SmartArray_Basic.Set_Then_Get(Int32 index) in E:\Work\Website\Courses\BIT143\Lessons\Lesson_03\PCEs\PCE_03_VS_2010_NUnit_2_5_ExceptionHandling\02_PCE_ForTests\PCE_Tests_To_Run.cs:line 187
</pre>
              </td>
            </tr>
            <tr>
              <td class="FT_TestName">PCE_StarterProject.Test_Stack_SmartArray_Basic.Set_Then_Get(2)</td>
            </tr>
            <tr>
              <td class="FT_TestExplanation"><br><b>Error Message From The Test Itself:</b><br><pre>System.Exception : YOU NEED TO IMPLEMENT THIS!</pre><br><b>Stack Trace From The Test Itself:</b><br><pre>at PCE_StarterProject.SmartArray.GetAtIndex(Int32 idx, Int32&amp; val) in E:\Work\Website\Courses\BIT143\Lessons\Lesson_03\PCEs\PCE_03_VS_2010_NUnit_2_5_ExceptionHandling\03_PCE_StudentCode\Student_Answers.cs:line 103
at PCE_StarterProject.Test_SmartArray_Basic.Set_Then_Get(Int32 index) in E:\Work\Website\Courses\BIT143\Lessons\Lesson_03\PCEs\PCE_03_VS_2010_NUnit_2_5_ExceptionHandling\02_PCE_ForTests\PCE_Tests_To_Run.cs:line 187
</pre>
              </td>
            </tr>
            <tr>
              <td class="FT_TestName">PCE_StarterProject.Test_Stack_SmartArray_Basic.Set_Then_Get(3)</td>
            </tr>
            <tr>
              <td class="FT_TestExplanation"><br><b>Error Message From The Test Itself:</b><br><pre>System.Exception : YOU NEED TO IMPLEMENT THIS!</pre><br><b>Stack Trace From The Test Itself:</b><br><pre>at PCE_StarterProject.SmartArray.GetAtIndex(Int32 idx, Int32&amp; val) in E:\Work\Website\Courses\BIT143\Lessons\Lesson_03\PCEs\PCE_03_VS_2010_NUnit_2_5_ExceptionHandling\03_PCE_StudentCode\Student_Answers.cs:line 103
at PCE_StarterProject.Test_SmartArray_Basic.Set_Then_Get(Int32 index) in E:\Work\Website\Courses\BIT143\Lessons\Lesson_03\PCEs\PCE_03_VS_2010_NUnit_2_5_ExceptionHandling\02_PCE_ForTests\PCE_Tests_To_Run.cs:line 187
</pre>
              </td>
            </tr>
            <tr>
              <td class="FT_TestName">PCE_StarterProject.Test_Stack_SmartArray_Basic.Set_Then_Get(4)</td>
            </tr>
            <tr>
              <td class="FT_TestExplanation"><br><b>Error Message From The Test Itself:</b><br><pre>System.Exception : YOU NEED TO IMPLEMENT THIS!</pre><br><b>Stack Trace From The Test Itself:</b><br><pre>at PCE_StarterProject.SmartArray.GetAtIndex(Int32 idx, Int32&amp; val) in E:\Work\Website\Courses\BIT143\Lessons\Lesson_03\PCEs\PCE_03_VS_2010_NUnit_2_5_ExceptionHandling\03_PCE_StudentCode\Student_Answers.cs:line 103
at PCE_StarterProject.Test_SmartArray_Basic.Set_Then_Get(Int32 index) in E:\Work\Website\Courses\BIT143\Lessons\Lesson_03\PCEs\PCE_03_VS_2010_NUnit_2_5_ExceptionHandling\02_PCE_ForTests\PCE_Tests_To_Run.cs:line 187
</pre>
              </td>
            </tr>
            <tr>
              <td class="FT_TestName">PCE_StarterProject.Test_Stack_SmartArray_Basic.SetAtIndex_InBounds(0)</td>
            </tr>
            <tr>
              <td class="FT_TestExplanation"><br><b>Error Message From The Test Itself:</b><br><pre>OverflowException was expected</pre><br><b>Stack Trace From The Test Itself:</b><br><pre>
              </pre>
              </td>
            </tr>
            <tr>
              <td class="FT_TestName">PCE_StarterProject.Test_Stack_SmartArray_Basic.SetAtIndex_InBounds(1)</td>
            </tr>
            <tr>
              <td class="FT_TestExplanation"><br><b>Error Message From The Test Itself:</b><br><pre>OverflowException was expected</pre><br><b>Stack Trace From The Test Itself:</b><br><pre>
              </pre>
              </td>
            </tr>
            <tr>
              <td class="FT_TestName">PCE_StarterProject.Test_Stack_SmartArray_Basic.SetAtIndex_InBounds(2)</td>
            </tr>
            <tr>
              <td class="FT_TestExplanation"><br><b>Error Message From The Test Itself:</b><br><pre>OverflowException was expected</pre><br><b>Stack Trace From The Test Itself:</b><br><pre>
              </pre>
              </td>
            </tr>
            <tr>
              <td class="FT_TestName">PCE_StarterProject.Test_Stack_SmartArray_Basic.SetAtIndex_InBounds(3)</td>
            </tr>
            <tr>
              <td class="FT_TestExplanation"><br><b>Error Message From The Test Itself:</b><br><pre>OverflowException was expected</pre><br><b>Stack Trace From The Test Itself:</b><br><pre>
              </pre>
              </td>
            </tr>
            <tr>
              <td class="FT_TestName">PCE_StarterProject.Test_Stack_SmartArray_Basic.SetAtIndex_InBounds(4)</td>
            </tr>
            <tr>
              <td class="FT_TestExplanation"><br><b>Error Message From The Test Itself:</b><br><pre>OverflowException was expected</pre><br><b>Stack Trace From The Test Itself:</b><br><pre>
              </pre>
              </td>
            </tr>
            <tr>
              <td class="FT_TestName">PCE_StarterProject.Test_Stack_SmartArray_Basic.SetAtIndex_OutOfBounds_Hi(5)</td>
            </tr>
            <tr>
              <td class="FT_TestExplanation"><br><b>Error Message From The Test Itself:</b><br><pre>PCE_StarterProject.OverflowException : Index is too high</pre><br><b>Stack Trace From The Test Itself:</b><br><pre>at PCE_StarterProject.SmartArray.SetAtIndex(Int32 idx, Int32 val) in E:\Work\Website\Courses\BIT143\Lessons\Lesson_03\PCEs\PCE_03_VS_2010_NUnit_2_5_ExceptionHandling\03_PCE_StudentCode\Student_Answers.cs:line 94
at PCE_StarterProject.Test_SmartArray_Basic.SetAtIndex_OutOfBounds_Hi(Int32 index) in E:\Work\Website\Courses\BIT143\Lessons\Lesson_03\PCEs\PCE_03_VS_2010_NUnit_2_5_ExceptionHandling\02_PCE_ForTests\PCE_Tests_To_Run.cs:line 53
</pre>
              </td>
            </tr>
            <tr>
              <td class="FT_TestName">PCE_StarterProject.Test_Stack_SmartArray_Basic.SetAtIndex_OutOfBounds_Hi(6)</td>
            </tr>
            <tr>
              <td class="FT_TestExplanation"><br><b>Error Message From The Test Itself:</b><br><pre>PCE_StarterProject.OverflowException : Index is too high</pre><br><b>Stack Trace From The Test Itself:</b><br><pre>at PCE_StarterProject.SmartArray.SetAtIndex(Int32 idx, Int32 val) in E:\Work\Website\Courses\BIT143\Lessons\Lesson_03\PCEs\PCE_03_VS_2010_NUnit_2_5_ExceptionHandling\03_PCE_StudentCode\Student_Answers.cs:line 94
at PCE_StarterProject.Test_SmartArray_Basic.SetAtIndex_OutOfBounds_Hi(Int32 index) in E:\Work\Website\Courses\BIT143\Lessons\Lesson_03\PCEs\PCE_03_VS_2010_NUnit_2_5_ExceptionHandling\02_PCE_ForTests\PCE_Tests_To_Run.cs:line 53
</pre>
              </td>
            </tr>
            <tr>
              <td class="FT_TestName">PCE_StarterProject.Test_Stack_SmartArray_Basic.SetAtIndex_OutOfBounds_Hi(10)</td>
            </tr>
            <tr>
              <td class="FT_TestExplanation"><br><b>Error Message From The Test Itself:</b><br><pre>PCE_StarterProject.OverflowException : Index is too high</pre><br><b>Stack Trace From The Test Itself:</b><br><pre>at PCE_StarterProject.SmartArray.SetAtIndex(Int32 idx, Int32 val) in E:\Work\Website\Courses\BIT143\Lessons\Lesson_03\PCEs\PCE_03_VS_2010_NUnit_2_5_ExceptionHandling\03_PCE_StudentCode\Student_Answers.cs:line 94
at PCE_StarterProject.Test_SmartArray_Basic.SetAtIndex_OutOfBounds_Hi(Int32 index) in E:\Work\Website\Courses\BIT143\Lessons\Lesson_03\PCEs\PCE_03_VS_2010_NUnit_2_5_ExceptionHandling\02_PCE_ForTests\PCE_Tests_To_Run.cs:line 53
</pre>
              </td>
            </tr>
            <tr>
              <td class="FT_TestName">PCE_StarterProject.Test_Stack_SmartArray_Basic.SetAtIndex_OutOfBounds_Lo(-1)</td>
            </tr>
            <tr>
              <td class="FT_TestExplanation"><br><b>Error Message From The Test Itself:</b><br><pre>PCE_StarterProject.UnderflowException : Index is too low</pre><br><b>Stack Trace From The Test Itself:</b><br><pre>at PCE_StarterProject.SmartArray.SetAtIndex(Int32 idx, Int32 val) in E:\Work\Website\Courses\BIT143\Lessons\Lesson_03\PCEs\PCE_03_VS_2010_NUnit_2_5_ExceptionHandling\03_PCE_StudentCode\Student_Answers.cs:line 92
at PCE_StarterProject.Test_SmartArray_Basic.SetAtIndex_OutOfBounds_Lo(Int32 index) in E:\Work\Website\Courses\BIT143\Lessons\Lesson_03\PCEs\PCE_03_VS_2010_NUnit_2_5_ExceptionHandling\02_PCE_ForTests\PCE_Tests_To_Run.cs:line 67
</pre>
              </td>
            </tr>
            <tr>
              <td class="FT_TestName">PCE_StarterProject.Test_Stack_SmartArray_Basic.SetAtIndex_OutOfBounds_Lo(-2)</td>
            </tr>
            <tr>
              <td class="FT_TestExplanation"><br><b>Error Message From The Test Itself:</b><br><pre>PCE_StarterProject.UnderflowException : Index is too low</pre><br><b>Stack Trace From The Test Itself:</b><br><pre>at PCE_StarterProject.SmartArray.SetAtIndex(Int32 idx, Int32 val) in E:\Work\Website\Courses\BIT143\Lessons\Lesson_03\PCEs\PCE_03_VS_2010_NUnit_2_5_ExceptionHandling\03_PCE_StudentCode\Student_Answers.cs:line 92
at PCE_StarterProject.Test_SmartArray_Basic.SetAtIndex_OutOfBounds_Lo(Int32 index) in E:\Work\Website\Courses\BIT143\Lessons\Lesson_03\PCEs\PCE_03_VS_2010_NUnit_2_5_ExceptionHandling\02_PCE_ForTests\PCE_Tests_To_Run.cs:line 67
</pre>
              </td>
            </tr>
            <tr>
              <td class="FT_TestName">PCE_StarterProject.Test_Stack_SmartArray_Basic.SetAtIndex_OutOfBounds_Lo(-10)</td>
            </tr>
            <tr>
              <td class="FT_TestExplanation"><br><b>Error Message From The Test Itself:</b><br><pre>PCE_StarterProject.UnderflowException : Index is too low</pre><br><b>Stack Trace From The Test Itself:</b><br><pre>at PCE_StarterProject.SmartArray.SetAtIndex(Int32 idx, Int32 val) in E:\Work\Website\Courses\BIT143\Lessons\Lesson_03\PCEs\PCE_03_VS_2010_NUnit_2_5_ExceptionHandling\03_PCE_StudentCode\Student_Answers.cs:line 92
at PCE_StarterProject.Test_SmartArray_Basic.SetAtIndex_OutOfBounds_Lo(Int32 index) in E:\Work\Website\Courses\BIT143\Lessons\Lesson_03\PCEs\PCE_03_VS_2010_NUnit_2_5_ExceptionHandling\02_PCE_ForTests\PCE_Tests_To_Run.cs:line 67
</pre>
              </td>
            </tr>
            <tr>
              <td class="FT_TestName">PCE_StarterProject.Test_Stack_SmartArray_Basic.Test_SmartArray_Basic.Find_Zero</td>
            </tr>
            <tr>
              <td class="FT_TestExplanation"><br><b>Error Message From The Test Itself:</b><br><pre>System.Exception : YOU NEED TO IMPLEMENT THIS!</pre><br><b>Stack Trace From The Test Itself:</b><br><pre>at PCE_StarterProject.SmartArray.Find(Int32 val) in E:\Work\Website\Courses\BIT143\Lessons\Lesson_03\PCEs\PCE_03_VS_2010_NUnit_2_5_ExceptionHandling\03_PCE_StudentCode\Student_Answers.cs:line 115
at PCE_StarterProject.Test_SmartArray_Basic.Find_Zero() in E:\Work\Website\Courses\BIT143\Lessons\Lesson_03\PCEs\PCE_03_VS_2010_NUnit_2_5_ExceptionHandling\02_PCE_ForTests\PCE_Tests_To_Run.cs:line 227
</pre>
              </td>
            </tr>
            <tr>
              <td class="FT_TestName">PCE_StarterProject.Test_Stack_SmartArray_Basic.Test_SmartArray_Basic.Print_All_Elts_Empty</td>
            </tr>
            <tr>
              <td class="FT_TestExplanation"><br><b>Error Message From The Test Itself:</b><br><pre>System.Exception : YOU NEED TO IMPLEMENT THIS!</pre><br><b>Stack Trace From The Test Itself:</b><br><pre>at PCE_StarterProject.SmartArray.PrintAllElements() in E:\Work\Website\Courses\BIT143\Lessons\Lesson_03\PCEs\PCE_03_VS_2010_NUnit_2_5_ExceptionHandling\03_PCE_StudentCode\Student_Answers.cs:line 110
at PCE_StarterProject.Test_SmartArray_Basic.Print_All_Elts_Empty() in E:\Work\Website\Courses\BIT143\Lessons\Lesson_03\PCEs\PCE_03_VS_2010_NUnit_2_5_ExceptionHandling\02_PCE_ForTests\PCE_Tests_To_Run.cs:line 82
</pre>
              </td>
            </tr>
            <tr>
              <td class="FT_TestName">PCE_StarterProject.Test_Stack_SmartArray_Basic.Test_SmartArray_Basic.Print_All_Elts_Set</td>
            </tr>
            <tr>
              <td class="FT_TestExplanation"><br><b>Error Message From The Test Itself:</b><br><pre>System.Exception : YOU NEED TO IMPLEMENT THIS!</pre><br><b>Stack Trace From The Test Itself:</b><br><pre>at PCE_StarterProject.SmartArray.PrintAllElements() in E:\Work\Website\Courses\BIT143\Lessons\Lesson_03\PCEs\PCE_03_VS_2010_NUnit_2_5_ExceptionHandling\03_PCE_StudentCode\Student_Answers.cs:line 110
at PCE_StarterProject.Test_SmartArray_Basic.Print_All_Elts_Set() in E:\Work\Website\Courses\BIT143\Lessons\Lesson_03\PCEs\PCE_03_VS_2010_NUnit_2_5_ExceptionHandling\02_PCE_ForTests\PCE_Tests_To_Run.cs:line 116
</pre>
              </td>
            </tr>
            <tr>
              <td class="FT_TestName">PCE_StarterProject.Test_Stack_SmartArray_Basic.Test_SmartArray_Basic.Set_All_Then_Find</td>
            </tr>
            <tr>
              <td class="FT_TestExplanation"><br><b>Error Message From The Test Itself:</b><br><pre>System.Exception : YOU NEED TO IMPLEMENT THIS!</pre><br><b>Stack Trace From The Test Itself:</b><br><pre>at PCE_StarterProject.SmartArray.getSize() in E:\Work\Website\Courses\BIT143\Lessons\Lesson_03\PCEs\PCE_03_VS_2010_NUnit_2_5_ExceptionHandling\03_PCE_StudentCode\Student_Answers.cs:line 121
at PCE_StarterProject.Test_SmartArray_Basic.Set_All_Then_Find() in E:\Work\Website\Courses\BIT143\Lessons\Lesson_03\PCEs\PCE_03_VS_2010_NUnit_2_5_ExceptionHandling\02_PCE_ForTests\PCE_Tests_To_Run.cs:line 263
</pre>
              </td>
            </tr>
            <tr>
              <td class="FT_TestName">PCE_StarterProject.Test_Stack_SmartArray_Basic.Test_SmartArray_Basic.Set_All_Then_Get_All</td>
            </tr>
            <tr>
              <td class="FT_TestExplanation"><br><b>Error Message From The Test Itself:</b><br><pre>System.Exception : YOU NEED TO IMPLEMENT THIS!</pre><br><b>Stack Trace From The Test Itself:</b><br><pre>at PCE_StarterProject.SmartArray.getSize() in E:\Work\Website\Courses\BIT143\Lessons\Lesson_03\PCEs\PCE_03_VS_2010_NUnit_2_5_ExceptionHandling\03_PCE_StudentCode\Student_Answers.cs:line 121
at PCE_StarterProject.Test_SmartArray_Basic.Set_All_Then_Get_All() in E:\Work\Website\Courses\BIT143\Lessons\Lesson_03\PCEs\PCE_03_VS_2010_NUnit_2_5_ExceptionHandling\02_PCE_ForTests\PCE_Tests_To_Run.cs:line 204
</pre>
              </td>
            </tr>
            <tr>
              <td class="FT_TestName">PCE_StarterProject.Test_Stack_SmartArray_Basic.Test_SmartArray_Basic.Test_Get_Size</td>
            </tr>
            <tr>
              <td class="FT_TestExplanation"><br><b>Error Message From The Test Itself:</b><br><pre>System.Exception : YOU NEED TO IMPLEMENT THIS!</pre><br><b>Stack Trace From The Test Itself:</b><br><pre>at PCE_StarterProject.SmartArray.getSize() in E:\Work\Website\Courses\BIT143\Lessons\Lesson_03\PCEs\PCE_03_VS_2010_NUnit_2_5_ExceptionHandling\03_PCE_StudentCode\Student_Answers.cs:line 121
at PCE_StarterProject.Test_SmartArray_Basic.Test_Get_Size() in E:\Work\Website\Courses\BIT143\Lessons\Lesson_03\PCEs\PCE_03_VS_2010_NUnit_2_5_ExceptionHandling\02_PCE_ForTests\PCE_Tests_To_Run.cs:line 236
</pre>
              </td>
            </tr>
          </table>
        </td>
      </tr>
      <tr>
        <td colspan="2">
          <div class="PassedTests">Passed Tests</div>
        </td>
      </tr>
      <tr>
        <td colspan="2"> There are no passed tests</td>
      </tr>
      <tr>
        <td colspan="2">
          <div class="ExerciseTitle">Test_StackOfInts</div>
        </td>
      </tr>
      <tr>
        <td>
          <div class="FailedTests">Failed Tests</div>
        </td>
        <td class="FT_PointPenalty">Point Penalty</td>
      </tr>
      <tr>
        <td class="FT_GradingCategory">                        Grading Category: 
						<i>StackOfInts</i></td>
        <td class="FT_PointPenalty">-2</td>
      </tr>
      <tr>
        <td class="FT_Explanation" colspan="2">
    There is a problem with your "StackOfInts" exercise (specifically with the Stack
    functionality, and not the basic SmartArray functionality)
   </td>
      </tr>
      <tr>
        <td colspan="2" style="border-top-width:0px">                    This penalty was triggered by the failure of the following tests:
					<table class="FT_ListOfTests">
            <tr>
              <td></td>
            </tr>
            <tr>
              <td class="FT_TestName">PCE_StarterProject.Test_StackOfInts.Test_IsEmpty_After_Creation</td>
            </tr>
            <tr>
              <td class="FT_TestExplanation"><br><b>Error Message From The Test Itself:</b><br><pre>  TEST FAILED: NEWLY CREATED STACK IS NOT EMPTY!!
  Expected: True
  But was:  False
</pre><br><b>Stack Trace From The Test Itself:</b><br><pre>at PCE_StarterProject.Test_StackOfInts.Test_IsEmpty_After_Creation() in E:\Work\Website\Courses\BIT143\Lessons\Lesson_03\PCEs\PCE_03_VS_2010_NUnit_2_5_ExceptionHandling\02_PCE_ForTests\PCE_Tests_To_Run.cs:line 321
</pre>
              </td>
            </tr>
            <tr>
              <td class="FT_TestName">PCE_StarterProject.Test_StackOfInts.Test_IsEmpty_After_Multiple_PushPops</td>
            </tr>
            <tr>
              <td class="FT_TestExplanation"><br><b>Error Message From The Test Itself:</b><br><pre>  TEST FAILED: Can't push (11) onto an empty stack!
  Expected: True
  But was:  False
</pre><br><b>Stack Trace From The Test Itself:</b><br><pre>at PCE_StarterProject.Test_StackOfInts.Test_IsEmpty_After_Multiple_PushPops() in E:\Work\Website\Courses\BIT143\Lessons\Lesson_03\PCEs\PCE_03_VS_2010_NUnit_2_5_ExceptionHandling\02_PCE_ForTests\PCE_Tests_To_Run.cs:line 360
</pre>
              </td>
            </tr>
            <tr>
              <td class="FT_TestName">PCE_StarterProject.Test_StackOfInts.Test_IsEmpty_After_Push</td>
            </tr>
            <tr>
              <td class="FT_TestExplanation"><br><b>Error Message From The Test Itself:</b><br><pre>  TEST FAILED: Can't push 10 onto an empty stack!
  Expected: True
  But was:  False
</pre><br><b>Stack Trace From The Test Itself:</b><br><pre>at PCE_StarterProject.Test_StackOfInts.Test_IsEmpty_After_Push() in E:\Work\Website\Courses\BIT143\Lessons\Lesson_03\PCEs\PCE_03_VS_2010_NUnit_2_5_ExceptionHandling\02_PCE_ForTests\PCE_Tests_To_Run.cs:line 331
</pre>
              </td>
            </tr>
            <tr>
              <td class="FT_TestName">PCE_StarterProject.Test_StackOfInts.Test_IsEmpty_After_Push_Pop</td>
            </tr>
            <tr>
              <td class="FT_TestExplanation"><br><b>Error Message From The Test Itself:</b><br><pre>  TEST FAILED: Can't push 11 onto an empty stack!
  Expected: True
  But was:  False
</pre><br><b>Stack Trace From The Test Itself:</b><br><pre>at PCE_StarterProject.Test_StackOfInts.Test_IsEmpty_After_Push_Pop() in E:\Work\Website\Courses\BIT143\Lessons\Lesson_03\PCEs\PCE_03_VS_2010_NUnit_2_5_ExceptionHandling\02_PCE_ForTests\PCE_Tests_To_Run.cs:line 344
</pre>
              </td>
            </tr>
            <tr>
              <td class="FT_TestName">PCE_StarterProject.Test_StackOfInts.Test_PushPopPeek_Basic</td>
            </tr>
            <tr>
              <td class="FT_TestExplanation"><br><b>Error Message From The Test Itself:</b><br><pre>  TEST FAILED: Unable to push 1 onto stack!
  Expected: True
  But was:  False
</pre><br><b>Stack Trace From The Test Itself:</b><br><pre>at PCE_StarterProject.Test_StackOfInts.Test_PushPopPeek_Basic() in E:\Work\Website\Courses\BIT143\Lessons\Lesson_03\PCEs\PCE_03_VS_2010_NUnit_2_5_ExceptionHandling\02_PCE_ForTests\PCE_Tests_To_Run.cs:line 411
</pre>
              </td>
            </tr>
          </table>
        </td>
      </tr>
      <tr>
        <td colspan="2">
          <div class="PassedTests">Passed Tests</div>
        </td>
      </tr>
      <tr>
        <td colspan="2"> There are no passed tests</td>
      </tr>
    </table>
    <p>
      <font size="+2"><b>			  Raw Grade:
							0</b></font>
    </p>
    <font size="+2">+2 bonus (if you get 6 points or higher)</font>
    <div class="OverallGrade">                    Overall Grade:
					0</div>
    <div class="MaxGrade">                    (Possible grades range from 
					010</div>
    <div class="Disclaimer"><b><u>Note:</u></b>
		  The instructor reserves the right to go through your
		  program and verify the correctness of any of your work.
		  This includes (but is not limited to) both checking for 
		  attempts to 'crack the tests', as well as re-examining
		  code from failed tests.  
		  Therefore, the grade you see listed here may (or may not)
		  be your final grade, after you hand it in.
	  </div>
  </body>
</html>